FHIR IG Publisher Version 2.0.27 (Git# 07050daf807f). Built 2025-11-28T20:03:59.255Z (4 days old)
Detected Java version: 25.0.1 from /opt/java/openjdk on amd64 (64bit). 4000MB available
dir = /__w/implementation-guide/implementation-guide, path = /opt/java/openjdk/bin:/usr/local/sbin:/usr/local/bin:/usr/sbin:/usr/bin:/sbin:/bin
Parameters: -go-publish -source ig/ -web web/ -registry registry/fhir-ig-list.json -history history/ -templates web/templates
---------------
Publication Run: publish ig/ to web/
Publication URL of 'https://kip.rkkp.dk/fhir' is not consistent with the required base URL of 'https://kip.sundk.dk'
Relative directory for IG is '/fhir'
===== Web Publication Run Details ===============================
 Source IG: dk.kip.rkkp.fhir.ig.core#2.15.0 : https://kip.rkkp.dk/fhir (R4) from ig/
All checks passed. Do the publication build from /__w/implementation-guide/implementation-guide/ig and publish to /tmp/web-root/run-20251203/fhir
Prepare Build space in /tmp/ig-builds/dk.kip.rkkp.fhir.ig.core#2.15.0
Build IG at /__w/implementation-guide/implementation-guide/ig: final copy suitable for publication (in /tmp/ig-builds/dk.kip.rkkp.fhir.ig.core#2.15.0)
FHIR IG Publisher Version 2.0.27 (Git# 07050daf807f). Built 2025-11-28T20:03:59.255Z (4 days old)   
Detected Java version: 25.0.1 from /opt/java/openjdk on Linux/amd64 (64bit). 4000MB available       
dir = /__w/implementation-guide/implementation-guide, path = /opt/java/openjdk/bin:/usr/local/sbin:/usr/local/bin:/usr/sbin:/usr/bin:/sbin:/bin
Parameters: -publish https://kip.rkkp.dk/fhir/2.15.0 -no-exit -ig /tmp/ig-builds/dk.kip.rkkp.fhir.ig.core#2.15.0 -resetTx
Character encoding = UTF-8 / UTF-8                                                                  
Start Clock @ Wednesday, December 3, 2025, 9:09:34 AM Coordinated Universal Time (2025-12-03T09:09:34Z)
                                                                                                    
Build FHIR IG from /tmp/ig-builds/dk.kip.rkkp.fhir.ig.core#2.15.0                                    (00:00.023 / 00:00.024, 124Mb)
Build Formal Publication package, intended for https://kip.rkkp.dk/fhir/2.15.0                       (00:00.002 / 00:00.026, 124Mb)
API keys loaded from /root/.fhir/fhir-settings.json                                                  (00:00.000 / 00:00.027, 124Mb)
Package Cache: /root/.fhir/packages                                                                  (00:00.003 / 00:00.030, 125Mb)
Run Sushi on /tmp/ig-builds/dk.kip.rkkp.fhir.ig.core#2.15.0                                          (00:00.002 / 00:00.033, 125Mb)
Sushi: info  Running SUSHI v3.16.5 (implements FHIR Shorthand specification v3.0.0)                  (00:00.459 / 00:00.493, 128Mb)
Sushi: info  Arguments:                                                                              (00:00.000 / 00:00.494, 128Mb)
Sushi: info    --require-latest                                                                      (00:00.000 / 00:00.494, 128Mb)
Sushi: info    --out /tmp/ig-builds/dk.kip.rkkp.fhir.ig.core#2.15.0                                  (00:00.000 / 00:00.495, 128Mb)
Sushi: info    /tmp/ig-builds/dk.kip.rkkp.fhir.ig.core#2.15.0                                        (00:00.000 / 00:00.496, 128Mb)
Sushi: info  Using configuration file: /tmp/ig-builds/dk.kip.rkkp.fhir.ig.core#2.15.0/sushi-config.yaml (00:00.618 / 00:01.115, 128Mb)
Sushi: info  Importing FSH text...                                                                   (00:00.093 / 00:01.208, 128Mb)
Sushi: info  Preprocessed 1000 documents with 11 aliases.                                            (00:01.321 / 00:02.529, 128Mb)
Sushi: info  Imported 986 definitions and 13 instances.                                              (00:00.160 / 00:02.690, 128Mb)
Sushi: warn  Detected FSH entity definitions with duplicate names. While FSH allows for duplicate names across entity types, they can lead to ambiguous results when referring to these entities by name elsewhere (e.g., in references). Consider using unique names in FSH declarations and assigning duplicated names using caret assignment rules instead. Detected duplicate names: QuestionnaireResponseResponsibleOnCarePlan, CarePlanReadOrWriteAccess, AktuelSygdomsforlob, AnasthesiaService, AnasthesiaTypeGen, AnnArborStagingClassification, BinetStagingSystem, BiobankSamples, BulkingMaterialeDUGA, CentralBlock, ClinicalProtocolCodes, ClinicalProtocolNotParticipated, Competence, CoronaryArteryGraph, Cyclus, CytogeneticChanges, CytogeneticExamination, DHDeksklusionskriterie, PRDcodes, Faggruppe, GenoplivStoppet, Genoplivning, GynUndersoegDUGA, HaemoglobinTransf4, HeartRhythm, HjertestopAarsag, HuntHessClassification, IkkeBesvaret, ImplantattypeDUGA, Interventionsforloeb, Intubation, IntubationRelaks, KliniskeSymptomerDCCG, KorsbaandEjBevaret, LaryngoskopiDegree, LifeStatus, MedicalScanningTypes, MedicinDANARREST, MolecularRemission, MorsDiagnosegrupper, MuligVanskeligUmulig, NYHA, Operationserfaring, PreoperativTemplating, Priority, RadiologicalBoneChanges, ReferredForTraining, Regioner, Rytme1Obs, ScoreCentralBlock, SlyngeDUGA, SmerteKvalme, StopTeam, TreatmentMethodMRD, TreatmentRegimen, TrombektomiPerfusion, UdskrevetTil, UndersoegelsesTypeDUGA. (00:00.137 / 00:02.827, 128Mb)
Sushi: info  Loaded virtual package sushi-r5forR4#1.0.0 with 7 resources                             (00:00.068 / 00:02.895, 128Mb)
Sushi: info  Resolved hl7.fhir.uv.tools.r4#latest to concrete version 0.8.0                          (00:00.549 / 00:03.444, 128Mb)
Sushi: info  Loaded hl7.fhir.uv.tools.r4#0.8.0 with 110 resources                                    (00:00.044 / 00:03.489, 128Mb)
Sushi: info  Resolved hl7.terminology.r4#latest to concrete version 7.0.0                            (00:00.119 / 00:03.608, 128Mb)
Sushi: info  Loaded hl7.terminology.r4#7.0.0 with 4096 resources                                     (00:01.004 / 00:04.612, 128Mb)
Sushi: info  Resolved hl7.fhir.uv.extensions.r4#latest to concrete version 5.2.0                     (00:00.128 / 00:04.741, 128Mb)
Sushi: info  Loaded hl7.fhir.uv.extensions.r4#5.2.0 with 759 resources                               (00:00.180 / 00:04.928, 128Mb)
Sushi: info  Loaded hl7.fhir.dk.core#2.0.0 with 36 resources                                         (00:00.023 / 00:04.945, 128Mb)
Sushi: info  Loaded hl7.fhir.r4.core#4.0.1 with 4581 resources                                       (00:00.912 / 00:05.857, 128Mb)
Sushi: info  Loaded virtual package sushi-local#LOCAL with 0 resources                               (00:00.005 / 00:05.863, 128Mb)
Sushi: info  Converting FSH to FHIR resources...                                                     (00:00.015 / 00:05.879, 128Mb)
Sushi: info  Converted 11 FHIR StructureDefinitions.                                                 (00:00.489 / 00:06.368, 128Mb)
Sushi: info  Converted 264 FHIR CodeSystems.                                                         (00:08.500 / 00:14.869, 128Mb)
Sushi: info  Converted 711 FHIR ValueSets.                                                           (00:16.540 / 00:31.410, 128Mb)
Sushi: info  Converted 13 FHIR instances.                                                            (00:00.230 / 00:31.640, 128Mb)
Sushi: info  Exporting FHIR resources as JSON...                                                     (00:00.001 / 00:31.641, 128Mb)
Sushi: info  Exported 999 FHIR resources as JSON.                                                    (00:00.132 / 00:31.774, 128Mb)
Sushi: info  Assembling Implementation Guide sources...                                              (00:00.016 / 00:31.790, 128Mb)
Sushi: info  Generated ImplementationGuide-dk.kip.rkkp.fhir.ig.core.json                             (00:00.030 / 00:31.821, 128Mb)
Sushi: info  Assembled Implementation Guide sources; ready for IG Publisher.                         (00:00.001 / 00:31.822, 128Mb)
Sushi: ========================= SUSHI RESULTS ===========================                           (00:00.001 / 00:31.823, 128Mb)
Sushi: |  -------------------------------------------------------------  |                           (00:00.001 / 00:31.824, 128Mb)
Sushi: | |    Profiles   |  Extensions  |   Logicals   |   Resources   | |                           (00:00.001 / 00:31.825, 128Mb)
Sushi: | |-------------------------------------------------------------| |                           (00:00.000 / 00:31.826, 128Mb)
Sushi: | |       0       |      11      |      0       |       0       | |                           (00:00.000 / 00:31.827, 128Mb)
Sushi: |  -------------------------------------------------------------  |                           (00:00.000 / 00:31.828, 128Mb)
Sushi: |  -------------------------------------------------------------  |                           (00:00.000 / 00:31.828, 128Mb)
Sushi: | |      ValueSets     |    CodeSystems    |     Instances      | |                           (00:00.000 / 00:31.829, 128Mb)
Sushi: | |-------------------------------------------------------------| |                           (00:00.000 / 00:31.830, 128Mb)
Sushi: | |        711         |        264        |         13         | |                           (00:00.000 / 00:31.831, 128Mb)
Sushi: |  -------------------------------------------------------------  |                           (00:00.000 / 00:31.832, 128Mb)
Sushi: |                                                                 |                           (00:00.000 / 00:31.833, 128Mb)
Sushi: ===================================================================                           (00:00.000 / 00:31.834, 128Mb)
Sushi: | Don't be koi about asking for help.    0 Errors       1 Warning |                           (00:00.000 / 00:31.835, 128Mb)
Sushi: ===================================================================                           (00:00.000 / 00:31.836, 128Mb)
Root directory: /tmp/ig-builds/dk.kip.rkkp.fhir.ig.core#2.15.0                                       (00:00.036 / 00:31.872, 128Mb)
Unable to load IG as an r5 IG - try R4 (property code is a class com.google.gson.JsonPrimitive looking for an object) (00:00.444 / 00:32.316, 60Mb)
Load Template from fhir.base.template#current                                                        (00:00.588 / 00:32.905, 33Mb)
Scanning directory: /tmp/ig-builds/dk.kip.rkkp.fhir.ig.core#2.15.0/template
======================================================================
Terminology Cache is at /tmp/ig-builds/dk.kip.rkkp.fhir.ig.core#2.15.0/input-cache/txcache. Clearing now (00:05.273 / 00:38.178, 226Mb)
Core Package hl7.fhir.r4.core#4.0.1                                                                  (00:00.001 / 00:38.180, 226Mb)
Running Terminology Log: /tmp/ohfu-fhir-ig-5929397361740161639.html
Connect to Terminology Server at http://tx.fhir.org                                                  (00:03.760 / 00:41.940, 262Mb)
[39mLoad Package hl7.fhir.pubpack#0.2.3
[0;39m[39mLoad Package hl7.fhir.xver-extensions#0.1.0
[0;39m[39mLoad Package hl7.terminology.r4#7.0.0
[0;39m[39mLoad Package hl7.fhir.uv.extensions.r4#5.2.0
[0;39m[39mLoad Package hl7.terminology.r4#3.1.0
[0;39m[39mLoad Package hl7.fhir.dk.core#2.0.0
[0;39m[39mLoad Package hl7.fhir.uv.tools.r4#0.8.0
[0;39mLoad R5 Specials
Initialization complete                                                                              (00:09.572 / 00:51.512, 657Mb)
Load IG                                                                                              (00:00.000 / 00:51.513, 657Mb)
Load Content                                                                                         (00:00.003 / 00:51.516, 657Mb)
Using en-US as the default narrative language. (no language information in Implementation Guide)     (00:00.169 / 00:51.685, 702Mb)
Process Loaded Resources                                                                             (00:03.244 / 00:54.930, 403Mb)
Generating Snapshots                                                                                 (00:02.101 / 00:57.031, 512Mb)

Signing Certificate: RSA key for Subject: OU=IG Publisher, L=Ann Arbor, CN=hl7.org, O=HL7, ST=Missouri, C=us from: OU=IG Publisher, L=Ann Arbor, CN=hl7.org, O=HL7, ST=Missouri, C=us
Fetch https://kip.rkkp.dk/fhir/package-list.json for version check                                   (00:00.229 / 00:57.261, 538Mb)
Checking Language                                                                                    (00:00.423 / 00:57.685, 638Mb)
Load Dependency Info                                                                                 (00:00.020 / 00:57.705, 642Mb)
Load Info                                                                                            (00:00.004 / 00:57.710, 643Mb)
Load Paths                                                                                           (00:00.002 / 00:57.712, 644Mb)
Check R4 / R4B                                                                                       (00:00.001 / 00:57.713, 644Mb)
Assign Comparison Ids                                                                                (00:00.233 / 00:57.947, 490Mb)
Propagating status                                                                                   (00:00.001 / 00:57.949, 490Mb)
Generating Narratives                                                                                (00:00.000 / 00:57.950, 490Mb)
Validating Conformance Resources                                                                     (00:03.759 / 01:01.710, 1016Mb)
Check profiles & code systems                                                                        (00:10.078 / 01:11.788, 819Mb)
Check realm rules                                                                                    (00:00.006 / 01:11.794, 820Mb)
Previous Version Comparison                                                                          (00:00.001 / 01:11.796, 820Mb)
Checking for Bundles to sign                                                                         (00:00.033 / 01:11.830, 829Mb)
Validating Resources                                                                                 (00:00.001 / 01:11.831, 829Mb)
Processing Provenance Records                                                                        (00:00.167 / 01:11.999, 874Mb)
Generating Outputs in /tmp/ig-builds/dk.kip.rkkp.fhir.ig.core#2.15.0/output                          (00:00.001 / 01:12.001, 874Mb)
Generate Native Outputs                                                                              (00:00.359 / 01:12.360, 1Gb)
Run Template                                                                                         (00:17.726 / 01:30.087, 1Gb)
Generate HTML Outputs                                                                                (00:01.871 / 01:31.959, 929Mb)
Generate Spreadsheets                                                                                (00:24.120 / 01:56.080, 1Gb)
Generate Summaries                                                                                   (00:00.788 / 01:56.868, 1Gb)
Generating Summary Outputs                                                                           (00:00.000 / 01:56.869, 1Gb)
Table of contents has a section with more than 222 entries.  Collapsing will not work reliably
DB Cumulative Time invested: 00:00:11.668
Sending Usage Stats to Server                                                                        (00:15.385 / 02:12.255, 1Gb)
## Memory (MB): Use = 1621, Free = 132, Total = 1754, Max = 4000                                     (00:00.002 / 02:12.257, 1Gb)
Reclaiming memory...                                                                                 (00:00.001 / 02:12.258, 1Gb)
## Memory (MB): Use = 811, Free = 942, Total = 1754, Max = 4000                                      (00:00.923 / 02:13.182, 812Mb)
Run jekyll: jekyll build --destination "/tmp/ig-builds/dk.kip.rkkp.fhir.ig.core#2.15.0/output" (in folder /tmp/ig-builds/dk.kip.rkkp.fhir.ig.core#2.15.0/temp/pages) (00:00.002 / 02:13.184, 812Mb)
Troubleshooting Note: usual cases for Jekyll to fail are:                                            (00:00.001 / 02:13.186, 812Mb)
* A failure to produce a fragment that is already logged in the output above                         (00:00.000 / 02:13.187, 812Mb)
* A reference to a manually edited file that hasn't been provided                                    (00:00.000 / 02:13.188, 812Mb)
Jekyll: Source: /tmp/ig-builds/dk.kip.rkkp.fhir.ig.core#2.15.0/temp/pages                            (00:00.457 / 02:13.645, 815Mb)
Jekyll: Generating...                                                                                (00:00.000 / 02:13.646, 815Mb)
Jekyll: done in 17.475 seconds.                                                                      (00:17.474 / 02:31.120, 816Mb)
[39m
[0;39m[39mInstalling dk.kip.rkkp.fhir.ig.core#2.15.0
[0;39m[39m done.
[0;39mChecking Output HTML                                                                                 (00:04.109 / 02:35.230, 1Gb)
Processed /tmp/ig-builds/dk.kip.rkkp.fhir.ig.core#2.15.0/output - % reduction = 97 (137001875 ==> 4178057)
found 11585 files                                                                                    (00:04.509 / 02:39.739, 888Mb)
........................................
........................................
  ... 11585 html files, 0 pages invalid xhtml (0%)                                                   (00:34.637 / 03:14.376, 858Mb)
  ... 416256 links, 11 broken links (0%)                                                             (00:00.001 / 03:14.377, 858Mb)
Generate fragment-usage-analysis.csv                                                                 (00:00.000 / 03:14.378, 858Mb)
Build final .zip                                                                                     (00:00.009 / 03:14.388, 859Mb)
Final .zip built                                                                                     (00:06.192 / 03:20.580, 1Gb)
Built. Times: loading: 00:06.169, generate: 02:25.944, narrative generation: 00:03.758, realm-rules: 00:00.001, previous-version: 00:00.000, jekyll: 00:18.096, validation: 00:10.047 (#1000), template: 00:01.880 (#3) (00:03.049 / 03:23.630, 1Gb)
Generating QA                                                                                        (00:00.002 / 03:23.632, 1Gb)
Validation output in /tmp/ig-builds/dk.kip.rkkp.fhir.ig.core#2.15.0/output/qa.html
Errors: 17, Warnings: 537, Info: 3369, Broken Links: 11 (00:02.228 / 03:25.861, 923Mb)
Finished @ 12/3/25, 9:13 AM. Max Memory Used = 1Gb. Log file saved in /tmp/fhir-ig-publisher-tmp.log (00:00.079 / 03:25.941, 955Mb)
Prepare Build space in /tmp/ig-builds/dk.kip.rkkp.fhir.ig.core#2.15.0-milestone
Build IG at /__w/implementation-guide/implementation-guide/ig: final copy suitable for publication (in /tmp/ig-builds/dk.kip.rkkp.fhir.ig.core#2.15.0-milestone) (milestone build)
FHIR IG Publisher Version 2.0.27 (Git# 07050daf807f). Built 2025-11-28T20:03:59.255Z (4 days old)   
Detected Java version: 25.0.1 from /opt/java/openjdk on Linux/amd64 (64bit). 4000MB available       
dir = /__w/implementation-guide/implementation-guide, path = /opt/java/openjdk/bin:/usr/local/sbin:/usr/local/bin:/usr/sbin:/usr/bin:/sbin:/bin
Parameters: -publish https://kip.rkkp.dk/fhir/2.15.0 -no-exit -ig /tmp/ig-builds/dk.kip.rkkp.fhir.ig.core#2.15.0-milestone -milestone
Character encoding = UTF-8 / UTF-8                                                                  
Start Clock @ Wednesday, December 3, 2025, 9:13:12 AM Coordinated Universal Time (2025-12-03T09:13:12Z)
                                                                                                    
Build FHIR IG from /tmp/ig-builds/dk.kip.rkkp.fhir.ig.core#2.15.0-milestone                          (00:00.002 / 00:00.002, 1Gb)
Build Formal Publication package, intended for https://kip.rkkp.dk/fhir/2.15.0                       (00:00.000 / 00:00.002, 1Gb)
API keys loaded from /root/.fhir/fhir-settings.json                                                  (00:00.000 / 00:00.003, 1Gb)
Package Cache: /root/.fhir/packages                                                                  (00:00.000 / 00:00.004, 1Gb)
Run Sushi on /tmp/ig-builds/dk.kip.rkkp.fhir.ig.core#2.15.0-milestone                                (00:00.001 / 00:00.005, 1Gb)
Sushi: info  Running SUSHI v3.16.5 (implements FHIR Shorthand specification v3.0.0)                  (00:00.442 / 00:00.447, 1Gb)
Sushi: info  Arguments:                                                                              (00:00.000 / 00:00.448, 1Gb)
Sushi: info    --require-latest                                                                      (00:00.000 / 00:00.449, 1Gb)
Sushi: info    --out /tmp/ig-builds/dk.kip.rkkp.fhir.ig.core#2.15.0-milestone                        (00:00.000 / 00:00.449, 1Gb)
Sushi: info    /tmp/ig-builds/dk.kip.rkkp.fhir.ig.core#2.15.0-milestone                              (00:00.000 / 00:00.450, 1Gb)
Sushi: info  Using configuration file: /tmp/ig-builds/dk.kip.rkkp.fhir.ig.core#2.15.0-milestone/sushi-config.yaml (00:00.378 / 00:00.828, 1Gb)
Sushi: info  Importing FSH text...                                                                   (00:00.090 / 00:00.919, 1Gb)
Sushi: info  Preprocessed 1000 documents with 11 aliases.                                            (00:01.290 / 00:02.209, 1Gb)
Sushi: info  Imported 986 definitions and 13 instances.                                              (00:00.156 / 00:02.366, 1Gb)
Sushi: warn  Detected FSH entity definitions with duplicate names. While FSH allows for duplicate names across entity types, they can lead to ambiguous results when referring to these entities by name elsewhere (e.g., in references). Consider using unique names in FSH declarations and assigning duplicated names using caret assignment rules instead. Detected duplicate names: QuestionnaireResponseResponsibleOnCarePlan, CarePlanReadOrWriteAccess, AktuelSygdomsforlob, AnasthesiaService, AnasthesiaTypeGen, AnnArborStagingClassification, BinetStagingSystem, BiobankSamples, BulkingMaterialeDUGA, CentralBlock, ClinicalProtocolCodes, ClinicalProtocolNotParticipated, Competence, CoronaryArteryGraph, Cyclus, CytogeneticChanges, CytogeneticExamination, DHDeksklusionskriterie, PRDcodes, Faggruppe, GenoplivStoppet, Genoplivning, GynUndersoegDUGA, HaemoglobinTransf4, HeartRhythm, HjertestopAarsag, HuntHessClassification, IkkeBesvaret, ImplantattypeDUGA, Interventionsforloeb, Intubation, IntubationRelaks, KliniskeSymptomerDCCG, KorsbaandEjBevaret, LaryngoskopiDegree, LifeStatus, MedicalScanningTypes, MedicinDANARREST, MolecularRemission, MorsDiagnosegrupper, MuligVanskeligUmulig, NYHA, Operationserfaring, PreoperativTemplating, Priority, RadiologicalBoneChanges, ReferredForTraining, Regioner, Rytme1Obs, ScoreCentralBlock, SlyngeDUGA, SmerteKvalme, StopTeam, TreatmentMethodMRD, TreatmentRegimen, TrombektomiPerfusion, UdskrevetTil, UndersoegelsesTypeDUGA. (00:00.137 / 00:02.503, 1Gb)
Sushi: info  Loaded virtual package sushi-r5forR4#1.0.0 with 7 resources                             (00:00.078 / 00:02.582, 1Gb)
Sushi: info  Resolved hl7.fhir.uv.tools.r4#latest to concrete version 0.8.0                          (00:00.458 / 00:03.041, 1Gb)
Sushi: info  Loaded hl7.fhir.uv.tools.r4#0.8.0 with 110 resources                                    (00:00.045 / 00:03.087, 1Gb)
Sushi: info  Resolved hl7.terminology.r4#latest to concrete version 7.0.0                            (00:00.117 / 00:03.204, 1Gb)
Sushi: info  Loaded hl7.terminology.r4#7.0.0 with 4096 resources                                     (00:00.983 / 00:04.188, 1Gb)
Sushi: info  Resolved hl7.fhir.uv.extensions.r4#latest to concrete version 5.2.0                     (00:00.127 / 00:04.315, 1Gb)
Sushi: info  Loaded hl7.fhir.uv.extensions.r4#5.2.0 with 759 resources                               (00:00.182 / 00:04.498, 1Gb)
Sushi: info  Loaded hl7.fhir.dk.core#2.0.0 with 36 resources                                         (00:00.019 / 00:04.517, 1Gb)
Sushi: info  Loaded hl7.fhir.r4.core#4.0.1 with 4581 resources                                       (00:00.916 / 00:05.434, 1Gb)
Sushi: info  Loaded virtual package sushi-local#LOCAL with 0 resources                               (00:00.006 / 00:05.440, 1Gb)
Sushi: info  Converting FSH to FHIR resources...                                                     (00:00.016 / 00:05.456, 1Gb)
Sushi: info  Converted 11 FHIR StructureDefinitions.                                                 (00:00.494 / 00:05.950, 1Gb)
Sushi: info  Converted 264 FHIR CodeSystems.                                                         (00:08.704 / 00:14.654, 1Gb)
Sushi: info  Converted 711 FHIR ValueSets.                                                           (00:16.879 / 00:31.534, 1Gb)
Sushi: info  Converted 13 FHIR instances.                                                            (00:00.280 / 00:31.814, 1Gb)
Sushi: info  Exporting FHIR resources as JSON...                                                     (00:00.000 / 00:31.815, 1Gb)
Sushi: info  Exported 999 FHIR resources as JSON.                                                    (00:00.144 / 00:31.959, 1Gb)
Sushi: info  Assembling Implementation Guide sources...                                              (00:00.018 / 00:31.978, 1Gb)
Sushi: info  Generated ImplementationGuide-dk.kip.rkkp.fhir.ig.core.json                             (00:00.035 / 00:32.013, 1Gb)
Sushi: info  Assembled Implementation Guide sources; ready for IG Publisher.                         (00:00.000 / 00:32.014, 1Gb)
Sushi: ========================= SUSHI RESULTS ===========================                           (00:00.000 / 00:32.015, 1Gb)
Sushi: |  -------------------------------------------------------------  |                           (00:00.000 / 00:32.016, 1Gb)
Sushi: | |    Profiles   |  Extensions  |   Logicals   |   Resources   | |                           (00:00.000 / 00:32.017, 1Gb)
Sushi: | |-------------------------------------------------------------| |                           (00:00.000 / 00:32.017, 1Gb)
Sushi: | |       0       |      11      |      0       |       0       | |                           (00:00.000 / 00:32.018, 1Gb)
Sushi: |  -------------------------------------------------------------  |                           (00:00.000 / 00:32.019, 1Gb)
Sushi: |  -------------------------------------------------------------  |                           (00:00.000 / 00:32.020, 1Gb)
Sushi: | |      ValueSets     |    CodeSystems    |     Instances      | |                           (00:00.000 / 00:32.020, 1Gb)
Sushi: | |-------------------------------------------------------------| |                           (00:00.000 / 00:32.021, 1Gb)
Sushi: | |        711         |        264        |         13         | |                           (00:00.000 / 00:32.022, 1Gb)
Sushi: |  -------------------------------------------------------------  |                           (00:00.000 / 00:32.023, 1Gb)
Sushi: |                                                                 |                           (00:00.000 / 00:32.023, 1Gb)
Sushi: ===================================================================                           (00:00.000 / 00:32.024, 1Gb)
Sushi: | Something smells fishy...              0 Errors       1 Warning |                           (00:00.000 / 00:32.025, 1Gb)
Sushi: ===================================================================                           (00:00.000 / 00:32.025, 1Gb)
Root directory: /tmp/ig-builds/dk.kip.rkkp.fhir.ig.core#2.15.0-milestone                             (00:00.037 / 00:32.062, 1Gb)
Unable to load IG as an r5 IG - try R4 (property code is a class com.google.gson.JsonPrimitive looking for an object) (00:00.016 / 00:32.079, 1Gb)
Load Template from fhir.base.template#current                                                        (00:00.045 / 00:32.125, 1Gb)
Scanning directory: /tmp/ig-builds/dk.kip.rkkp.fhir.ig.core#2.15.0-milestone/template
======================================================================
Terminology Cache is at /tmp/ig-builds/dk.kip.rkkp.fhir.ig.core#2.15.0-milestone/input-cache/txcache. 4 files in cache (00:03.574 / 00:35.699, 1Gb)
Core Package hl7.fhir.r4.core#4.0.1                                                                  (00:00.000 / 00:35.700, 1Gb)
Running Terminology Log: /tmp/ohfu-fhir-ig-13080421021508837830.html
Connect to Terminology Server at http://tx.fhir.org                                                  (00:02.798 / 00:38.499, 1015Mb)
[39mLoad Package hl7.fhir.pubpack#0.2.3
[0;39m[39mLoad Package hl7.fhir.xver-extensions#0.1.0
[0;39m[39mLoad Package hl7.terminology.r4#7.0.0
[0;39m[39mLoad Package hl7.fhir.uv.extensions.r4#5.2.0
[0;39m[39mLoad Package hl7.terminology.r4#3.1.0
[0;39m[39mLoad Package hl7.fhir.dk.core#2.0.0
[0;39m[39mLoad Package hl7.fhir.uv.tools.r4#0.8.0
[0;39mLoad R5 Specials
Initialization complete                                                                              (00:03.855 / 00:42.354, 633Mb)
Load IG                                                                                              (00:00.000 / 00:42.355, 633Mb)
Load Content                                                                                         (00:00.002 / 00:42.358, 634Mb)
Using en-US as the default narrative language. (no language information in Implementation Guide)     (00:00.105 / 00:42.463, 677Mb)
Process Loaded Resources                                                                             (00:02.894 / 00:45.358, 532Mb)
Generating Snapshots                                                                                 (00:01.653 / 00:47.011, 1Gb)

Signing Certificate: RSA key for Subject: OU=IG Publisher, L=Ann Arbor, CN=hl7.org, O=HL7, ST=Missouri, C=us from: OU=IG Publisher, L=Ann Arbor, CN=hl7.org, O=HL7, ST=Missouri, C=us
Fetch https://kip.rkkp.dk/fhir/package-list.json for version check                                   (00:00.060 / 00:47.071, 1Gb)
Checking Language                                                                                    (00:00.520 / 00:47.592, 1Gb)
Load Dependency Info                                                                                 (00:00.010 / 00:47.603, 1Gb)
Load Info                                                                                            (00:00.002 / 00:47.605, 1Gb)
Load Paths                                                                                           (00:00.001 / 00:47.607, 1Gb)
Check R4 / R4B                                                                                       (00:00.000 / 00:47.607, 1Gb)
Assign Comparison Ids                                                                                (00:00.184 / 00:47.792, 1Gb)
Propagating status                                                                                   (00:00.001 / 00:47.793, 1Gb)
Generating Narratives                                                                                (00:00.000 / 00:47.793, 1Gb)
Validating Conformance Resources                                                                     (00:03.147 / 00:50.941, 1Gb)
Check profiles & code systems                                                                        (00:08.664 / 00:59.606, 1Gb)
Check realm rules                                                                                    (00:00.004 / 00:59.610, 1Gb)
Previous Version Comparison                                                                          (00:00.001 / 00:59.612, 1Gb)
Checking for Bundles to sign                                                                         (00:00.035 / 00:59.648, 1Gb)
Validating Resources                                                                                 (00:00.001 / 00:59.649, 1Gb)
Processing Provenance Records                                                                        (00:00.184 / 00:59.833, 1Gb)
Generating Outputs in /tmp/ig-builds/dk.kip.rkkp.fhir.ig.core#2.15.0-milestone/output                (00:00.001 / 00:59.834, 1Gb)
Generate Native Outputs                                                                              (00:00.333 / 01:00.168, 1Gb)
Run Template                                                                                         (00:17.767 / 01:17.935, 925Mb)
Generate HTML Outputs                                                                                (00:01.417 / 01:19.352, 1Gb)
Generate Spreadsheets                                                                                (00:24.046 / 01:43.399, 1Gb)
Generate Summaries                                                                                   (00:00.583 / 01:43.983, 1Gb)
Generating Summary Outputs                                                                           (00:00.000 / 01:43.983, 1Gb)
Table of contents has a section with more than 222 entries.  Collapsing will not work reliably
DB Cumulative Time invested: 00:00:12.213
Sending Usage Stats to Server                                                                        (00:16.035 / 02:00.019, 902Mb)
## Memory (MB): Use = 902, Free = 1071, Total = 1974, Max = 4000                                     (00:00.001 / 02:00.021, 902Mb)
Reclaiming memory...                                                                                 (00:00.001 / 02:00.022, 902Mb)
## Memory (MB): Use = 812, Free = 1161, Total = 1974, Max = 4000                                     (00:00.930 / 02:00.953, 813Mb)
Run jekyll: jekyll build --destination "/tmp/ig-builds/dk.kip.rkkp.fhir.ig.core#2.15.0-milestone/output" (in folder /tmp/ig-builds/dk.kip.rkkp.fhir.ig.core#2.15.0-milestone/temp/pages) (00:00.001 / 02:00.954, 813Mb)
Troubleshooting Note: usual cases for Jekyll to fail are:                                            (00:00.001 / 02:00.956, 813Mb)
* A failure to produce a fragment that is already logged in the output above                         (00:00.001 / 02:00.957, 813Mb)
* A reference to a manually edited file that hasn't been provided                                    (00:00.000 / 02:00.958, 813Mb)
Jekyll: Source: /tmp/ig-builds/dk.kip.rkkp.fhir.ig.core#2.15.0-milestone/temp/pages                  (00:00.423 / 02:01.381, 816Mb)
Jekyll: Generating...                                                                                (00:00.001 / 02:01.382, 816Mb)
Jekyll: done in 16.415 seconds.                                                                      (00:16.413 / 02:17.796, 818Mb)
[39m
[0;39m[39mInstalling dk.kip.rkkp.fhir.ig.core#2.15.0
[0;39mChecking Output HTML                                                                                 (00:03.410 / 02:21.206, 1Gb)
Processed /tmp/ig-builds/dk.kip.rkkp.fhir.ig.core#2.15.0-milestone/output - % reduction = 97 (137001875 ==> 4178057)
found 11585 files                                                                                    (00:03.828 / 02:25.034, 1Gb)
........................................
........................................
  ... 11585 html files, 0 pages invalid xhtml (0%)                                                   (00:32.384 / 02:57.418, 838Mb)
  ... 416256 links, 11 broken links (0%)                                                             (00:00.002 / 02:57.421, 838Mb)
Generate fragment-usage-analysis.csv                                                                 (00:00.000 / 02:57.422, 838Mb)
Build final .zip                                                                                     (00:00.008 / 02:57.431, 839Mb)
Final .zip built                                                                                     (00:06.076 / 03:03.507, 1Gb)
Built. Times: loading: 00:05.234, generate: 02:19.425, narrative generation: 00:03.146, realm-rules: 00:00.001, previous-version: 00:00.000, jekyll: 00:16.913, validation: 00:08.644 (#1000), template: 00:01.421 (#3) (00:03.511 / 03:07.018, 1Gb)
Generating QA                                                                                        (00:00.002 / 03:07.020, 1Gb)
Validation output in /tmp/ig-builds/dk.kip.rkkp.fhir.ig.core#2.15.0-milestone/output/qa.html
Errors: 17, Warnings: 537, Info: 3369, Broken Links: 11 (00:02.028 / 03:09.049, 1Gb)
Finished @ 12/3/25, 9:16 AM. Max Memory Used = 1Gb. Log file saved in /tmp/fhir-ig-publisher-tmp.log (00:00.302 / 03:09.351, 1Gb)
Keep a copy of the build directory at /tmp/web-root/run-20251203/ig-build-zips/dk.kip.rkkp.fhir.ig.core#2.15.0.zip

ok. All checks passed. Publish v2.15.0 to /tmp/web-root/run-20251203/fhir/2.15.0
Copy the IG to /tmp/web-root/run-20251203/fhir/2.15.0
Update /tmp/web-root/run-20251203/fhir/package-list.json
Publish Box Statement: This page is part of the KIP Infrastructure (v2.15.0: Release) based on <a data-no-external="true" href="http://hl7.org/fhir/R4">FHIR (HL7® FHIR® Standard) R4</a>. This is the current published version in its permanent home (it will always be available at this URL).  For a full list of available versions, see the <a data-no-external="true" href="https://kip.rkkp.dk/fhir/history.html">Directory of published versions</a>
  .. 6020 files checked, 6020 updated
  .. 1000 redirections (1000 created/updated)
This is a milestone release - publish v2.15.0 to /tmp/web-root/run-20251203/fhir
Publish Box Statement: This page is part of the KIP Infrastructure (v2.15.0: Release) based on <a data-no-external="true" href="http://hl7.org/fhir/R4">FHIR (HL7® FHIR® Standard) R4</a>. This is the current published version.  For a full list of available versions, see the <a data-no-external="true" href="https://kip.rkkp.dk/fhir/history.html">Directory of published versions</a>
  .. 6020 files checked, 6020 updated
  .. 1000 redirections (1000 created/updated)
Check for Files to delete
  ... 0 files
Copy to new IG /tmp/web-root/run-20251203/fhir
Error in package-list.json:path to build.fhir.org should not use https://
dk.kip.rkkp.fhir.ig.core (https://kip.rkkp.dk/fhir): KIP Infrastructure @ http://build.fhir.org/ig/kip-infrastructure/implementation-guide
  release: Releases 2.15.0/4.0.1 @ https://kip.rkkp.dk/fhir/2.15.0
Build is complete. Copy from /tmp/web-root/run-20251203
Update history page at /tmp/web-root/run-20251203/fhir from /__w/implementation-guide/implementation-guide/history and web/templates
