FHIR IG Publisher Version 1.8.20 (Git# 319c513ab12e). Built 2025-03-10T12:13:32.750Z (3 days old)
Detected Java version: 23 from /usr/local/openjdk-23 on amd64 (64bit). 3998MB available
dir = /__w/implementation-guide/implementation-guide, path = /usr/local/openjdk-23/bin:/usr/local/sbin:/usr/local/bin:/usr/sbin:/usr/bin:/sbin:/bin
Parameters: -go-publish -source ig/ -web web/ -registry registry/fhir-ig-list.json -history history/ -templates web/templates
---------------
Publication Run: publish ig/ to web/
Relative directory for IG is '/fhir'
===== Web Publication Run Details ===============================
 Source IG: dk.kip.rkkp.fhir.ig.core#2.9.0 : https://kip.rkkp.dk/fhir (R4) from ig/
All checks passed. Do the publication build from /__w/implementation-guide/implementation-guide/ig and publish to /tmp/web-root/run-20250314/fhir
Prepare Build space in /tmp/dk.kip.rkkp.fhir.ig.core#2.9.0
Build IG at /__w/implementation-guide/implementation-guide/ig: final copy suitable for publication (in /tmp/dk.kip.rkkp.fhir.ig.core#2.9.0)
FHIR IG Publisher Version 1.8.20 (Git# 319c513ab12e). Built 2025-03-10T12:13:32.750Z (3 days old)   
Detected Java version: 23 from /usr/local/openjdk-23 on Linux/amd64 (64bit). 3998MB available       
dir = /__w/implementation-guide/implementation-guide, path = /usr/local/openjdk-23/bin:/usr/local/sbin:/usr/local/bin:/usr/sbin:/usr/bin:/sbin:/bin
Parameters: -ig /tmp/dk.kip.rkkp.fhir.ig.core#2.9.0 -resetTx -publish https://kip.rkkp.dk/fhir/2.9.0 -no-exit
Character encoding = UTF-8 / UTF-8                                                                  
Start Clock @ Friday, March 14, 2025, 11:58:25 AM Coordinated Universal Time (2025-03-14T11:58:25Z) 
                                                                                                    
Build FHIR IG from /tmp/dk.kip.rkkp.fhir.ig.core#2.9.0                                               (00:00.022 / 00:00.022, 77Mb)
Build Formal Publication package, intended for https://kip.rkkp.dk/fhir/2.9.0                        (00:00.003 / 00:00.025, 77Mb)
API keys loaded from /root/.fhir/fhir-settings.json                                                  (00:00.001 / 00:00.027, 77Mb)
Package Cache: /root/.fhir/packages                                                                  (00:00.003 / 00:00.030, 78Mb)
Run Sushi on /tmp/dk.kip.rkkp.fhir.ig.core#2.9.0                                                     (00:00.002 / 00:00.032, 78Mb)
Sushi: info  Running SUSHI v3.14.0 (implements FHIR Shorthand specification v3.0.0)                  (00:00.458 / 00:00.491, 79Mb)
Sushi: info  Arguments:                                                                              (00:00.001 / 00:00.492, 79Mb)
Sushi: info    --require-latest                                                                      (00:00.001 / 00:00.493, 79Mb)
Sushi: info    --out /tmp/dk.kip.rkkp.fhir.ig.core#2.9.0                                             (00:00.000 / 00:00.494, 79Mb)
Sushi: info    /tmp/dk.kip.rkkp.fhir.ig.core#2.9.0                                                   (00:00.000 / 00:00.495, 79Mb)
Sushi: info  Using configuration file: /tmp/dk.kip.rkkp.fhir.ig.core#2.9.0/sushi-config.yaml         (00:00.665 / 00:01.161, 79Mb)
Sushi: info  Importing FSH text...                                                                   (00:00.088 / 00:01.249, 79Mb)
Sushi: info  Preprocessed 985 documents with 11 aliases.                                             (00:01.312 / 00:02.562, 79Mb)
Sushi: info  Imported 975 definitions and 9 instances.                                               (00:00.205 / 00:02.768, 79Mb)
Sushi: warn  Detected FSH entity definitions with duplicate names. While FSH allows for duplicate names across entity types, they can lead to ambiguous results when referring to these entities by name elsewhere (e.g., in references). Consider using unique names in FSH declarations and assigning duplicated names using caret assignment rules instead. Detected duplicate names: QuestionnaireResponseResponsibleOnCarePlan, CarePlanReadOrWriteAccess, AktuelSygdomsforlob, AnasthesiaService, AnasthesiaTypeGen, AnnArborStagingClassification, BinetStagingSystem, BiobankSamples, BulkingMaterialeDUGA, CentralBlock, ClinicalProtocolCodes, ClinicalProtocolNotParticipated, Competence, CoronaryArteryGraph, Cyclus, CytogeneticChanges, CytogeneticExamination, DHDeksklusionskriterie, PRDcodes, Faggruppe, GenoplivStoppet, Genoplivning, GynUndersoegDUGA, HaemoglobinTransf4, HeartRhythm, HjertestopAarsag, HuntHessClassification, IkkeBesvaret, ImplantattypeDUGA, Interventionsforloeb, Intubation, IntubationRelaks, KliniskeSymptomerDCCG, KorsbaandEjBevaret, LaryngoskopiDegree, LifeStatus, MedicalScanningTypes, MedicinDANARREST, MolecularRemission, MorsDiagnosegrupper, MuligVanskeligUmulig, NYHA, Operationserfaring, PreoperativTemplating, Priority, RadiologicalBoneChanges, ReferredForTraining, Regioner, Rytme1Obs, ScoreCentralBlock, SlyngeDUGA, SmerteKvalme, StopTeam, TreatmentMethodMRD, TreatmentRegimen, TrombektomiPerfusion, UdskrevetTil, UndersoegelsesTypeDUGA. (00:00.135 / 00:02.903, 79Mb)
Sushi: info  Loaded virtual package sushi-r5forR4#1.0.0 with 7 resources                             (00:00.090 / 00:02.994, 79Mb)
Sushi: info  Resolved hl7.fhir.uv.tools.r4#latest to concrete version 0.4.1                          (00:00.775 / 00:03.769, 79Mb)
Sushi: info  Loaded hl7.fhir.uv.tools.r4#0.4.1 with 86 resources                                     (00:00.039 / 00:03.809, 79Mb)
Sushi: info  Resolved hl7.terminology.r4#latest to concrete version 6.2.0                            (00:00.168 / 00:03.977, 79Mb)
Sushi: info  Loaded hl7.terminology.r4#6.2.0 with 4323 resources                                     (00:00.990 / 00:04.968, 79Mb)
Sushi: info  Resolved hl7.fhir.uv.extensions.r4#latest to concrete version 5.2.0                     (00:00.168 / 00:05.136, 79Mb)
Sushi: info  Loaded hl7.fhir.uv.extensions.r4#5.2.0 with 759 resources                               (00:00.169 / 00:05.306, 79Mb)
Sushi: info  Loaded hl7.fhir.dk.core#2.0.0 with 36 resources                                         (00:00.010 / 00:05.316, 79Mb)
Sushi: info  Loaded hl7.fhir.r4.core#4.0.1 with 4581 resources                                       (00:00.836 / 00:06.153, 79Mb)
Sushi: info  Loaded virtual package sushi-local#LOCAL with 0 resources                               (00:00.006 / 00:06.159, 79Mb)
Sushi: info  Converting FSH to FHIR resources...                                                     (00:00.018 / 00:06.178, 79Mb)
Sushi: info  Converted 9 FHIR StructureDefinitions.                                                  (00:00.423 / 00:06.601, 79Mb)
Sushi: info  Converted 264 FHIR CodeSystems.                                                         (00:08.235 / 00:14.837, 79Mb)
Sushi: info  Converted 702 FHIR ValueSets.                                                           (00:16.245 / 00:31.082, 79Mb)
Sushi: info  Converted 9 FHIR instances.                                                             (00:00.139 / 00:31.222, 79Mb)
Sushi: info  Exporting FHIR resources as JSON...                                                     (00:00.001 / 00:31.223, 79Mb)
Sushi: info  Exported 984 FHIR resources as JSON.                                                    (00:00.133 / 00:31.357, 79Mb)
Sushi: info  Assembling Implementation Guide sources...                                              (00:00.018 / 00:31.375, 79Mb)
Sushi: info  Generated ImplementationGuide-dk.kip.rkkp.fhir.ig.core.json                             (00:00.035 / 00:31.411, 79Mb)
Sushi: info  Assembled Implementation Guide sources; ready for IG Publisher.                         (00:00.001 / 00:31.412, 79Mb)
Sushi: ========================= SUSHI RESULTS ===========================                           (00:00.001 / 00:31.413, 79Mb)
Sushi: |  -------------------------------------------------------------  |                           (00:00.001 / 00:31.414, 79Mb)
Sushi: | |    Profiles   |  Extensions  |   Logicals   |   Resources   | |                           (00:00.001 / 00:31.415, 79Mb)
Sushi: | |-------------------------------------------------------------| |                           (00:00.001 / 00:31.417, 79Mb)
Sushi: | |       0       |      9       |      0       |       0       | |                           (00:00.001 / 00:31.418, 79Mb)
Sushi: |  -------------------------------------------------------------  |                           (00:00.000 / 00:31.419, 79Mb)
Sushi: |  -------------------------------------------------------------  |                           (00:00.000 / 00:31.420, 79Mb)
Sushi: | |      ValueSets     |    CodeSystems    |     Instances      | |                           (00:00.000 / 00:31.421, 79Mb)
Sushi: | |-------------------------------------------------------------| |                           (00:00.000 / 00:31.422, 79Mb)
Sushi: | |        702         |        264        |         9          | |                           (00:00.000 / 00:31.423, 79Mb)
Sushi: |  -------------------------------------------------------------  |                           (00:00.001 / 00:31.424, 79Mb)
Sushi: |                                                                 |                           (00:00.000 / 00:31.425, 79Mb)
Sushi: ===================================================================                           (00:00.000 / 00:31.425, 79Mb)
Sushi: | Sailors, take warning!                 0 Errors       1 Warning |                           (00:00.000 / 00:31.426, 79Mb)
Sushi: ===================================================================                           (00:00.000 / 00:31.427, 79Mb)
Unable to load IG as an r5 IG - try R4 (property code is a class com.google.gson.JsonPrimitive looking for an object) (00:00.487 / 00:31.915, 71Mb)
Load Template from fhir.base.template#current                                                        (00:00.604 / 00:32.519, 35Mb)
Root directory: /tmp/dk.kip.rkkp.fhir.ig.core#2.9.0                                                  (00:04.951 / 00:37.470, 131Mb)
Terminology Cache is at /tmp/dk.kip.rkkp.fhir.ig.core#2.9.0/input-cache/txcache. Clearing now        (00:03.410 / 00:40.881, 125Mb)
Core Package hl7.fhir.r4.core#4.0.1
Running Terminology Log: /tmp/ohfu-fhir-ig-2989083852824883660.log
Connect to Terminology Server at http://tx.fhir.org                                                  (00:03.160 / 00:44.041, 209Mb)
Load Package hl7.fhir.pubpack#0.2.1
Load Package hl7.fhir.xver-extensions#0.1.0
Load Package hl7.terminology.r4#6.2.0
Load Package hl7.fhir.uv.extensions.r4#5.2.0
Load Package hl7.terminology.r4#3.1.0
Load Package hl7.fhir.dk.core#2.0.0
Load Package hl7.fhir.uv.tools.r4#0.3.0
Load R5 Specials
Initialization complete                                                                              (00:08.269 / 00:52.310, 468Mb)
Load Content                                                                                         (00:00.000 / 00:52.311, 468Mb)
Using en-US as the default narrative language. (no language information in Implementation Guide)     (00:00.188 / 00:52.500, 513Mb)
Process Loaded Resources                                                                             (00:03.737 / 00:56.238, 531Mb)
Generating Snapshots                                                                                 (00:02.152 / 00:58.390, 481Mb)
loadPrePages from FetchedFile[/tmp/dk.kip.rkkp.fhir.ig.core#2.9.0/fsh-generated/includes] as /tmp/dk.kip.rkkp.fhir.ig.core#2.9.0/fsh-generated/includes
loadPrePages from FetchedFile[/tmp/dk.kip.rkkp.fhir.ig.core#2.9.0/input/pagecontent] as /tmp/dk.kip.rkkp.fhir.ig.core#2.9.0/input/pagecontent
Fetch https://kip.rkkp.dk/fhir/package-list.json for version check                                   (00:00.144 / 00:58.534, 501Mb)
Processing Conformance Resources                                                                     (00:00.894 / 00:59.429, 608Mb)
Checking Language                                                                                    (00:00.000 / 00:59.429, 608Mb)
Load Dependency Info                                                                                 (00:00.018 / 00:59.448, 612Mb)
Load Info                                                                                            (00:00.003 / 00:59.452, 612Mb)
Load Paths                                                                                           (00:00.002 / 00:59.454, 614Mb)
Check R4 / R4B                                                                                       (00:00.001 / 00:59.455, 614Mb)
Assign Comparison Ids                                                                                (00:00.095 / 00:59.551, 656Mb)
Propagating status                                                                                   (00:00.001 / 00:59.553, 656Mb)
Generating Narratives                                                                                (00:00.000 / 00:59.553, 656Mb)
Validating Conformance Resources                                                                     (00:04.021 / 01:03.575, 657Mb)
Check profiles & code systems                                                                        (00:07.714 / 01:11.289, 712Mb)
Check realm rules                                                                                    (00:00.006 / 01:11.295, 712Mb)
Previous Version Comparison                                                                          (00:00.001 / 01:11.297, 713Mb)
Validating Resources                                                                                 (00:00.028 / 01:11.325, 721Mb)
Processing Provenance Records                                                                        (00:00.137 / 01:11.463, 758Mb)
Generating Outputs in /tmp/dk.kip.rkkp.fhir.ig.core#2.9.0/output                                     (00:00.001 / 01:11.465, 758Mb)
Generate Native Outputs                                                                              (00:00.300 / 01:11.765, 923Mb)
Run Template                                                                                         (00:18.948 / 01:30.714, 1Gb)
Generate HTML Outputs                                                                                (00:02.657 / 01:33.372, 968Mb)
Generate Spreadsheets                                                                                (00:41.647 / 02:15.019, 812Mb)
Generate Summaries                                                                                   (00:00.885 / 02:15.905, 940Mb)
Generating Summary Outputs                                                                           (00:00.001 / 02:15.906, 940Mb)
Table of contents has a section with more than 222 entries.  Collapsing will not work reliably
DB Cumulative Time invested: 00:00:12.817
Sending Usage Stats to Server                                                                        (00:16.714 / 02:32.620, 1Gb)
## Memory (MB): Use = 1231, Free = 190, Total = 1422, Max = 3998                                     (00:00.007 / 02:32.628, 1Gb)
Reclaiming memory...                                                                                 (00:00.004 / 02:32.633, 1Gb)
## Memory (MB): Use = 705, Free = 716, Total = 1422, Max = 3998                                      (00:00.682 / 02:33.315, 706Mb)
Run jekyll: jekyll build --destination "/tmp/dk.kip.rkkp.fhir.ig.core#2.9.0/output" (in folder /tmp/dk.kip.rkkp.fhir.ig.core#2.9.0/temp/pages) (00:00.002 / 02:33.318, 706Mb)
Troubleshooting Note: usual cases for Jekyll to fail are:                                            (00:00.001 / 02:33.319, 706Mb)
* A failure to produce a fragment that is already logged in the output above                         (00:00.001 / 02:33.320, 706Mb)
* A reference to a manually edited file that hasn't been provided                                    (00:00.001 / 02:33.322, 706Mb)
Jekyll: Source: /tmp/dk.kip.rkkp.fhir.ig.core#2.9.0/temp/pages                                       (00:00.406 / 02:33.728, 709Mb)
Jekyll: Generating...                                                                                (00:00.001 / 02:33.730, 709Mb)
Jekyll: done in 17.39 seconds.                                                                       (00:17.388 / 02:51.118, 710Mb)

Installing dk.kip.rkkp.fhir.ig.core#2.9.0
 done.
Checking Output HTML                                                                                 (00:05.285 / 02:56.404, 821Mb)
found 10410 files                                                                                    (00:00.070 / 02:56.474, 824Mb)
........................................
........................................
  ... 10410 html files, 0 pages invalid xhtml (0%)                                                   (00:27.164 / 03:23.639, 1Gb)
  ... 386824 links, 3 broken links (0%)                                                              (00:00.001 / 03:23.640, 1Gb)
Generate fragment-usage-analysis.csv                                                                 (00:00.001 / 03:23.641, 1Gb)
Build final .zip                                                                                     (00:00.007 / 03:23.648, 1Gb)
Final .zip built                                                                                     (00:04.152 / 03:27.801, 1Gb)
Built. Times: loading: 00:07.116, generate: 02:35.292, narrative generation: 00:04.020, realm-rules: 00:00.001, previous-version: 00:00.000, jekyll: 00:17.862, validation: 00:07.680 (#985), template: 00:02.663 (#3) (00:06.925 / 03:34.726, 1Gb)
Generating QA                                                                                        (00:00.001 / 03:34.728, 1Gb)
Validation output in /tmp/dk.kip.rkkp.fhir.ig.core#2.9.0/output/qa.html
Errors: 8, Warnings: 543, Info: 304, Broken Links: 3 (00:04.033 / 03:38.762, 1Gb)
Finished. Max Memory Used = 1Gb. Log file saved in /tmp/fhir-ig-publisher-tmp.log                    (00:00.155 / 03:38.917, 1Gb)
Prepare Build space in /tmp/dk.kip.rkkp.fhir.ig.core#2.9.0-milestone
Build IG at /__w/implementation-guide/implementation-guide/ig: final copy suitable for publication (in /tmp/dk.kip.rkkp.fhir.ig.core#2.9.0-milestone) (milestone build)
FHIR IG Publisher Version 1.8.20 (Git# 319c513ab12e). Built 2025-03-10T12:13:32.750Z (3 days old)   
Detected Java version: 23 from /usr/local/openjdk-23 on Linux/amd64 (64bit). 3998MB available       
dir = /__w/implementation-guide/implementation-guide, path = /usr/local/openjdk-23/bin:/usr/local/sbin:/usr/local/bin:/usr/sbin:/usr/bin:/sbin:/bin
Parameters: -ig /tmp/dk.kip.rkkp.fhir.ig.core#2.9.0-milestone -publish https://kip.rkkp.dk/fhir/2.9.0 -milestone -no-exit
Character encoding = UTF-8 / UTF-8                                                                  
Start Clock @ Friday, March 14, 2025, 12:02:15 PM Coordinated Universal Time (2025-03-14T12:02:15Z) 
                                                                                                    
Build FHIR IG from /tmp/dk.kip.rkkp.fhir.ig.core#2.9.0-milestone                                     (00:00.002 / 00:00.002, 1Gb)
Build Formal Publication package, intended for https://kip.rkkp.dk/fhir/2.9.0                        (00:00.000 / 00:00.003, 1Gb)
API keys loaded from /root/.fhir/fhir-settings.json                                                  (00:00.000 / 00:00.004, 1Gb)
Package Cache: /root/.fhir/packages                                                                  (00:00.000 / 00:00.004, 1Gb)
Run Sushi on /tmp/dk.kip.rkkp.fhir.ig.core#2.9.0-milestone                                           (00:00.000 / 00:00.005, 1Gb)
Sushi: info  Running SUSHI v3.14.0 (implements FHIR Shorthand specification v3.0.0)                  (00:00.434 / 00:00.440, 1Gb)
Sushi: info  Arguments:                                                                              (00:00.001 / 00:00.441, 1Gb)
Sushi: info    --require-latest                                                                      (00:00.000 / 00:00.442, 1Gb)
Sushi: info    --out /tmp/dk.kip.rkkp.fhir.ig.core#2.9.0-milestone                                   (00:00.000 / 00:00.443, 1Gb)
Sushi: info    /tmp/dk.kip.rkkp.fhir.ig.core#2.9.0-milestone                                         (00:00.000 / 00:00.444, 1Gb)
Sushi: info  Using configuration file: /tmp/dk.kip.rkkp.fhir.ig.core#2.9.0-milestone/sushi-config.yaml (00:00.417 / 00:00.861, 1Gb)
Sushi: info  Importing FSH text...                                                                   (00:00.092 / 00:00.954, 1Gb)
Sushi: info  Preprocessed 985 documents with 11 aliases.                                             (00:01.328 / 00:02.282, 1Gb)
Sushi: info  Imported 975 definitions and 9 instances.                                               (00:00.196 / 00:02.479, 1Gb)
Sushi: warn  Detected FSH entity definitions with duplicate names. While FSH allows for duplicate names across entity types, they can lead to ambiguous results when referring to these entities by name elsewhere (e.g., in references). Consider using unique names in FSH declarations and assigning duplicated names using caret assignment rules instead. Detected duplicate names: QuestionnaireResponseResponsibleOnCarePlan, CarePlanReadOrWriteAccess, AktuelSygdomsforlob, AnasthesiaService, AnasthesiaTypeGen, AnnArborStagingClassification, BinetStagingSystem, BiobankSamples, BulkingMaterialeDUGA, CentralBlock, ClinicalProtocolCodes, ClinicalProtocolNotParticipated, Competence, CoronaryArteryGraph, Cyclus, CytogeneticChanges, CytogeneticExamination, DHDeksklusionskriterie, PRDcodes, Faggruppe, GenoplivStoppet, Genoplivning, GynUndersoegDUGA, HaemoglobinTransf4, HeartRhythm, HjertestopAarsag, HuntHessClassification, IkkeBesvaret, ImplantattypeDUGA, Interventionsforloeb, Intubation, IntubationRelaks, KliniskeSymptomerDCCG, KorsbaandEjBevaret, LaryngoskopiDegree, LifeStatus, MedicalScanningTypes, MedicinDANARREST, MolecularRemission, MorsDiagnosegrupper, MuligVanskeligUmulig, NYHA, Operationserfaring, PreoperativTemplating, Priority, RadiologicalBoneChanges, ReferredForTraining, Regioner, Rytme1Obs, ScoreCentralBlock, SlyngeDUGA, SmerteKvalme, StopTeam, TreatmentMethodMRD, TreatmentRegimen, TrombektomiPerfusion, UdskrevetTil, UndersoegelsesTypeDUGA. (00:00.139 / 00:02.619, 1Gb)
Sushi: info  Loaded virtual package sushi-r5forR4#1.0.0 with 7 resources                             (00:00.090 / 00:02.709, 1Gb)
Sushi: info  Resolved hl7.fhir.uv.tools.r4#latest to concrete version 0.4.1                          (00:00.782 / 00:03.492, 1Gb)
Sushi: info  Loaded hl7.fhir.uv.tools.r4#0.4.1 with 86 resources                                     (00:00.041 / 00:03.534, 1Gb)
Sushi: info  Resolved hl7.terminology.r4#latest to concrete version 6.2.0                            (00:00.168 / 00:03.703, 1Gb)
Sushi: info  Loaded hl7.terminology.r4#6.2.0 with 4323 resources                                     (00:00.958 / 00:04.661, 1Gb)
Sushi: info  Resolved hl7.fhir.uv.extensions.r4#latest to concrete version 5.2.0                     (00:00.170 / 00:04.831, 1Gb)
Sushi: info  Loaded hl7.fhir.uv.extensions.r4#5.2.0 with 759 resources                               (00:00.166 / 00:04.998, 1Gb)
Sushi: info  Loaded hl7.fhir.dk.core#2.0.0 with 36 resources                                         (00:00.011 / 00:05.009, 1Gb)
Sushi: info  Loaded hl7.fhir.r4.core#4.0.1 with 4581 resources                                       (00:00.815 / 00:05.825, 1Gb)
Sushi: info  Loaded virtual package sushi-local#LOCAL with 0 resources                               (00:00.006 / 00:05.831, 1Gb)
Sushi: info  Converting FSH to FHIR resources...                                                     (00:00.016 / 00:05.848, 1Gb)
Sushi: info  Converted 9 FHIR StructureDefinitions.                                                  (00:00.435 / 00:06.284, 1Gb)
Sushi: info  Converted 264 FHIR CodeSystems.                                                         (00:08.282 / 00:14.567, 1Gb)
Sushi: info  Converted 702 FHIR ValueSets.                                                           (00:15.828 / 00:30.395, 1Gb)
Sushi: info  Converted 9 FHIR instances.                                                             (00:00.138 / 00:30.533, 1Gb)
Sushi: info  Exporting FHIR resources as JSON...                                                     (00:00.001 / 00:30.534, 1Gb)
Sushi: info  Exported 984 FHIR resources as JSON.                                                    (00:00.129 / 00:30.664, 1Gb)
Sushi: info  Assembling Implementation Guide sources...                                              (00:00.017 / 00:30.682, 1Gb)
Sushi: info  Generated ImplementationGuide-dk.kip.rkkp.fhir.ig.core.json                             (00:00.032 / 00:30.714, 1Gb)
Sushi: info  Assembled Implementation Guide sources; ready for IG Publisher.                         (00:00.000 / 00:30.715, 1Gb)
Sushi: ========================= SUSHI RESULTS ===========================                           (00:00.001 / 00:30.716, 1Gb)
Sushi: |  -------------------------------------------------------------  |                           (00:00.000 / 00:30.717, 1Gb)
Sushi: | |    Profiles   |  Extensions  |   Logicals   |   Resources   | |                           (00:00.000 / 00:30.718, 1Gb)
Sushi: | |-------------------------------------------------------------| |                           (00:00.000 / 00:30.718, 1Gb)
Sushi: | |       0       |      9       |      0       |       0       | |                           (00:00.000 / 00:30.719, 1Gb)
Sushi: |  -------------------------------------------------------------  |                           (00:00.000 / 00:30.719, 1Gb)
Sushi: |  -------------------------------------------------------------  |                           (00:00.000 / 00:30.720, 1Gb)
Sushi: | |      ValueSets     |    CodeSystems    |     Instances      | |                           (00:00.000 / 00:30.721, 1Gb)
Sushi: | |-------------------------------------------------------------| |                           (00:00.000 / 00:30.721, 1Gb)
Sushi: | |        702         |        264        |         9          | |                           (00:00.000 / 00:30.722, 1Gb)
Sushi: |  -------------------------------------------------------------  |                           (00:00.000 / 00:30.722, 1Gb)
Sushi: |                                                                 |                           (00:00.000 / 00:30.723, 1Gb)
Sushi: ===================================================================                           (00:00.000 / 00:30.723, 1Gb)
Sushi: | Not bad, but you cod do batter!        0 Errors       1 Warning |                           (00:00.000 / 00:30.724, 1Gb)
Sushi: ===================================================================                           (00:00.000 / 00:30.725, 1Gb)
Unable to load IG as an r5 IG - try R4 (property code is a class com.google.gson.JsonPrimitive looking for an object) (00:00.035 / 00:30.760, 1Gb)
Load Template from fhir.base.template#current                                                        (00:00.037 / 00:30.798, 1Gb)
Root directory: /tmp/dk.kip.rkkp.fhir.ig.core#2.9.0-milestone                                        (00:03.123 / 00:33.921, 973Mb)
Terminology Cache is at /tmp/dk.kip.rkkp.fhir.ig.core#2.9.0-milestone/input-cache/txcache. 5 files in cache (00:03.471 / 00:37.393, 1Gb)
Core Package hl7.fhir.r4.core#4.0.1
Running Terminology Log: /tmp/ohfu-fhir-ig-3652273097083666792.log
Connect to Terminology Server at http://tx.fhir.org                                                  (00:01.958 / 00:39.351, 1Gb)
Load Package hl7.fhir.pubpack#0.2.1
Load Package hl7.fhir.xver-extensions#0.1.0
Load Package hl7.terminology.r4#6.2.0
Load Package hl7.fhir.uv.extensions.r4#5.2.0
Load Package hl7.terminology.r4#3.1.0
Load Package hl7.fhir.dk.core#2.0.0
Load Package hl7.fhir.uv.tools.r4#0.3.0
Load R5 Specials
Initialization complete                                                                              (00:04.734 / 00:44.085, 1Gb)
Load Content                                                                                         (00:00.000 / 00:44.086, 1Gb)
Using en-US as the default narrative language. (no language information in Implementation Guide)     (00:00.167 / 00:44.253, 554Mb)
Process Loaded Resources                                                                             (00:04.502 / 00:48.756, 435Mb)
Generating Snapshots                                                                                 (00:02.380 / 00:51.136, 1Gb)
loadPrePages from FetchedFile[/tmp/dk.kip.rkkp.fhir.ig.core#2.9.0-milestone/fsh-generated/includes] as /tmp/dk.kip.rkkp.fhir.ig.core#2.9.0-milestone/fsh-generated/includes
loadPrePages from FetchedFile[/tmp/dk.kip.rkkp.fhir.ig.core#2.9.0-milestone/input/pagecontent] as /tmp/dk.kip.rkkp.fhir.ig.core#2.9.0-milestone/input/pagecontent
Fetch https://kip.rkkp.dk/fhir/package-list.json for version check                                   (00:00.056 / 00:51.193, 1Gb)
Processing Conformance Resources                                                                     (00:03.166 / 00:54.359, 1Gb)
Checking Language                                                                                    (00:00.000 / 00:54.360, 1Gb)
Load Dependency Info                                                                                 (00:00.011 / 00:54.372, 1Gb)
Load Info                                                                                            (00:00.003 / 00:54.375, 1Gb)
Load Paths                                                                                           (00:00.002 / 00:54.377, 1Gb)
Check R4 / R4B                                                                                       (00:00.001 / 00:54.378, 1Gb)
Assign Comparison Ids                                                                                (00:00.118 / 00:54.496, 1Gb)
Propagating status                                                                                   (00:00.001 / 00:54.498, 1Gb)
Generating Narratives                                                                                (00:00.000 / 00:54.498, 1Gb)
Validating Conformance Resources                                                                     (00:03.595 / 00:58.094, 1Gb)
Check profiles & code systems                                                                        (00:06.271 / 01:04.366, 772Mb)
Check realm rules                                                                                    (00:00.006 / 01:04.372, 773Mb)
Previous Version Comparison                                                                          (00:00.001 / 01:04.374, 773Mb)
Validating Resources                                                                                 (00:00.052 / 01:04.426, 781Mb)
Processing Provenance Records                                                                        (00:00.148 / 01:04.575, 817Mb)
Generating Outputs in /tmp/dk.kip.rkkp.fhir.ig.core#2.9.0-milestone/output                           (00:00.001 / 01:04.576, 817Mb)
Generate Native Outputs                                                                              (00:00.229 / 01:04.806, 957Mb)
Run Template                                                                                         (00:19.756 / 01:24.563, 1005Mb)
Generate HTML Outputs                                                                                (00:01.682 / 01:26.245, 1Gb)
Generate Spreadsheets                                                                                (00:38.634 / 02:04.880, 942Mb)
Generate Summaries                                                                                   (00:00.414 / 02:05.294, 1Gb)
Generating Summary Outputs                                                                           (00:00.001 / 02:05.295, 1Gb)
Table of contents has a section with more than 222 entries.  Collapsing will not work reliably
DB Cumulative Time invested: 00:00:12.266
Sending Usage Stats to Server                                                                        (00:15.739 / 02:21.034, 1Gb)
## Memory (MB): Use = 1555, Free = 240, Total = 1796, Max = 3998                                     (00:00.001 / 02:21.036, 1Gb)
Reclaiming memory...                                                                                 (00:00.000 / 02:21.037, 1Gb)
## Memory (MB): Use = 706, Free = 1089, Total = 1796, Max = 3998                                     (00:00.548 / 02:21.585, 707Mb)
Run jekyll: jekyll build --destination "/tmp/dk.kip.rkkp.fhir.ig.core#2.9.0-milestone/output" (in folder /tmp/dk.kip.rkkp.fhir.ig.core#2.9.0-milestone/temp/pages) (00:00.001 / 02:21.587, 707Mb)
Troubleshooting Note: usual cases for Jekyll to fail are:                                            (00:00.001 / 02:21.588, 707Mb)
* A failure to produce a fragment that is already logged in the output above                         (00:00.000 / 02:21.588, 707Mb)
* A reference to a manually edited file that hasn't been provided                                    (00:00.000 / 02:21.589, 707Mb)
Jekyll: Source: /tmp/dk.kip.rkkp.fhir.ig.core#2.9.0-milestone/temp/pages                             (00:00.380 / 02:21.970, 710Mb)
Jekyll: Generating...                                                                                (00:00.001 / 02:21.971, 710Mb)
Jekyll: done in 16.282 seconds.                                                                      (00:16.280 / 02:38.252, 711Mb)

Installing dk.kip.rkkp.fhir.ig.core#2.9.0
Checking Output HTML                                                                                 (00:04.487 / 02:42.740, 990Mb)
found 10410 files                                                                                    (00:00.060 / 02:42.800, 994Mb)
........................................
........................................
  ... 10410 html files, 0 pages invalid xhtml (0%)                                                   (00:24.725 / 03:07.526, 1Gb)
  ... 386824 links, 3 broken links (0%)                                                              (00:00.001 / 03:07.527, 1Gb)
Generate fragment-usage-analysis.csv                                                                 (00:00.000 / 03:07.528, 1Gb)
Build final .zip                                                                                     (00:00.006 / 03:07.534, 1Gb)
Final .zip built                                                                                     (00:04.148 / 03:11.683, 1Gb)
Built. Times: loading: 00:10.272, generate: 02:20.131, narrative generation: 00:03.595, realm-rules: 00:00.001, previous-version: 00:00.000, jekyll: 00:16.729, validation: 00:06.248 (#985), template: 00:01.686 (#3) (00:02.808 / 03:14.491, 985Mb)
Generating QA                                                                                        (00:00.001 / 03:14.493, 985Mb)
Validation output in /tmp/dk.kip.rkkp.fhir.ig.core#2.9.0-milestone/output/qa.html
Errors: 8, Warnings: 543, Info: 304, Broken Links: 3 (00:03.411 / 03:17.905, 1Gb)
Finished. Max Memory Used = 1Gb. Log file saved in /tmp/fhir-ig-publisher-tmp.log                    (00:00.125 / 03:18.030, 1Gb)
Keep a copy of the build directory at /tmp/web-root/run-20250314/ig-build-zips/dk.kip.rkkp.fhir.ig.core#2.9.0.zip

ok. All checks passed. Publish v2.9.0 to /tmp/web-root/run-20250314/fhir/2.9.0
Copy the IG to /tmp/web-root/run-20250314/fhir/2.9.0
Update /tmp/web-root/run-20250314/fhir/package-list.json
Publish Box Statement: This page is part of the KIP Infrastructure (v2.9.0: Release) based on <a no-external="true" href="http://hl7.org/fhir/R4">FHIR (HL7® FHIR® Standard) R4</a>. This is the current published version in its permanent home (it will always be available at this URL).  For a full list of available versions, see the <a no-external="true" href="https://kip.rkkp.dk/fhir/history.html">Directory of published versions</a>
  .. 5926 files checked, 5926 updated
  .. 985 redirections (985 created/updated)
This is a milestone release - publish v2.9.0 to /tmp/web-root/run-20250314/fhir
Update publish box for version 0.2.1 @ https://kip.rkkp.dk/fhir/0.2.1
Publish Box Statement: This page is part of the KIP Infrastructure (v0.2.1: Release) based on <a no-external="true" href="http://hl7.org/fhir/R4">FHIR (HL7® FHIR® Standard) R4</a>. The current version which supersedes this version is <a no-external="true" href="https://kip.rkkp.dk/fhir{{fn}}">2.9.0</a>.  For a full list of available versions, see the <a no-external="true" href="https://kip.rkkp.dk/fhir/history.html">Directory of published versions</a>
  .. 5896 files checked, 5896 updated
Building download for /tmp/web-root/run-20250314/fhir/0.2.1 url = https://kip.rkkp.dk/fhir/0.2.1, canonical = https://kip.rkkp.dk/fhir
  ................................................................................
  ................................................................................
  ................................................................................
  ................................................................................
  ................................................................................
  ................................................................................
  ................................................................................
  ...............................
 ..Finished
Update publish box for version 0.1.8 @ https://kip.rkkp.dk/fhir/0.1.8
Publish Box Statement: This page is part of the KIP Infrastructure (v0.1.8: Release) based on <a no-external="true" href="http://hl7.org/fhir/R4">FHIR (HL7® FHIR® Standard) R4</a>. The current version which supersedes this version is <a no-external="true" href="https://kip.rkkp.dk/fhir{{fn}}">2.9.0</a>.  For a full list of available versions, see the <a no-external="true" href="https://kip.rkkp.dk/fhir/history.html">Directory of published versions</a>
  .. 5884 files checked, 5884 updated
Building download for /tmp/web-root/run-20250314/fhir/0.1.8 url = https://kip.rkkp.dk/fhir/0.1.8, canonical = https://kip.rkkp.dk/fhir
  ................................................................................
  ................................................................................
  ................................................................................
  ................................................................................
  ................................................................................
  ................................................................................
  ................................................................................
  ..............................
 ..Finished
Publish Box Statement: This page is part of the KIP Infrastructure (v2.9.0: Release) based on <a no-external="true" href="http://hl7.org/fhir/R4">FHIR (HL7® FHIR® Standard) R4</a>. This is the current published version.  For a full list of available versions, see the <a no-external="true" href="https://kip.rkkp.dk/fhir/history.html">Directory of published versions</a>
  .. 5926 files checked, 5926 updated
  .. 985 redirections (985 created/updated)
Check for Files to delete
  ... 0 files
Copy to new IG /tmp/web-root/run-20250314/fhir
Error in package-list.json:path to build.fhir.org should not use https://
dk.kip.rkkp.fhir.ig.core (https://kip.rkkp.dk/fhir): KIP Infrastructure @ http://build.fhir.org/ig/kip-infrastructure/implementation-guide
  release: Releases 2.9.0/4.0.1 @ https://kip.rkkp.dk/fhir/2.9.0
Build is complete. Copy from /tmp/web-root/run-20250314
Update history page at /tmp/web-root/run-20250314/fhir from /__w/implementation-guide/implementation-guide/history and web/templates
