FHIR IG Publisher Version 2.0.6 (Git# 0e36f4bcb58f). Built 2025-06-10T06:56:14.605Z (4 hours old)
Detected Java version: 23 from /usr/local/openjdk-23 on amd64 (64bit). 4000MB available
dir = /__w/implementation-guide/implementation-guide, path = /usr/local/openjdk-23/bin:/usr/local/sbin:/usr/local/bin:/usr/sbin:/usr/bin:/sbin:/bin
Parameters: -go-publish -source ig/ -web web/ -registry registry/fhir-ig-list.json -history history/ -templates web/templates
---------------
Publication Run: publish ig/ to web/
Publication URL of 'https://kip.rkkp.dk/fhir' is not consistent with the required base URL of 'https://kip.sundk.dk'
Relative directory for IG is '/fhir'
===== Web Publication Run Details ===============================
 Source IG: dk.kip.rkkp.fhir.ig.core#2.11.4 : https://kip.rkkp.dk/fhir (R4) from ig/
All checks passed. Do the publication build from /__w/implementation-guide/implementation-guide/ig and publish to /tmp/web-root/run-20250610/fhir
Prepare Build space in /tmp/ig-builds/dk.kip.rkkp.fhir.ig.core#2.11.4
Build IG at /__w/implementation-guide/implementation-guide/ig: final copy suitable for publication (in /tmp/ig-builds/dk.kip.rkkp.fhir.ig.core#2.11.4)
FHIR IG Publisher Version 2.0.6 (Git# 0e36f4bcb58f). Built 2025-06-10T06:56:14.605Z (4 hours old)   
Detected Java version: 23 from /usr/local/openjdk-23 on Linux/amd64 (64bit). 4000MB available       
dir = /__w/implementation-guide/implementation-guide, path = /usr/local/openjdk-23/bin:/usr/local/sbin:/usr/local/bin:/usr/sbin:/usr/bin:/sbin:/bin
Parameters: -ig /tmp/ig-builds/dk.kip.rkkp.fhir.ig.core#2.11.4 -resetTx -publish https://kip.rkkp.dk/fhir/2.11.4 -no-exit
Character encoding = UTF-8 / UTF-8                                                                  
Start Clock @ Tuesday, June 10, 2025, 11:10:37 AM Coordinated Universal Time (2025-06-10T11:10:37Z) 
                                                                                                    
Build FHIR IG from /tmp/ig-builds/dk.kip.rkkp.fhir.ig.core#2.11.4                                    (00:00.022 / 00:00.022, 102Mb)
Build Formal Publication package, intended for https://kip.rkkp.dk/fhir/2.11.4                       (00:00.002 / 00:00.025, 102Mb)
API keys loaded from /root/.fhir/fhir-settings.json                                                  (00:00.001 / 00:00.026, 102Mb)
Package Cache: /root/.fhir/packages                                                                  (00:00.003 / 00:00.029, 102Mb)
Run Sushi on /tmp/ig-builds/dk.kip.rkkp.fhir.ig.core#2.11.4                                          (00:00.002 / 00:00.032, 102Mb)
Sushi: info  Running SUSHI v3.16.0 (implements FHIR Shorthand specification v3.0.0)                  (00:00.446 / 00:00.478, 28Mb)
Sushi: info  Arguments:                                                                              (00:00.001 / 00:00.479, 28Mb)
Sushi: info    --require-latest                                                                      (00:00.000 / 00:00.480, 28Mb)
Sushi: info    --out /tmp/ig-builds/dk.kip.rkkp.fhir.ig.core#2.11.4                                  (00:00.000 / 00:00.481, 28Mb)
Sushi: info    /tmp/ig-builds/dk.kip.rkkp.fhir.ig.core#2.11.4                                        (00:00.000 / 00:00.482, 28Mb)
Sushi: info  Using configuration file: /tmp/ig-builds/dk.kip.rkkp.fhir.ig.core#2.11.4/sushi-config.yaml (00:00.504 / 00:00.987, 28Mb)
Sushi: info  Importing FSH text...                                                                   (00:00.100 / 00:01.088, 28Mb)
Sushi: info  Preprocessed 990 documents with 11 aliases.                                             (00:01.297 / 00:02.385, 28Mb)
Sushi: info  Imported 980 definitions and 9 instances.                                               (00:00.196 / 00:02.581, 28Mb)
Sushi: warn  Detected FSH entity definitions with duplicate names. While FSH allows for duplicate names across entity types, they can lead to ambiguous results when referring to these entities by name elsewhere (e.g., in references). Consider using unique names in FSH declarations and assigning duplicated names using caret assignment rules instead. Detected duplicate names: QuestionnaireResponseResponsibleOnCarePlan, CarePlanReadOrWriteAccess, AktuelSygdomsforlob, AnasthesiaService, AnasthesiaTypeGen, AnnArborStagingClassification, BinetStagingSystem, BiobankSamples, BulkingMaterialeDUGA, CentralBlock, ClinicalProtocolCodes, ClinicalProtocolNotParticipated, Competence, CoronaryArteryGraph, Cyclus, CytogeneticChanges, CytogeneticExamination, DHDeksklusionskriterie, PRDcodes, Faggruppe, GenoplivStoppet, Genoplivning, GynUndersoegDUGA, HaemoglobinTransf4, HeartRhythm, HjertestopAarsag, HuntHessClassification, IkkeBesvaret, ImplantattypeDUGA, Interventionsforloeb, Intubation, IntubationRelaks, KliniskeSymptomerDCCG, KorsbaandEjBevaret, LaryngoskopiDegree, LifeStatus, MedicalScanningTypes, MedicinDANARREST, MolecularRemission, MorsDiagnosegrupper, MuligVanskeligUmulig, NYHA, Operationserfaring, PreoperativTemplating, Priority, RadiologicalBoneChanges, ReferredForTraining, Regioner, Rytme1Obs, ScoreCentralBlock, SlyngeDUGA, SmerteKvalme, StopTeam, TreatmentMethodMRD, TreatmentRegimen, TrombektomiPerfusion, UdskrevetTil, UndersoegelsesTypeDUGA. (00:00.137 / 00:02.719, 28Mb)
Sushi: info  Loaded virtual package sushi-r5forR4#1.0.0 with 7 resources                             (00:00.070 / 00:02.789, 28Mb)
Sushi: info  Resolved hl7.fhir.uv.tools.r4#latest to concrete version 0.5.0                          (00:00.511 / 00:03.301, 28Mb)
Sushi: info  Loaded hl7.fhir.uv.tools.r4#0.5.0 with 88 resources                                     (00:00.036 / 00:03.337, 28Mb)
Sushi: info  Resolved hl7.terminology.r4#latest to concrete version 6.4.0                            (00:00.113 / 00:03.451, 28Mb)
Sushi: info  Loaded hl7.terminology.r4#6.4.0 with 4381 resources                                     (00:00.920 / 00:04.371, 28Mb)
Sushi: info  Resolved hl7.fhir.uv.extensions.r4#latest to concrete version 5.2.0                     (00:00.120 / 00:04.491, 28Mb)
Sushi: info  Loaded hl7.fhir.uv.extensions.r4#5.2.0 with 759 resources                               (00:00.158 / 00:04.649, 28Mb)
Sushi: info  Loaded hl7.fhir.dk.core#2.0.0 with 36 resources                                         (00:00.009 / 00:04.659, 28Mb)
Sushi: info  Loaded hl7.fhir.r4.core#4.0.1 with 4581 resources                                       (00:00.768 / 00:05.427, 28Mb)
Sushi: info  Loaded virtual package sushi-local#LOCAL with 0 resources                               (00:00.006 / 00:05.433, 28Mb)
Sushi: info  Converting FSH to FHIR resources...                                                     (00:00.016 / 00:05.450, 28Mb)
Sushi: info  Converted 9 FHIR StructureDefinitions.                                                  (00:00.462 / 00:05.912, 28Mb)
Sushi: info  Converted 264 FHIR CodeSystems.                                                         (00:08.774 / 00:14.686, 28Mb)
Sushi: info  Converted 707 FHIR ValueSets.                                                           (00:16.440 / 00:31.127, 28Mb)
Sushi: info  Converted 9 FHIR instances.                                                             (00:00.173 / 00:31.300, 28Mb)
Sushi: info  Exporting FHIR resources as JSON...                                                     (00:00.001 / 00:31.301, 28Mb)
Sushi: info  Exported 989 FHIR resources as JSON.                                                    (00:00.128 / 00:31.430, 28Mb)
Sushi: info  Assembling Implementation Guide sources...                                              (00:00.017 / 00:31.447, 28Mb)
Sushi: info  Generated ImplementationGuide-dk.kip.rkkp.fhir.ig.core.json                             (00:00.034 / 00:31.482, 28Mb)
Sushi: info  Assembled Implementation Guide sources; ready for IG Publisher.                         (00:00.001 / 00:31.483, 28Mb)
Sushi: ========================= SUSHI RESULTS ===========================                           (00:00.001 / 00:31.485, 28Mb)
Sushi: |  -------------------------------------------------------------  |                           (00:00.001 / 00:31.486, 28Mb)
Sushi: | |    Profiles   |  Extensions  |   Logicals   |   Resources   | |                           (00:00.000 / 00:31.487, 28Mb)
Sushi: | |-------------------------------------------------------------| |                           (00:00.000 / 00:31.488, 28Mb)
Sushi: | |       0       |      9       |      0       |       0       | |                           (00:00.000 / 00:31.488, 28Mb)
Sushi: |  -------------------------------------------------------------  |                           (00:00.000 / 00:31.489, 28Mb)
Sushi: |  -------------------------------------------------------------  |                           (00:00.000 / 00:31.490, 28Mb)
Sushi: | |      ValueSets     |    CodeSystems    |     Instances      | |                           (00:00.001 / 00:31.491, 28Mb)
Sushi: | |-------------------------------------------------------------| |                           (00:00.001 / 00:31.492, 28Mb)
Sushi: | |        707         |        264        |         9          | |                           (00:00.000 / 00:31.493, 28Mb)
Sushi: |  -------------------------------------------------------------  |                           (00:00.000 / 00:31.494, 28Mb)
Sushi: |                                                                 |                           (00:00.000 / 00:31.495, 28Mb)
Sushi: ===================================================================                           (00:00.000 / 00:31.496, 28Mb)
Sushi: | A bit pitchy, but tuna-ble.            0 Errors       1 Warning |                           (00:00.000 / 00:31.496, 28Mb)
Sushi: ===================================================================                           (00:00.000 / 00:31.497, 28Mb)
Unable to load IG as an r5 IG - try R4 (property code is a class com.google.gson.JsonPrimitive looking for an object) (00:00.447 / 00:31.945, 69Mb)
Load Template from fhir.base.template#current                                                        (00:00.578 / 00:32.523, 32Mb)
Root directory: /tmp/ig-builds/dk.kip.rkkp.fhir.ig.core#2.11.4                                       (00:04.002 / 00:36.526, 102Mb)
Terminology Cache is at /tmp/ig-builds/dk.kip.rkkp.fhir.ig.core#2.11.4/input-cache/txcache. Clearing now (00:03.438 / 00:39.964, 116Mb)
Core Package hl7.fhir.r4.core#4.0.1
Running Terminology Log: /tmp/ohfu-fhir-ig-18428390276888187177.html
Connect to Terminology Server at http://tx.fhir.org                                                  (00:02.969 / 00:42.934, 212Mb)
Load Package hl7.fhir.pubpack#0.2.3
Load Package hl7.fhir.xver-extensions#0.1.0
Load Package hl7.terminology.r4#6.4.0
Load Package hl7.fhir.uv.extensions.r4#5.2.0
Load Package hl7.terminology.r4#3.1.0
Load Package hl7.fhir.dk.core#2.0.0
Load Package hl7.fhir.uv.tools.r4#0.5.0
Load R5 Specials
Initialization complete                                                                              (00:05.833 / 00:48.768, 412Mb)
Load IG                                                                                              (00:00.000 / 00:48.769, 412Mb)
Load Content                                                                                         (00:00.001 / 00:48.770, 412Mb)
Using en-US as the default narrative language. (no language information in Implementation Guide)     (00:00.187 / 00:48.958, 457Mb)
Process Loaded Resources                                                                             (00:03.934 / 00:52.892, 618Mb)
Generating Snapshots                                                                                 (00:02.110 / 00:55.003, 546Mb)
loadPrePages from FetchedFile[/tmp/ig-builds/dk.kip.rkkp.fhir.ig.core#2.11.4/fsh-generated/includes] as /tmp/ig-builds/dk.kip.rkkp.fhir.ig.core#2.11.4/fsh-generated/includes
loadPrePages from FetchedFile[/tmp/ig-builds/dk.kip.rkkp.fhir.ig.core#2.11.4/input/pagecontent] as /tmp/ig-builds/dk.kip.rkkp.fhir.ig.core#2.11.4/input/pagecontent
Fetch https://kip.rkkp.dk/fhir/package-list.json for version check                                   (00:00.200 / 00:55.203, 567Mb)
Processing Conformance Resources                                                                     (00:01.193 / 00:56.397, 678Mb)
Checking Language                                                                                    (00:00.000 / 00:56.397, 678Mb)
Load Dependency Info                                                                                 (00:00.016 / 00:56.414, 681Mb)
Load Info                                                                                            (00:00.003 / 00:56.417, 682Mb)
Load Paths                                                                                           (00:00.002 / 00:56.420, 683Mb)
Check R4 / R4B                                                                                       (00:00.001 / 00:56.421, 683Mb)
Assign Comparison Ids                                                                                (00:00.169 / 00:56.590, 756Mb)
Propagating status                                                                                   (00:00.001 / 00:56.592, 756Mb)
Generating Narratives                                                                                (00:00.000 / 00:56.592, 756Mb)
Validating Conformance Resources                                                                     (02:47.978 / 03:44.571, 794Mb)
Check profiles & code systems                                                                        (00:14.192 / 03:58.763, 1011Mb)
Check realm rules                                                                                    (00:00.007 / 03:58.771, 1012Mb)
Previous Version Comparison                                                                          (00:00.002 / 03:58.773, 1012Mb)
Validating Resources                                                                                 (00:00.028 / 03:58.802, 1020Mb)
Processing Provenance Records                                                                        (00:00.152 / 03:58.954, 651Mb)
Generating Outputs in /tmp/ig-builds/dk.kip.rkkp.fhir.ig.core#2.11.4/output                          (00:00.001 / 03:58.956, 651Mb)
Generate Native Outputs                                                                              (00:00.326 / 03:59.282, 812Mb)
Run Template                                                                                         (00:22.023 / 04:21.306, 741Mb)
Generate HTML Outputs                                                                                (00:01.967 / 04:23.273, 770Mb)
Generate Spreadsheets                                                                                (00:39.161 / 05:02.434, 1Gb)
Generate Summaries                                                                                   (00:00.821 / 05:03.255, 772Mb)
Generating Summary Outputs                                                                           (00:00.001 / 05:03.257, 772Mb)
Table of contents has a section with more than 222 entries.  Collapsing will not work reliably
DB Cumulative Time invested: 00:00:14.993
Sending Usage Stats to Server                                                                        (00:20.151 / 05:23.408, 889Mb)
## Memory (MB): Use = 889, Free = 498, Total = 1388, Max = 4000                                      (00:00.004 / 05:23.412, 889Mb)
Reclaiming memory...                                                                                 (00:00.001 / 05:23.413, 889Mb)
## Memory (MB): Use = 710, Free = 677, Total = 1388, Max = 4000                                      (00:00.627 / 05:24.040, 711Mb)
Run jekyll: jekyll build --destination "/tmp/ig-builds/dk.kip.rkkp.fhir.ig.core#2.11.4/output" (in folder /tmp/ig-builds/dk.kip.rkkp.fhir.ig.core#2.11.4/temp/pages) (00:00.003 / 05:24.043, 711Mb)
Troubleshooting Note: usual cases for Jekyll to fail are:                                            (00:00.001 / 05:24.045, 711Mb)
* A failure to produce a fragment that is already logged in the output above                         (00:00.001 / 05:24.046, 711Mb)
* A reference to a manually edited file that hasn't been provided                                    (00:00.001 / 05:24.048, 711Mb)
Jekyll: Source: /tmp/ig-builds/dk.kip.rkkp.fhir.ig.core#2.11.4/temp/pages                            (00:00.387 / 05:24.435, 714Mb)
Jekyll: Generating...                                                                                (00:00.001 / 05:24.436, 714Mb)
Jekyll: done in 16.272 seconds.                                                                      (00:16.270 / 05:40.707, 715Mb)

Installing dk.kip.rkkp.fhir.ig.core#2.11.4
 done.
Checking Output HTML                                                                                 (00:03.840 / 05:44.548, 935Mb)
found 10469 files                                                                                    (00:00.065 / 05:44.614, 938Mb)
........................................
........................................
  ... 10469 html files, 0 pages invalid xhtml (0%)                                                   (00:29.931 / 06:14.545, 914Mb)
  ... 389170 links, 11 broken links (0%)                                                             (00:00.008 / 06:14.554, 914Mb)
Generate fragment-usage-analysis.csv                                                                 (00:00.001 / 06:14.555, 914Mb)
Build final .zip                                                                                     (00:00.026 / 06:14.582, 915Mb)
Final .zip built                                                                                     (00:04.057 / 06:18.640, 972Mb)
Built. Times: loading: 00:07.626, generate: 05:27.213, narrative generation: 02:47.977, realm-rules: 00:00.002, previous-version: 00:00.000, jekyll: 00:16.735, validation: 00:14.165 (#990), template: 00:01.973 (#3) (00:04.971 / 06:23.611, 1Gb)
Generating QA                                                                                        (00:00.001 / 06:23.613, 1Gb)
Validation output in /tmp/ig-builds/dk.kip.rkkp.fhir.ig.core#2.11.4/output/qa.html
Errors: 11, Warnings: 541, Info: 306, Broken Links: 11 (00:01.435 / 06:25.049, 1Gb)
Finished. Max Memory Used = 1Gb. Log file saved in /tmp/fhir-ig-publisher-tmp.log                    (00:00.107 / 06:25.156, 1Gb)
Prepare Build space in /tmp/ig-builds/dk.kip.rkkp.fhir.ig.core#2.11.4-milestone
Build IG at /__w/implementation-guide/implementation-guide/ig: final copy suitable for publication (in /tmp/ig-builds/dk.kip.rkkp.fhir.ig.core#2.11.4-milestone) (milestone build)
FHIR IG Publisher Version 2.0.6 (Git# 0e36f4bcb58f). Built 2025-06-10T06:56:14.605Z (4 hours old)   
Detected Java version: 23 from /usr/local/openjdk-23 on Linux/amd64 (64bit). 4000MB available       
dir = /__w/implementation-guide/implementation-guide, path = /usr/local/openjdk-23/bin:/usr/local/sbin:/usr/local/bin:/usr/sbin:/usr/bin:/sbin:/bin
Parameters: -ig /tmp/ig-builds/dk.kip.rkkp.fhir.ig.core#2.11.4-milestone -publish https://kip.rkkp.dk/fhir/2.11.4 -milestone -no-exit
Character encoding = UTF-8 / UTF-8                                                                  
Start Clock @ Tuesday, June 10, 2025, 11:17:15 AM Coordinated Universal Time (2025-06-10T11:17:15Z) 
                                                                                                    
Build FHIR IG from /tmp/ig-builds/dk.kip.rkkp.fhir.ig.core#2.11.4-milestone                          (00:00.003 / 00:00.003, 1Gb)
Build Formal Publication package, intended for https://kip.rkkp.dk/fhir/2.11.4                       (00:00.001 / 00:00.004, 1Gb)
API keys loaded from /root/.fhir/fhir-settings.json                                                  (00:00.000 / 00:00.005, 1Gb)
Package Cache: /root/.fhir/packages                                                                  (00:00.000 / 00:00.006, 1Gb)
Run Sushi on /tmp/ig-builds/dk.kip.rkkp.fhir.ig.core#2.11.4-milestone                                (00:00.001 / 00:00.007, 1Gb)
Sushi: info  Running SUSHI v3.16.0 (implements FHIR Shorthand specification v3.0.0)                  (00:00.447 / 00:00.454, 1Gb)
Sushi: info  Arguments:                                                                              (00:00.001 / 00:00.456, 1Gb)
Sushi: info    --require-latest                                                                      (00:00.001 / 00:00.457, 1Gb)
Sushi: info    --out /tmp/ig-builds/dk.kip.rkkp.fhir.ig.core#2.11.4-milestone                        (00:00.000 / 00:00.458, 1Gb)
Sushi: info    /tmp/ig-builds/dk.kip.rkkp.fhir.ig.core#2.11.4-milestone                              (00:00.000 / 00:00.458, 1Gb)
Sushi: info  Using configuration file: /tmp/ig-builds/dk.kip.rkkp.fhir.ig.core#2.11.4-milestone/sushi-config.yaml (00:00.407 / 00:00.866, 1Gb)
Sushi: info  Importing FSH text...                                                                   (00:00.085 / 00:00.952, 1Gb)
Sushi: info  Preprocessed 990 documents with 11 aliases.                                             (00:01.320 / 00:02.272, 1Gb)
Sushi: info  Imported 980 definitions and 9 instances.                                               (00:00.204 / 00:02.477, 1Gb)
Sushi: warn  Detected FSH entity definitions with duplicate names. While FSH allows for duplicate names across entity types, they can lead to ambiguous results when referring to these entities by name elsewhere (e.g., in references). Consider using unique names in FSH declarations and assigning duplicated names using caret assignment rules instead. Detected duplicate names: QuestionnaireResponseResponsibleOnCarePlan, CarePlanReadOrWriteAccess, AktuelSygdomsforlob, AnasthesiaService, AnasthesiaTypeGen, AnnArborStagingClassification, BinetStagingSystem, BiobankSamples, BulkingMaterialeDUGA, CentralBlock, ClinicalProtocolCodes, ClinicalProtocolNotParticipated, Competence, CoronaryArteryGraph, Cyclus, CytogeneticChanges, CytogeneticExamination, DHDeksklusionskriterie, PRDcodes, Faggruppe, GenoplivStoppet, Genoplivning, GynUndersoegDUGA, HaemoglobinTransf4, HeartRhythm, HjertestopAarsag, HuntHessClassification, IkkeBesvaret, ImplantattypeDUGA, Interventionsforloeb, Intubation, IntubationRelaks, KliniskeSymptomerDCCG, KorsbaandEjBevaret, LaryngoskopiDegree, LifeStatus, MedicalScanningTypes, MedicinDANARREST, MolecularRemission, MorsDiagnosegrupper, MuligVanskeligUmulig, NYHA, Operationserfaring, PreoperativTemplating, Priority, RadiologicalBoneChanges, ReferredForTraining, Regioner, Rytme1Obs, ScoreCentralBlock, SlyngeDUGA, SmerteKvalme, StopTeam, TreatmentMethodMRD, TreatmentRegimen, TrombektomiPerfusion, UdskrevetTil, UndersoegelsesTypeDUGA. (00:00.138 / 00:02.615, 1Gb)
Sushi: info  Loaded virtual package sushi-r5forR4#1.0.0 with 7 resources                             (00:00.072 / 00:02.688, 1Gb)
Sushi: info  Resolved hl7.fhir.uv.tools.r4#latest to concrete version 0.5.0                          (00:00.614 / 00:03.303, 1Gb)
Sushi: info  Loaded hl7.fhir.uv.tools.r4#0.5.0 with 88 resources                                     (00:00.039 / 00:03.343, 1Gb)
Sushi: info  Resolved hl7.terminology.r4#latest to concrete version 6.4.0                            (00:00.113 / 00:03.456, 1Gb)
Sushi: info  Loaded hl7.terminology.r4#6.4.0 with 4381 resources                                     (00:00.943 / 00:04.400, 1Gb)
Sushi: info  Resolved hl7.fhir.uv.extensions.r4#latest to concrete version 5.2.0                     (00:00.110 / 00:04.510, 1Gb)
Sushi: info  Loaded hl7.fhir.uv.extensions.r4#5.2.0 with 759 resources                               (00:00.163 / 00:04.673, 1Gb)
Sushi: info  Loaded hl7.fhir.dk.core#2.0.0 with 36 resources                                         (00:00.009 / 00:04.682, 1Gb)
Sushi: info  Loaded hl7.fhir.r4.core#4.0.1 with 4581 resources                                       (00:00.764 / 00:05.447, 1Gb)
Sushi: info  Loaded virtual package sushi-local#LOCAL with 0 resources                               (00:00.006 / 00:05.453, 1Gb)
Sushi: info  Converting FSH to FHIR resources...                                                     (00:00.016 / 00:05.469, 1Gb)
Sushi: info  Converted 9 FHIR StructureDefinitions.                                                  (00:00.459 / 00:05.929, 1Gb)
Sushi: info  Converted 264 FHIR CodeSystems.                                                         (00:08.801 / 00:14.731, 1Gb)
Sushi: info  Converted 707 FHIR ValueSets.                                                           (00:16.901 / 00:31.632, 1Gb)
Sushi: info  Converted 9 FHIR instances.                                                             (00:00.176 / 00:31.809, 1Gb)
Sushi: info  Exporting FHIR resources as JSON...                                                     (00:00.001 / 00:31.810, 1Gb)
Sushi: info  Exported 989 FHIR resources as JSON.                                                    (00:00.129 / 00:31.939, 1Gb)
Sushi: info  Assembling Implementation Guide sources...                                              (00:00.019 / 00:31.959, 1Gb)
Sushi: info  Generated ImplementationGuide-dk.kip.rkkp.fhir.ig.core.json                             (00:00.039 / 00:31.998, 1Gb)
Sushi: info  Assembled Implementation Guide sources; ready for IG Publisher.                         (00:00.001 / 00:31.999, 1Gb)
Sushi: ========================= SUSHI RESULTS ===========================                           (00:00.001 / 00:32.001, 1Gb)
Sushi: |  -------------------------------------------------------------  |                           (00:00.000 / 00:32.002, 1Gb)
Sushi: | |    Profiles   |  Extensions  |   Logicals   |   Resources   | |                           (00:00.000 / 00:32.003, 1Gb)
Sushi: | |-------------------------------------------------------------| |                           (00:00.000 / 00:32.004, 1Gb)
Sushi: | |       0       |      9       |      0       |       0       | |                           (00:00.000 / 00:32.004, 1Gb)
Sushi: |  -------------------------------------------------------------  |                           (00:00.000 / 00:32.005, 1Gb)
Sushi: |  -------------------------------------------------------------  |                           (00:00.000 / 00:32.006, 1Gb)
Sushi: | |      ValueSets     |    CodeSystems    |     Instances      | |                           (00:00.000 / 00:32.007, 1Gb)
Sushi: | |-------------------------------------------------------------| |                           (00:00.000 / 00:32.008, 1Gb)
Sushi: | |        707         |        264        |         9          | |                           (00:00.000 / 00:32.008, 1Gb)
Sushi: |  -------------------------------------------------------------  |                           (00:00.000 / 00:32.009, 1Gb)
Sushi: |                                                                 |                           (00:00.000 / 00:32.010, 1Gb)
Sushi: ===================================================================                           (00:00.000 / 00:32.011, 1Gb)
Sushi: | Something smells fishy...              0 Errors       1 Warning |                           (00:00.000 / 00:32.012, 1Gb)
Sushi: ===================================================================                           (00:00.000 / 00:32.012, 1Gb)
Unable to load IG as an r5 IG - try R4 (property code is a class com.google.gson.JsonPrimitive looking for an object) (00:00.063 / 00:32.076, 1Gb)
Load Template from fhir.base.template#current                                                        (00:00.119 / 00:32.195, 1Gb)
Root directory: /tmp/ig-builds/dk.kip.rkkp.fhir.ig.core#2.11.4-milestone                             (00:02.855 / 00:35.051, 992Mb)
Terminology Cache is at /tmp/ig-builds/dk.kip.rkkp.fhir.ig.core#2.11.4-milestone/input-cache/txcache. 5 files in cache (00:03.710 / 00:38.762, 1Gb)
Core Package hl7.fhir.r4.core#4.0.1
Running Terminology Log: /tmp/ohfu-fhir-ig-15082509864443976641.html
Connect to Terminology Server at http://tx.fhir.org                                                  (00:02.801 / 00:41.563, 1Gb)
Load Package hl7.fhir.pubpack#0.2.3
Load Package hl7.fhir.xver-extensions#0.1.0
Load Package hl7.terminology.r4#6.4.0
Load Package hl7.fhir.uv.extensions.r4#5.2.0
Load Package hl7.terminology.r4#3.1.0
Load Package hl7.fhir.dk.core#2.0.0
Load Package hl7.fhir.uv.tools.r4#0.5.0
Load R5 Specials
Initialization complete                                                                              (00:05.457 / 00:47.021, 838Mb)
Load IG                                                                                              (00:00.000 / 00:47.022, 838Mb)
Load Content                                                                                         (00:00.002 / 00:47.024, 838Mb)
Using en-US as the default narrative language. (no language information in Implementation Guide)     (00:00.132 / 00:47.156, 881Mb)
Process Loaded Resources                                                                             (00:03.350 / 00:50.506, 960Mb)
Generating Snapshots                                                                                 (00:01.584 / 00:52.091, 948Mb)
loadPrePages from FetchedFile[/tmp/ig-builds/dk.kip.rkkp.fhir.ig.core#2.11.4-milestone/fsh-generated/includes] as /tmp/ig-builds/dk.kip.rkkp.fhir.ig.core#2.11.4-milestone/fsh-generated/includes
loadPrePages from FetchedFile[/tmp/ig-builds/dk.kip.rkkp.fhir.ig.core#2.11.4-milestone/input/pagecontent] as /tmp/ig-builds/dk.kip.rkkp.fhir.ig.core#2.11.4-milestone/input/pagecontent
Fetch https://kip.rkkp.dk/fhir/package-list.json for version check                                   (00:00.069 / 00:52.160, 967Mb)
Processing Conformance Resources                                                                     (00:01.202 / 00:53.363, 1Gb)
Checking Language                                                                                    (00:00.000 / 00:53.364, 1Gb)
Load Dependency Info                                                                                 (00:00.014 / 00:53.378, 1Gb)
Load Info                                                                                            (00:00.002 / 00:53.381, 1Gb)
Load Paths                                                                                           (00:00.002 / 00:53.383, 1Gb)
Check R4 / R4B                                                                                       (00:00.001 / 00:53.384, 1Gb)
Assign Comparison Ids                                                                                (00:00.209 / 00:53.593, 1Gb)
Propagating status                                                                                   (00:00.001 / 00:53.594, 1Gb)
Generating Narratives                                                                                (00:00.000 / 00:53.595, 1Gb)
Validating Conformance Resources                                                                     (02:46.205 / 03:39.800, 1Gb)
Check profiles & code systems                                                                        (00:12.563 / 03:52.364, 1Gb)
Check realm rules                                                                                    (00:00.004 / 03:52.368, 1Gb)
Previous Version Comparison                                                                          (00:00.001 / 03:52.370, 1Gb)
Validating Resources                                                                                 (00:00.039 / 03:52.409, 1Gb)
Processing Provenance Records                                                                        (00:00.146 / 03:52.556, 1Gb)
Generating Outputs in /tmp/ig-builds/dk.kip.rkkp.fhir.ig.core#2.11.4-milestone/output                (00:00.001 / 03:52.558, 1Gb)
Generate Native Outputs                                                                              (00:00.285 / 03:52.843, 1Gb)
Run Template                                                                                         (00:19.819 / 04:12.663, 1Gb)
Generate HTML Outputs                                                                                (00:01.351 / 04:14.015, 935Mb)
Generate Spreadsheets                                                                                (00:34.842 / 04:48.857, 796Mb)
Generate Summaries                                                                                   (00:00.522 / 04:49.379, 902Mb)
Generating Summary Outputs                                                                           (00:00.001 / 04:49.380, 902Mb)
Table of contents has a section with more than 222 entries.  Collapsing will not work reliably
DB Cumulative Time invested: 00:00:15.451
Sending Usage Stats to Server                                                                        (00:19.766 / 05:09.146, 765Mb)
## Memory (MB): Use = 765, Free = 752, Total = 1518, Max = 4000                                      (00:00.001 / 05:09.147, 765Mb)
Reclaiming memory...                                                                                 (00:00.000 / 05:09.148, 765Mb)
## Memory (MB): Use = 712, Free = 805, Total = 1518, Max = 4000                                      (00:01.350 / 05:10.499, 713Mb)
Run jekyll: jekyll build --destination "/tmp/ig-builds/dk.kip.rkkp.fhir.ig.core#2.11.4-milestone/output" (in folder /tmp/ig-builds/dk.kip.rkkp.fhir.ig.core#2.11.4-milestone/temp/pages) (00:00.001 / 05:10.500, 713Mb)
Troubleshooting Note: usual cases for Jekyll to fail are:                                            (00:00.001 / 05:10.501, 713Mb)
* A failure to produce a fragment that is already logged in the output above                         (00:00.000 / 05:10.502, 713Mb)
* A reference to a manually edited file that hasn't been provided                                    (00:00.000 / 05:10.503, 713Mb)
Jekyll: Source: /tmp/ig-builds/dk.kip.rkkp.fhir.ig.core#2.11.4-milestone/temp/pages                  (00:00.398 / 05:10.901, 715Mb)
Jekyll: Generating...                                                                                (00:00.000 / 05:10.902, 715Mb)
Jekyll: done in 16.933 seconds.                                                                      (00:16.932 / 05:27.834, 715Mb)

Installing dk.kip.rkkp.fhir.ig.core#2.11.4
Checking Output HTML                                                                                 (00:03.756 / 05:31.590, 983Mb)
found 10469 files                                                                                    (00:00.088 / 05:31.678, 986Mb)
........................................
........................................
  ... 10469 html files, 0 pages invalid xhtml (0%)                                                   (00:28.047 / 05:59.726, 1Gb)
  ... 389170 links, 11 broken links (0%)                                                             (00:00.003 / 05:59.730, 1Gb)
Generate fragment-usage-analysis.csv                                                                 (00:00.001 / 05:59.731, 1Gb)
Build final .zip                                                                                     (00:00.010 / 05:59.741, 1Gb)
Final .zip built                                                                                     (00:03.991 / 06:03.733, 1Gb)
Built. Times: loading: 00:06.340, generate: 05:14.108, narrative generation: 02:46.204, realm-rules: 00:00.001, previous-version: 00:00.000, jekyll: 00:17.406, validation: 00:12.543 (#990), template: 00:01.357 (#3) (00:03.739 / 06:07.472, 1Gb)
Generating QA                                                                                        (00:00.001 / 06:07.473, 1Gb)
Validation output in /tmp/ig-builds/dk.kip.rkkp.fhir.ig.core#2.11.4-milestone/output/qa.html
Errors: 11, Warnings: 541, Info: 306, Broken Links: 11 (00:01.185 / 06:08.660, 994Mb)
Finished. Max Memory Used = 1Gb. Log file saved in /tmp/fhir-ig-publisher-tmp.log                    (00:00.199 / 06:08.859, 1Gb)
Keep a copy of the build directory at /tmp/web-root/run-20250610/ig-build-zips/dk.kip.rkkp.fhir.ig.core#2.11.4.zip

ok. All checks passed. Publish v2.11.4 to /tmp/web-root/run-20250610/fhir/2.11.4
Copy the IG to /tmp/web-root/run-20250610/fhir/2.11.4
Update /tmp/web-root/run-20250610/fhir/package-list.json
Publish Box Statement: This page is part of the KIP Infrastructure (v2.11.4: Release) based on <a data-no-external="true" href="http://hl7.org/fhir/R4">FHIR (HL7® FHIR® Standard) R4</a>. This is the current published version in its permanent home (it will always be available at this URL).  For a full list of available versions, see the <a data-no-external="true" href="https://kip.rkkp.dk/fhir/history.html">Directory of published versions</a>
  .. 5956 files checked, 5956 updated
  .. 990 redirections (990 created/updated)
This is a milestone release - publish v2.11.4 to /tmp/web-root/run-20250610/fhir
Publish Box Statement: This page is part of the KIP Infrastructure (v2.11.4: Release) based on <a data-no-external="true" href="http://hl7.org/fhir/R4">FHIR (HL7® FHIR® Standard) R4</a>. This is the current published version.  For a full list of available versions, see the <a data-no-external="true" href="https://kip.rkkp.dk/fhir/history.html">Directory of published versions</a>
  .. 5956 files checked, 5956 updated
  .. 990 redirections (990 created/updated)
Check for Files to delete
  ... 0 files
Copy to new IG /tmp/web-root/run-20250610/fhir
Error in package-list.json:path to build.fhir.org should not use https://
dk.kip.rkkp.fhir.ig.core (https://kip.rkkp.dk/fhir): KIP Infrastructure @ http://build.fhir.org/ig/kip-infrastructure/implementation-guide
  release: Releases 2.11.4/4.0.1 @ https://kip.rkkp.dk/fhir/2.11.4
Build is complete. Copy from /tmp/web-root/run-20250610
Update history page at /tmp/web-root/run-20250610/fhir from /__w/implementation-guide/implementation-guide/history and web/templates
