FHIR IG Publisher Version 2.2.7 (Git# 46f94953d4dc). Built 2026-04-23T19:43:46.382Z (3 days old)
Detected Java version: 25.0.2 from /opt/java/openjdk on amd64 (64bit). 3998MB available
dir = /__w/implementation-guide/implementation-guide, path = /opt/java/openjdk/bin:/usr/local/sbin:/usr/local/bin:/usr/sbin:/usr/bin:/sbin:/bin
Parameters: -go-publish -source ig/ -web web/ -registry registry/fhir-ig-list.json -history history/ -templates web/templates
---------------
Publication Run: publish ig/ to web/
Publication URL of 'https://kip.rkkp.dk/fhir' is not consistent with the required base URL of 'https://kip.sundk.dk'
Relative directory for IG is '/fhir'
===== Web Publication Run Details ===============================
 Source IG: dk.kip.rkkp.fhir.ig.core#2.19.4 : https://kip.rkkp.dk/fhir (R4) from ig/
All checks passed. Do the publication build from /__w/implementation-guide/implementation-guide/ig and publish to /tmp/web-root/run-20260427/fhir
Prepare Build space in /tmp/ig-builds/dk.kip.rkkp.fhir.ig.core#2.19.4
Build IG at /__w/implementation-guide/implementation-guide/ig: final copy suitable for publication (in /tmp/ig-builds/dk.kip.rkkp.fhir.ig.core#2.19.4)
FHIR IG Publisher Version 2.2.7 (Git# 46f94953d4dc). Built 2026-04-23T19:43:46.382Z (3 days old)    
Detected Java version: 25.0.2 from /opt/java/openjdk on Linux/amd64 (64bit). 3998MB available       
dir = /__w/implementation-guide/implementation-guide, path = /opt/java/openjdk/bin:/usr/local/sbin:/usr/local/bin:/usr/sbin:/usr/bin:/sbin:/bin
Parameters: -publish https://kip.rkkp.dk/fhir/2.19.4 -no-exit -ig /tmp/ig-builds/dk.kip.rkkp.fhir.ig.core#2.19.4 -resetTx
Character encoding = UTF-8 / UTF-8                                                                  
Start Clock @ Monday, April 27, 2026, 7:58:15 AM Coordinated Universal Time (2026-04-27T07:58:15Z)  
                                                                                                    
Build FHIR IG from /tmp/ig-builds/dk.kip.rkkp.fhir.ig.core#2.19.4                                    (00:00.017 / 00:00.018, 124Mb)
Build Formal Publication package, intended for https://kip.rkkp.dk/fhir/2.19.4                       (00:00.002 / 00:00.019, 124Mb)
API keys loaded from /root/.fhir/fhir-settings.json                                                  (00:00.000 / 00:00.020, 124Mb)
Package Cache: /root/.fhir/packages                                                                  (00:00.002 / 00:00.023, 124Mb)
Run Sushi on /tmp/ig-builds/dk.kip.rkkp.fhir.ig.core#2.19.4                                          (00:00.002 / 00:00.025, 124Mb)
Sushi: info  Running SUSHI v3.19.0 (implements FHIR Shorthand specification v3.0.0)                  (00:00.420 / 00:00.446, 127Mb)
Sushi: info  Arguments:                                                                              (00:00.001 / 00:00.447, 127Mb)
Sushi: info    --require-latest                                                                      (00:00.000 / 00:00.448, 127Mb)
Sushi: info    --out /tmp/ig-builds/dk.kip.rkkp.fhir.ig.core#2.19.4                                  (00:00.000 / 00:00.449, 127Mb)
Sushi: info    /tmp/ig-builds/dk.kip.rkkp.fhir.ig.core#2.19.4                                        (00:00.000 / 00:00.450, 127Mb)
Sushi: info  Using configuration file: /tmp/ig-builds/dk.kip.rkkp.fhir.ig.core#2.19.4/sushi-config.yaml (00:00.354 / 00:00.805, 127Mb)
Sushi: info  Importing FSH text...                                                                   (00:00.089 / 00:00.894, 127Mb)
Sushi: info  Preprocessed 1013 documents with 11 aliases.                                            (00:01.350 / 00:02.245, 127Mb)
Sushi: info  Imported 995 definitions and 17 instances.                                              (00:00.167 / 00:02.413, 127Mb)
Sushi: info  Loaded virtual package sushi-r5forR4#1.0.0 with 7 resources                             (00:00.220 / 00:02.633, 127Mb)
Sushi: info  Resolved hl7.fhir.uv.tools.r4#latest to concrete version 1.1.2                          (00:00.675 / 00:03.309, 127Mb)
Sushi: info  Loaded hl7.fhir.uv.tools.r4#1.1.2 with 119 resources                                    (00:00.044 / 00:03.353, 127Mb)
Sushi: info  Resolved hl7.terminology.r4#latest to concrete version 7.1.0                            (00:00.173 / 00:03.527, 127Mb)
Sushi: info  Loaded hl7.terminology.r4#7.1.0 with 4103 resources                                     (00:00.951 / 00:04.478, 127Mb)
Sushi: info  Loaded hl7.fhir.dk.core#2.0.0 with 36 resources                                         (00:00.009 / 00:04.488, 127Mb)
Sushi: info  Loaded hl7.fhir.r4.core#4.0.1 with 4581 resources                                       (00:00.916 / 00:05.404, 127Mb)
Sushi: info  Resolved hl7.fhir.uv.extensions.r4#latest to concrete version 5.2.0                     (00:00.187 / 00:05.592, 127Mb)
Sushi: info  Loaded hl7.fhir.uv.extensions.r4#5.2.0 with 759 resources                               (00:00.183 / 00:05.775, 127Mb)
Sushi: info  Loaded virtual package sushi-local#LOCAL with 0 resources                               (00:00.009 / 00:05.785, 127Mb)
Sushi: info  Converting FSH to FHIR resources...                                                     (00:00.015 / 00:05.801, 127Mb)
Sushi: info  Converted 11 FHIR StructureDefinitions.                                                 (00:00.489 / 00:06.291, 127Mb)
Sushi: info  Converted 264 FHIR CodeSystems.                                                         (00:08.847 / 00:15.138, 127Mb)
Sushi: info  Converted 720 FHIR ValueSets.                                                           (00:15.910 / 00:31.049, 127Mb)
Sushi: info  Converted 17 FHIR instances.                                                            (00:00.309 / 00:31.359, 127Mb)
Sushi: info  Exporting FHIR resources as JSON...                                                     (00:00.001 / 00:31.360, 127Mb)
Sushi: info  Exported 1012 FHIR resources as JSON.                                                   (00:00.123 / 00:31.483, 127Mb)
Sushi: info  Assembling Implementation Guide sources...                                              (00:00.015 / 00:31.498, 127Mb)
Sushi: info  Generated ImplementationGuide-dk.kip.rkkp.fhir.ig.core.json                             (00:00.027 / 00:31.526, 127Mb)
Sushi: info  Assembled Implementation Guide sources; ready for IG Publisher.                         (00:00.001 / 00:31.527, 127Mb)
Sushi: info  The _build script hosted at https://github.com/HL7/ig-publisher-scripts is useful for downloading and running the IG Publisher. (00:00.001 / 00:31.528, 127Mb)
Sushi: ========================= SUSHI RESULTS ===========================                           (00:00.001 / 00:31.529, 127Mb)
Sushi: |  -------------------------------------------------------------  |                           (00:00.001 / 00:31.530, 127Mb)
Sushi: | |    Profiles   |  Extensions  |   Logicals   |   Resources   | |                           (00:00.001 / 00:31.532, 127Mb)
Sushi: | |-------------------------------------------------------------| |                           (00:00.001 / 00:31.533, 127Mb)
Sushi: | |       0       |      11      |      0       |       0       | |                           (00:00.001 / 00:31.534, 127Mb)
Sushi: |  -------------------------------------------------------------  |                           (00:00.001 / 00:31.535, 127Mb)
Sushi: |  -------------------------------------------------------------  |                           (00:00.001 / 00:31.536, 127Mb)
Sushi: | |      ValueSets     |    CodeSystems    |     Instances      | |                           (00:00.001 / 00:31.537, 127Mb)
Sushi: | |-------------------------------------------------------------| |                           (00:00.001 / 00:31.539, 127Mb)
Sushi: | |        720         |        264        |         17         | |                           (00:00.001 / 00:31.540, 127Mb)
Sushi: |  -------------------------------------------------------------  |                           (00:00.001 / 00:31.541, 127Mb)
Sushi: |                                                                 |                           (00:00.001 / 00:31.542, 127Mb)
Sushi: ===================================================================                           (00:00.001 / 00:31.543, 127Mb)
Sushi: | You're swimming in success!            0 Errors      0 Warnings |                           (00:00.000 / 00:31.544, 127Mb)
Sushi: ===================================================================                           (00:00.000 / 00:31.545, 127Mb)
Root directory: /tmp/ig-builds/dk.kip.rkkp.fhir.ig.core#2.19.4                                       (00:00.026 / 00:31.572, 127Mb)
Unable to load IG as an r5 IG - try R4 (property code is a class com.google.gson.JsonPrimitive looking for an object) (00:00.434 / 00:32.007, 66Mb)
Load Template from fhir.base.template#current                                                        (00:00.541 / 00:32.548, 33Mb)
[33mThis content depends on fhir.base.template which is no longer considered secure to use
[0;39m[33mSee Security notification at https://www.fhir.org/guides/security-notices/2026-03-npm-dependencies.html
[0;39mScanning directory: /tmp/ig-builds/dk.kip.rkkp.fhir.ig.core#2.19.4/template
======================================================================
Terminology Cache is at /tmp/ig-builds/dk.kip.rkkp.fhir.ig.core#2.19.4/input-cache/txcache. Clearing now (00:05.563 / 00:38.113, 195Mb)
Core Package hl7.fhir.r4.core#4.0.1                                                                  (00:00.002 / 00:38.115, 195Mb)
Running Terminology Log: /tmp/ohfu-fhir-ig-331272420442879867.html
Connect to Terminology Server at http://tx.fhir.org                                                  (00:03.838 / 00:41.953, 389Mb)
[39mLoad Package hl7.fhir.pubpack#0.2.5
[0;39m[39mLoad Package hl7.fhir.xver-extensions#0.1.0
[0;39m[39mLoad Package hl7.terminology.r4#7.1.0
[0;39m[39mLoad Package hl7.fhir.uv.extensions.r4#5.2.0
[0;39m[39mLoad Package hl7.terminology.r4#3.1.0
[0;39m[39mLoad Package hl7.fhir.dk.core#2.0.0
[0;39m[39mLoad Package hl7.fhir.uv.tools.r4#1.1.2
[0;39mLoad R5 Specials
Initialization complete                                                                              (00:06.183 / 00:48.136, 601Mb)
Load IG                                                                                              (00:00.000 / 00:48.137, 601Mb)
Load Content                                                                                         (00:00.003 / 00:48.141, 602Mb)
Using en-US as the default narrative language. (no language information in Implementation Guide)     (00:00.149 / 00:48.291, 649Mb)
Process Loaded Resources                                                                             (00:01.076 / 00:49.368, 816Mb)
Generating Snapshots                                                                                 (00:01.125 / 00:50.493, 560Mb)

Signing Certificate: RSA key for Subject: OU=IG Publisher, L=Ann Arbor, CN=hl7.org, O=HL7, ST=Missouri, C=us from: OU=IG Publisher, L=Ann Arbor, CN=hl7.org, O=HL7, ST=Missouri, C=us
Fetch https://kip.rkkp.dk/fhir/package-list.json for version check                                   (00:00.223 / 00:50.716, 589Mb)
Checking Language                                                                                    (00:00.559 / 00:51.276, 664Mb)
Load Dependency Info                                                                                 (00:00.016 / 00:51.292, 668Mb)
Load Info                                                                                            (00:00.003 / 00:51.295, 669Mb)
Load Paths                                                                                           (00:00.002 / 00:51.297, 670Mb)
Check R4 / R4B                                                                                       (00:00.000 / 00:51.298, 670Mb)
Assign Comparison Ids                                                                                (00:00.217 / 00:51.516, 786Mb)
Propagating status                                                                                   (00:00.001 / 00:51.517, 786Mb)
Generating Narratives                                                                                (00:00.000 / 00:51.518, 786Mb)
Validating Conformance Resources                                                                     (00:02.083 / 00:53.602, 917Mb)
Check profiles & code systems                                                                        (00:11.823 / 01:05.425, 1Gb)
Check realm rules                                                                                    (00:00.005 / 01:05.431, 1Gb)
Previous Version Comparison                                                                          (00:00.001 / 01:05.433, 1Gb)
Checking for Bundles to sign                                                                         (00:00.034 / 01:05.468, 1Gb)
Validating Resources                                                                                 (00:00.001 / 01:05.469, 1Gb)
Processing Provenance Records                                                                        (00:00.110 / 01:05.580, 1Gb)
Generating Outputs in /tmp/ig-builds/dk.kip.rkkp.fhir.ig.core#2.19.4/output                          (00:00.001 / 01:05.582, 1Gb)
Generate Native Outputs                                                                              (00:00.358 / 01:05.940, 1Gb)
Run Template                                                                                         (00:22.955 / 01:28.896, 1Gb)
Generate HTML Outputs                                                                                (00:02.099 / 01:30.995, 1Gb)
Generate Spreadsheets                                                                                (00:13.791 / 01:44.787, 1Gb)
Generate Summaries                                                                                   (00:00.962 / 01:45.749, 995Mb)
Generating Summary Outputs                                                                           (00:00.001 / 01:45.750, 995Mb)
Table of contents has a section with more than 222 entries.  Collapsing will not work reliably
DB Cumulative Time invested: 00:00:01.537
Sending Usage Stats to Server                                                                        (00:03.099 / 01:48.849, 1Gb)
## Memory (MB): Use = 1843, Free = 74, Total = 1918, Max = 3998                                      (00:00.002 / 01:48.852, 1Gb)
Reclaiming memory...                                                                                 (00:00.000 / 01:48.853, 1Gb)
## Memory (MB): Use = 786, Free = 1131, Total = 1918, Max = 3998                                     (00:00.607 / 01:49.460, 787Mb)
Run jekyll: jekyll build --destination "/tmp/ig-builds/dk.kip.rkkp.fhir.ig.core#2.19.4/output" (in folder /tmp/ig-builds/dk.kip.rkkp.fhir.ig.core#2.19.4/temp/pages) (00:00.002 / 01:49.462, 787Mb)
Troubleshooting Note: usual cases for Jekyll to fail are:                                            (00:00.001 / 01:49.463, 787Mb)
* A failure to produce a fragment that is already logged in the output above                         (00:00.000 / 01:49.464, 787Mb)
* A reference to a manually edited file that hasn't been provided                                    (00:00.001 / 01:49.465, 787Mb)
Jekyll: Source: /tmp/ig-builds/dk.kip.rkkp.fhir.ig.core#2.19.4/temp/pages                            (00:00.398 / 01:49.864, 789Mb)
Jekyll: Generating...                                                                                (00:00.000 / 01:49.865, 789Mb)
Jekyll: done in 16.385 seconds.                                                                      (00:16.383 / 02:06.249, 790Mb)
Generating combined package                                                                          (00:01.856 / 02:08.105, 1Gb)
[39mProducing Output Package in /tmp/ig-builds/dk.kip.rkkp.fhir.ig.core#2.19.4/output/package-combined.tgz
[0;39m[39mDone
[0;39m[39m
[0;39m[39mInstalling dk.kip.rkkp.fhir.ig.core#2.19.4
[0;39m[39m done.
[0;39m[39m loaded @ /root/.fhir/packages/dk.kip.rkkp.fhir.ig.core#2.19.4
[0;39mChecking Output HTML                                                                                 (00:04.971 / 02:13.077, 1Gb)
Processed /tmp/ig-builds/dk.kip.rkkp.fhir.ig.core#2.19.4/output - % reduction = 98 (138848744 ==> 3934318)
found 11729 files                                                                                    (00:04.192 / 02:17.270, 1Gb)
........................................
........................................
  ... 11729 html files, 0 pages invalid xhtml (0%)                                                   (00:31.038 / 02:48.308, 1Gb)
  ... 422165 links, 11 broken links (0%)                                                             (00:00.001 / 02:48.309, 1Gb)
Generate fragment-usage-analysis.csv                                                                 (00:00.001 / 02:48.310, 1Gb)
Build final .zip                                                                                     (00:00.009 / 02:48.319, 1Gb)
Final .zip built                                                                                     (00:06.127 / 02:54.447, 1Gb)
Built. Times: loading: 00:03.135, generate: 02:05.595, narrative generation: 00:02.082, realm-rules: 00:00.001, previous-version: 00:00.000, jekyll: 00:16.857, validation: 00:11.792 (#1013), template: 00:02.105 (#3) (00:02.424 / 02:56.871, 1Gb)
Generating QA                                                                                        (00:00.001 / 02:56.873, 1Gb)
Validation output in /tmp/ig-builds/dk.kip.rkkp.fhir.ig.core#2.19.4/output/qa.html
Errors: 25, Warnings: 515, Info: 3479, Broken Links: 11 (00:02.419 / 02:59.292, 1Gb)
Finished @ 4/27/26, 8:01 AM. Max Memory Used = 1Gb. Log file saved in /tmp/fhir-ig-publisher-tmp.log (00:00.113 / 02:59.406, 1Gb)
Prepare Build space in /tmp/ig-builds/dk.kip.rkkp.fhir.ig.core#2.19.4-milestone
Build IG at /__w/implementation-guide/implementation-guide/ig: final copy suitable for publication (in /tmp/ig-builds/dk.kip.rkkp.fhir.ig.core#2.19.4-milestone) (milestone build)
FHIR IG Publisher Version 2.2.7 (Git# 46f94953d4dc). Built 2026-04-23T19:43:46.382Z (3 days old)    
Detected Java version: 25.0.2 from /opt/java/openjdk on Linux/amd64 (64bit). 3998MB available       
dir = /__w/implementation-guide/implementation-guide, path = /opt/java/openjdk/bin:/usr/local/sbin:/usr/local/bin:/usr/sbin:/usr/bin:/sbin:/bin
Parameters: -publish https://kip.rkkp.dk/fhir/2.19.4 -no-exit -ig /tmp/ig-builds/dk.kip.rkkp.fhir.ig.core#2.19.4-milestone -milestone
Character encoding = UTF-8 / UTF-8                                                                  
Start Clock @ Monday, April 27, 2026, 8:01:27 AM Coordinated Universal Time (2026-04-27T08:01:27Z)  
                                                                                                    
Build FHIR IG from /tmp/ig-builds/dk.kip.rkkp.fhir.ig.core#2.19.4-milestone                          (00:00.002 / 00:00.002, 1Gb)
Build Formal Publication package, intended for https://kip.rkkp.dk/fhir/2.19.4                       (00:00.000 / 00:00.002, 1Gb)
API keys loaded from /root/.fhir/fhir-settings.json                                                  (00:00.000 / 00:00.003, 1Gb)
Package Cache: /root/.fhir/packages                                                                  (00:00.000 / 00:00.004, 1Gb)
Run Sushi on /tmp/ig-builds/dk.kip.rkkp.fhir.ig.core#2.19.4-milestone                                (00:00.001 / 00:00.005, 1Gb)
Sushi: info  Running SUSHI v3.19.0 (implements FHIR Shorthand specification v3.0.0)                  (00:00.421 / 00:00.426, 1Gb)
Sushi: info  Arguments:                                                                              (00:00.000 / 00:00.427, 1Gb)
Sushi: info    --require-latest                                                                      (00:00.000 / 00:00.428, 1Gb)
Sushi: info    --out /tmp/ig-builds/dk.kip.rkkp.fhir.ig.core#2.19.4-milestone                        (00:00.000 / 00:00.429, 1Gb)
Sushi: info    /tmp/ig-builds/dk.kip.rkkp.fhir.ig.core#2.19.4-milestone                              (00:00.001 / 00:00.430, 1Gb)
Sushi: info  Using configuration file: /tmp/ig-builds/dk.kip.rkkp.fhir.ig.core#2.19.4-milestone/sushi-config.yaml (00:00.337 / 00:00.767, 1Gb)
Sushi: info  Importing FSH text...                                                                   (00:00.089 / 00:00.856, 1Gb)
Sushi: info  Preprocessed 1013 documents with 11 aliases.                                            (00:01.310 / 00:02.166, 1Gb)
Sushi: info  Imported 995 definitions and 17 instances.                                              (00:00.162 / 00:02.328, 1Gb)
Sushi: info  Loaded virtual package sushi-r5forR4#1.0.0 with 7 resources                             (00:00.220 / 00:02.549, 1Gb)
Sushi: info  Resolved hl7.fhir.uv.tools.r4#latest to concrete version 1.1.2                          (00:00.775 / 00:03.324, 1Gb)
Sushi: info  Loaded hl7.fhir.uv.tools.r4#1.1.2 with 119 resources                                    (00:00.046 / 00:03.370, 1Gb)
Sushi: info  Resolved hl7.terminology.r4#latest to concrete version 7.1.0                            (00:00.176 / 00:03.547, 1Gb)
Sushi: info  Loaded hl7.terminology.r4#7.1.0 with 4103 resources                                     (00:00.951 / 00:04.498, 1Gb)
Sushi: info  Loaded hl7.fhir.dk.core#2.0.0 with 36 resources                                         (00:00.010 / 00:04.508, 1Gb)
Sushi: info  Loaded hl7.fhir.r4.core#4.0.1 with 4581 resources                                       (00:00.915 / 00:05.424, 1Gb)
Sushi: info  Resolved hl7.fhir.uv.extensions.r4#latest to concrete version 5.2.0                     (00:00.183 / 00:05.608, 1Gb)
Sushi: info  Loaded hl7.fhir.uv.extensions.r4#5.2.0 with 759 resources                               (00:00.182 / 00:05.791, 1Gb)
Sushi: info  Loaded virtual package sushi-local#LOCAL with 0 resources                               (00:00.009 / 00:05.800, 1Gb)
Sushi: info  Converting FSH to FHIR resources...                                                     (00:00.015 / 00:05.816, 1Gb)
Sushi: info  Converted 11 FHIR StructureDefinitions.                                                 (00:00.484 / 00:06.301, 1Gb)
Sushi: info  Converted 264 FHIR CodeSystems.                                                         (00:08.731 / 00:15.033, 1Gb)
Sushi: info  Converted 720 FHIR ValueSets.                                                           (00:15.617 / 00:30.651, 1Gb)
Sushi: info  Converted 17 FHIR instances.                                                            (00:00.292 / 00:30.943, 1Gb)
Sushi: info  Exporting FHIR resources as JSON...                                                     (00:00.001 / 00:30.945, 1Gb)
Sushi: info  Exported 1012 FHIR resources as JSON.                                                   (00:00.122 / 00:31.067, 1Gb)
Sushi: info  Assembling Implementation Guide sources...                                              (00:00.015 / 00:31.083, 1Gb)
Sushi: info  Generated ImplementationGuide-dk.kip.rkkp.fhir.ig.core.json                             (00:00.026 / 00:31.109, 1Gb)
Sushi: info  Assembled Implementation Guide sources; ready for IG Publisher.                         (00:00.001 / 00:31.110, 1Gb)
Sushi: info  The _build script hosted at https://github.com/HL7/ig-publisher-scripts is useful for downloading and running the IG Publisher. (00:00.001 / 00:31.112, 1Gb)
Sushi: ========================= SUSHI RESULTS ===========================                           (00:00.001 / 00:31.113, 1Gb)
Sushi: |  -------------------------------------------------------------  |                           (00:00.001 / 00:31.114, 1Gb)
Sushi: | |    Profiles   |  Extensions  |   Logicals   |   Resources   | |                           (00:00.000 / 00:31.115, 1Gb)
Sushi: | |-------------------------------------------------------------| |                           (00:00.000 / 00:31.116, 1Gb)
Sushi: | |       0       |      11      |      0       |       0       | |                           (00:00.000 / 00:31.117, 1Gb)
Sushi: |  -------------------------------------------------------------  |                           (00:00.000 / 00:31.118, 1Gb)
Sushi: |  -------------------------------------------------------------  |                           (00:00.001 / 00:31.119, 1Gb)
Sushi: | |      ValueSets     |    CodeSystems    |     Instances      | |                           (00:00.000 / 00:31.120, 1Gb)
Sushi: | |-------------------------------------------------------------| |                           (00:00.000 / 00:31.120, 1Gb)
Sushi: | |        720         |        264        |         17         | |                           (00:00.000 / 00:31.121, 1Gb)
Sushi: |  -------------------------------------------------------------  |                           (00:00.000 / 00:31.122, 1Gb)
Sushi: |                                                                 |                           (00:00.000 / 00:31.123, 1Gb)
Sushi: ===================================================================                           (00:00.000 / 00:31.124, 1Gb)
Sushi: | You're making waves now!               0 Errors      0 Warnings |                           (00:00.000 / 00:31.124, 1Gb)
Sushi: ===================================================================                           (00:00.000 / 00:31.125, 1Gb)
Root directory: /tmp/ig-builds/dk.kip.rkkp.fhir.ig.core#2.19.4-milestone                             (00:00.029 / 00:31.155, 1Gb)
Unable to load IG as an r5 IG - try R4 (property code is a class com.google.gson.JsonPrimitive looking for an object) (00:00.006 / 00:31.162, 1Gb)
Load Template from fhir.base.template#current                                                        (00:00.031 / 00:31.193, 1Gb)
[33mThis content depends on fhir.base.template which is no longer considered secure to use
[0;39m[33mSee Security notification at https://www.fhir.org/guides/security-notices/2026-03-npm-dependencies.html
[0;39mScanning directory: /tmp/ig-builds/dk.kip.rkkp.fhir.ig.core#2.19.4-milestone/template
======================================================================
Terminology Cache is at /tmp/ig-builds/dk.kip.rkkp.fhir.ig.core#2.19.4-milestone/input-cache/txcache. 4 files in cache (00:04.164 / 00:35.358, 956Mb)
Core Package hl7.fhir.r4.core#4.0.1                                                                  (00:00.000 / 00:35.359, 956Mb)
Running Terminology Log: /tmp/ohfu-fhir-ig-8964600918234302013.html
Connect to Terminology Server at http://tx.fhir.org                                                  (00:01.777 / 00:37.137, 892Mb)
[39mLoad Package hl7.fhir.pubpack#0.2.5
[0;39m[39mLoad Package hl7.fhir.xver-extensions#0.1.0
[0;39m[39mLoad Package hl7.terminology.r4#7.1.0
[0;39m[39mLoad Package hl7.fhir.uv.extensions.r4#5.2.0
[0;39m[39mLoad Package hl7.terminology.r4#3.1.0
[0;39m[39mLoad Package hl7.fhir.dk.core#2.0.0
[0;39m[39mLoad Package hl7.fhir.uv.tools.r4#1.1.2
[0;39mLoad R5 Specials
Initialization complete                                                                              (00:03.481 / 00:40.618, 915Mb)
Load IG                                                                                              (00:00.000 / 00:40.618, 915Mb)
Load Content                                                                                         (00:00.002 / 00:40.621, 916Mb)
Using en-US as the default narrative language. (no language information in Implementation Guide)     (00:00.027 / 00:40.648, 959Mb)
Process Loaded Resources                                                                             (00:00.757 / 00:41.405, 677Mb)
Generating Snapshots                                                                                 (00:00.510 / 00:41.916, 1Gb)

Signing Certificate: RSA key for Subject: OU=IG Publisher, L=Ann Arbor, CN=hl7.org, O=HL7, ST=Missouri, C=us from: OU=IG Publisher, L=Ann Arbor, CN=hl7.org, O=HL7, ST=Missouri, C=us
Fetch https://kip.rkkp.dk/fhir/package-list.json for version check                                   (00:00.058 / 00:41.975, 1Gb)
Checking Language                                                                                    (00:00.523 / 00:42.499, 1Gb)
Load Dependency Info                                                                                 (00:00.007 / 00:42.506, 1Gb)
Load Info                                                                                            (00:00.002 / 00:42.508, 1Gb)
Load Paths                                                                                           (00:00.001 / 00:42.510, 1Gb)
Check R4 / R4B                                                                                       (00:00.000 / 00:42.511, 1Gb)
Assign Comparison Ids                                                                                (00:00.160 / 00:42.672, 664Mb)
Propagating status                                                                                   (00:00.001 / 00:42.673, 664Mb)
Generating Narratives                                                                                (00:00.000 / 00:42.673, 664Mb)
Validating Conformance Resources                                                                     (00:01.181 / 00:43.855, 1Gb)
Check profiles & code systems                                                                        (00:08.256 / 00:52.112, 1Gb)
Check realm rules                                                                                    (00:00.005 / 00:52.117, 1Gb)
Previous Version Comparison                                                                          (00:00.001 / 00:52.118, 1Gb)
Checking for Bundles to sign                                                                         (00:00.036 / 00:52.154, 1Gb)
Validating Resources                                                                                 (00:00.000 / 00:52.155, 1Gb)
Processing Provenance Records                                                                        (00:00.143 / 00:52.298, 1Gb)
Generating Outputs in /tmp/ig-builds/dk.kip.rkkp.fhir.ig.core#2.19.4-milestone/output                (00:00.001 / 00:52.300, 1Gb)
Generate Native Outputs                                                                              (00:00.304 / 00:52.604, 1Gb)
Run Template                                                                                         (00:23.053 / 01:15.658, 1Gb)
Generate HTML Outputs                                                                                (00:01.854 / 01:17.512, 1Gb)
Generate Spreadsheets                                                                                (00:11.990 / 01:29.503, 1Gb)
Generate Summaries                                                                                   (00:00.570 / 01:30.073, 1Gb)
Generating Summary Outputs                                                                           (00:00.001 / 01:30.075, 1Gb)
Table of contents has a section with more than 222 entries.  Collapsing will not work reliably
DB Cumulative Time invested: 00:00:01.572
Sending Usage Stats to Server                                                                        (00:02.746 / 01:32.821, 875Mb)
## Memory (MB): Use = 875, Free = 1244, Total = 2120, Max = 3998                                     (00:00.001 / 01:32.823, 875Mb)
Reclaiming memory...                                                                                 (00:00.001 / 01:32.824, 875Mb)
## Memory (MB): Use = 789, Free = 1330, Total = 2120, Max = 3998                                     (00:00.895 / 01:33.719, 790Mb)
Run jekyll: jekyll build --destination "/tmp/ig-builds/dk.kip.rkkp.fhir.ig.core#2.19.4-milestone/output" (in folder /tmp/ig-builds/dk.kip.rkkp.fhir.ig.core#2.19.4-milestone/temp/pages) (00:00.001 / 01:33.721, 790Mb)
Troubleshooting Note: usual cases for Jekyll to fail are:                                            (00:00.001 / 01:33.722, 790Mb)
* A failure to produce a fragment that is already logged in the output above                         (00:00.001 / 01:33.723, 790Mb)
* A reference to a manually edited file that hasn't been provided                                    (00:00.000 / 01:33.724, 790Mb)
Jekyll: Source: /tmp/ig-builds/dk.kip.rkkp.fhir.ig.core#2.19.4-milestone/temp/pages                  (00:00.408 / 01:34.132, 792Mb)
Jekyll: Generating...                                                                                (00:00.001 / 01:34.133, 792Mb)
Jekyll: done in 16.451 seconds.                                                                      (00:16.449 / 01:50.583, 792Mb)
Generating combined package                                                                          (00:01.496 / 01:52.080, 1Gb)
[39mProducing Output Package in /tmp/ig-builds/dk.kip.rkkp.fhir.ig.core#2.19.4-milestone/output/package-combined.tgz
[0;39m[39mDone
[0;39m[39m
[0;39m[39mInstalling dk.kip.rkkp.fhir.ig.core#2.19.4
[0;39m[39m loaded @ /root/.fhir/packages/dk.kip.rkkp.fhir.ig.core#2.19.4
[0;39mChecking Output HTML                                                                                 (00:04.776 / 01:56.856, 903Mb)
Processed /tmp/ig-builds/dk.kip.rkkp.fhir.ig.core#2.19.4-milestone/output - % reduction = 98 (138848744 ==> 3934318)
found 11729 files                                                                                    (00:03.938 / 02:00.795, 879Mb)
........................................
........................................
  ... 11729 html files, 0 pages invalid xhtml (0%)                                                   (00:29.657 / 02:30.452, 845Mb)
  ... 422165 links, 11 broken links (0%)                                                             (00:00.001 / 02:30.453, 845Mb)
Generate fragment-usage-analysis.csv                                                                 (00:00.000 / 02:30.454, 845Mb)
Build final .zip                                                                                     (00:00.006 / 02:30.460, 845Mb)
Final .zip built                                                                                     (00:06.001 / 02:36.462, 1Gb)
Built. Times: loading: 00:01.878, generate: 01:56.211, narrative generation: 00:01.180, realm-rules: 00:00.001, previous-version: 00:00.000, jekyll: 00:16.933, validation: 00:08.242 (#1013), template: 00:01.856 (#3) (00:02.248 / 02:38.710, 1Gb)
Generating QA                                                                                        (00:00.001 / 02:38.712, 1Gb)
Validation output in /tmp/ig-builds/dk.kip.rkkp.fhir.ig.core#2.19.4-milestone/output/qa.html
Errors: 25, Warnings: 515, Info: 3479, Broken Links: 11 (00:01.151 / 02:39.863, 1Gb)
Finished @ 4/27/26, 8:04 AM. Max Memory Used = 1Gb. Log file saved in /tmp/fhir-ig-publisher-tmp.log (00:00.084 / 02:39.947, 1Gb)
Keep a copy of the build directory at /tmp/web-root/run-20260427/ig-build-zips/dk.kip.rkkp.fhir.ig.core#2.19.4.zip

ok. All checks passed. Publish v2.19.4 to /tmp/web-root/run-20260427/fhir/2.19.4
Copy the IG to /tmp/web-root/run-20260427/fhir/2.19.4
Update /tmp/web-root/run-20260427/fhir/package-list.json
Publish Box Statement: This page is part of the KIP Infrastructure (v2.19.4: Release) based on <a data-no-external="true" href="http://hl7.org/fhir/R4">FHIR (HL7® FHIR® Standard) R4</a>. This is the current published version in its permanent home (it will always be available at this URL).  For a full list of available versions, see the <a data-no-external="true" href="https://kip.rkkp.dk/fhir/history.html">Directory of published versions</a>
  .. 6098 files checked, 6098 updated
  .. 1013 redirections (1013 created/updated)
This is a milestone release - publish v2.19.4 to /tmp/web-root/run-20260427/fhir
Publish Box Statement: This page is part of the KIP Infrastructure (v2.19.4: Release) based on <a data-no-external="true" href="http://hl7.org/fhir/R4">FHIR (HL7® FHIR® Standard) R4</a>. This is the current published version.  For a full list of available versions, see the <a data-no-external="true" href="https://kip.rkkp.dk/fhir/history.html">Directory of published versions</a>
  .. 6098 files checked, 6098 updated
  .. 1013 redirections (1013 created/updated)
Check for Files to delete
  ... 0 files
Copy to new IG /tmp/web-root/run-20260427/fhir
Error in package-list.json:path to build.fhir.org should not use https://
dk.kip.rkkp.fhir.ig.core (https://kip.rkkp.dk/fhir): KIP Infrastructure @ http://build.fhir.org/ig/kip-infrastructure/implementation-guide
  edition: Releases 2.19.4/4.0.1 @ https://kip.rkkp.dk/fhir/2.19.4
Build is complete. Copy from /tmp/web-root/run-20260427
Update history page at /tmp/web-root/run-20260427/fhir from /__w/implementation-guide/implementation-guide/history and web/templates
