FHIR IG Publisher Version 1.8.6 (Git# ee78712a9566). Built 2025-01-05T06:01:16.464Z (54 hours old)
Detected Java version: 23 from /usr/local/openjdk-23 on amd64 (64bit). 4096MB available
dir = /__w/implementation-guide/implementation-guide, path = /usr/local/openjdk-23/bin:/usr/local/sbin:/usr/local/bin:/usr/sbin:/usr/bin:/sbin:/bin
Parameters: -go-publish -source ig/ -web web/ -registry registry/fhir-ig-list.json -history history/ -templates web/templates
---------------
Publication Run: publish ig/ to web/
Run Number: 5
Relative directory for IG is '/fhir'
===== Web Publication Run Details ===============================
 Source IG: dk.kip.sundk.fhir.ig.core#0.0.9 : https://kip.sundk.dk/fhir (R4) from ig/
All checks passed. Do the publication build from /__w/implementation-guide/implementation-guide/ig and publish to /tmp/web-root/run-20250107/fhir
Prepare Build space in /tmp/dk.kip.sundk.fhir.ig.core#0.0.9
Build IG at /__w/implementation-guide/implementation-guide/ig: final copy suitable for publication (in /tmp/dk.kip.sundk.fhir.ig.core#0.0.9)
FHIR IG Publisher Version 1.8.6 (Git# ee78712a9566). Built 2025-01-05T06:01:16.464Z (54 hours old)  
Detected Java version: 23 from /usr/local/openjdk-23 on Linux/amd64 (64bit). 4096MB available       
dir = /__w/implementation-guide/implementation-guide, path = /usr/local/openjdk-23/bin:/usr/local/sbin:/usr/local/bin:/usr/sbin:/usr/bin:/sbin:/bin
Parameters: -ig /tmp/dk.kip.sundk.fhir.ig.core#0.0.9 -resetTx -publish https://kip.sundk.dk/fhir/0.0.9 -no-exit
Start Clock @ Tuesday, January 7, 2025, 12:31:43 PM Coordinated Universal Time (2025-01-07T12:31:43Z)
                                                                                                    
Build FHIR IG from /tmp/dk.kip.sundk.fhir.ig.core#0.0.9                                              (00:00.020 / 00:00.021, 55Mb)
Build Formal Publication package, intended for https://kip.sundk.dk/fhir/0.0.9                       (00:00.003 / 00:00.023, 56Mb)
API keys loaded from /root/.fhir/fhir-settings.json                                                  (00:00.001 / 00:00.025, 56Mb)
Package Cache: /root/.fhir/packages                                                                  (00:00.003 / 00:00.028, 56Mb)
Run Sushi on /tmp/dk.kip.sundk.fhir.ig.core#0.0.9                                                    (00:00.002 / 00:00.030, 56Mb)
Sushi: info  Running SUSHI v3.14.0 (implements FHIR Shorthand specification v3.0.0)                  (00:00.441 / 00:00.471, 57Mb)
Sushi: info  Arguments:                                                                              (00:00.001 / 00:00.473, 57Mb)
Sushi: info    --require-latest                                                                      (00:00.001 / 00:00.474, 57Mb)
Sushi: info    --out /tmp/dk.kip.sundk.fhir.ig.core#0.0.9                                            (00:00.000 / 00:00.475, 57Mb)
Sushi: info    /tmp/dk.kip.sundk.fhir.ig.core#0.0.9                                                  (00:00.000 / 00:00.475, 57Mb)
Sushi: info  Using configuration file: /tmp/dk.kip.sundk.fhir.ig.core#0.0.9/sushi-config.yaml        (00:00.473 / 00:00.949, 57Mb)
Sushi: info  Importing FSH text...                                                                   (00:00.092 / 00:01.042, 57Mb)
Sushi: info  Preprocessed 978 documents with 11 aliases.                                             (00:01.269 / 00:02.311, 57Mb)
Sushi: info  Imported 968 definitions and 9 instances.                                               (00:00.192 / 00:02.504, 57Mb)
Sushi: warn  Detected FSH entity definitions with duplicate names. While FSH allows for duplicate names across entity types, they can lead to ambiguous results when referring to these entities by name elsewhere (e.g., in references). Consider using unique names in FSH declarations and assigning duplicated names using caret assignment rules instead. Detected duplicate names: QuestionnaireResponseResponsibleOnCarePlan, CarePlanReadOrWriteAccess, AktuelSygdomsforlob, AnasthesiaService, AnasthesiaTypeGen, AnnArborStagingClassification, BinetStagingSystem, BiobankSamples, BulkingMaterialeDUGA, CentralBlock, ClinicalProtocolCodes, ClinicalProtocolNotParticipated, Competence, CoronaryArteryGraph, Cyclus, CytogeneticChanges, CytogeneticExamination, DHDeksklusionskriterie, PRDcodes, Faggruppe, GenoplivStoppet, Genoplivning, GynUndersoegDUGA, HaemoglobinTransf4, HeartRhythm, HjertestopAarsag, HuntHessClassification, IkkeBesvaret, ImplantattypeDUGA, Interventionsforloeb, Intubation, IntubationRelaks, KliniskeSymptomerDCCG, KorsbaandEjBevaret, LaryngoskopiDegree, LifeStatus, MedicalScanningTypes, MedicinDANARREST, MolecularRemission, MorsDiagnosegrupper, MuligVanskeligUmulig, NYHA, Operationserfaring, PreoperativTemplating, Priority, RadiologicalBoneChanges, ReferredForTraining, Regioner, Rytme1Obs, ScoreCentralBlock, SlyngeDUGA, SmerteKvalme, StopTeam, TreatmentMethodMRD, TreatmentRegimen, TrombektomiPerfusion, UdskrevetTil, UndersoegelsesTypeDUGA. (00:00.132 / 00:02.637, 57Mb)
Sushi: info  Loaded virtual package sushi-r5forR4#1.0.0 with 7 resources                             (00:00.087 / 00:02.724, 57Mb)
Sushi: info  Resolved hl7.fhir.uv.tools.r4#latest to concrete version 0.3.0                          (00:00.604 / 00:03.329, 57Mb)
Sushi: info  Loaded hl7.fhir.uv.tools.r4#0.3.0 with 75 resources                                     (00:00.039 / 00:03.369, 57Mb)
Sushi: info  Resolved hl7.terminology.r4#latest to concrete version 6.1.0                            (00:00.110 / 00:03.479, 57Mb)
Sushi: info  Loaded hl7.terminology.r4#6.1.0 with 4315 resources                                     (00:00.942 / 00:04.421, 57Mb)
Sushi: info  Resolved hl7.fhir.uv.extensions.r4#latest to concrete version 5.1.0                     (00:00.104 / 00:04.526, 57Mb)
Sushi: info  Loaded hl7.fhir.uv.extensions.r4#5.1.0 with 1397 resources                              (00:00.332 / 00:04.858, 57Mb)
Sushi: info  Loaded hl7.fhir.dk.core#2.0.0 with 36 resources                                         (00:00.010 / 00:04.868, 57Mb)
Sushi: info  Loaded hl7.fhir.r4.core#4.0.1 with 4581 resources                                       (00:00.800 / 00:05.668, 57Mb)
Sushi: info  Loaded virtual package sushi-local#LOCAL with 0 resources                               (00:00.007 / 00:05.676, 57Mb)
Sushi: info  Converting FSH to FHIR resources...                                                     (00:00.019 / 00:05.696, 57Mb)
Sushi: info  Converted 9 FHIR StructureDefinitions.                                                  (00:00.403 / 00:06.099, 57Mb)
Sushi: info  Converted 264 FHIR CodeSystems.                                                         (00:08.015 / 00:14.115, 57Mb)
Sushi: info  Converted 695 FHIR ValueSets.                                                           (00:15.086 / 00:29.201, 57Mb)
Sushi: info  Converted 9 FHIR instances.                                                             (00:00.132 / 00:29.334, 57Mb)
Sushi: info  Exporting FHIR resources as JSON...                                                     (00:00.001 / 00:29.335, 57Mb)
Sushi: info  Exported 977 FHIR resources as JSON.                                                    (00:00.126 / 00:29.462, 57Mb)
Sushi: info  Assembling Implementation Guide sources...                                              (00:00.015 / 00:29.478, 57Mb)
Sushi: info  Generated ImplementationGuide-dk.kip.sundk.fhir.ig.core.json                            (00:00.035 / 00:29.513, 57Mb)
Sushi: info  Assembled Implementation Guide sources; ready for IG Publisher.                         (00:00.001 / 00:29.514, 57Mb)
Sushi: ========================= SUSHI RESULTS ===========================                           (00:00.001 / 00:29.516, 57Mb)
Sushi: |  -------------------------------------------------------------  |                           (00:00.001 / 00:29.517, 57Mb)
Sushi: | |    Profiles   |  Extensions  |   Logicals   |   Resources   | |                           (00:00.000 / 00:29.518, 57Mb)
Sushi: | |-------------------------------------------------------------| |                           (00:00.000 / 00:29.519, 57Mb)
Sushi: | |       0       |      9       |      0       |       0       | |                           (00:00.001 / 00:29.520, 57Mb)
Sushi: |  -------------------------------------------------------------  |                           (00:00.000 / 00:29.521, 57Mb)
Sushi: |  -------------------------------------------------------------  |                           (00:00.000 / 00:29.522, 57Mb)
Sushi: | |      ValueSets     |    CodeSystems    |     Instances      | |                           (00:00.000 / 00:29.523, 57Mb)
Sushi: | |-------------------------------------------------------------| |                           (00:00.000 / 00:29.524, 57Mb)
Sushi: | |        695         |        264        |         9          | |                           (00:00.000 / 00:29.525, 57Mb)
Sushi: |  -------------------------------------------------------------  |                           (00:00.000 / 00:29.525, 57Mb)
Sushi: |                                                                 |                           (00:00.000 / 00:29.526, 57Mb)
Sushi: ===================================================================                           (00:00.000 / 00:29.527, 57Mb)
Sushi: | You seem to be casting about.          0 Errors       1 Warning |                           (00:00.000 / 00:29.528, 57Mb)
Sushi: ===================================================================                           (00:00.000 / 00:29.529, 57Mb)
Unable to load IG as an r5 IG - try R4 (property code is a class com.google.gson.JsonPrimitive looking for an object) (00:00.441 / 00:29.970, 68Mb)
Load Template from fhir.base.template#current                                                        (00:00.560 / 00:30.531, 79Mb)
Root directory: /tmp/dk.kip.sundk.fhir.ig.core#0.0.9                                                 (00:04.092 / 00:34.623, 127Mb)
Terminology Cache is at /tmp/dk.kip.sundk.fhir.ig.core#0.0.9/input-cache/txcache. Clearing now       (00:03.336 / 00:37.959, 122Mb)
Core Package hl7.fhir.r4.core#4.0.1
Running Terminology Log: /tmp/ohfu-fhir-ig-5723643376928579302.log
Connect to Terminology Server at http://tx.fhir.org                                                  (00:02.763 / 00:40.722, 184Mb)
Load Package hl7.fhir.pubpack#0.2.1
Load Package hl7.fhir.xver-extensions#0.1.0
Load Package hl7.terminology.r4#6.1.0
Load Package hl7.fhir.uv.extensions.r4#5.1.0
Load Package hl7.terminology.r4#3.1.0
Load Package hl7.fhir.dk.core#2.0.0
Load Package hl7.fhir.uv.tools.r4#0.3.0
Load R5 Specials
Initialization complete                                                                              (00:05.741 / 00:46.464, 602Mb)
Load Content                                                                                         (00:00.000 / 00:46.465, 602Mb)
Using en-US as the default narrative language. (no language information in Implementation Guide or command line) (00:00.225 / 00:46.690, 298Mb)
loadPrePages from FetchedFile[/tmp/dk.kip.sundk.fhir.ig.core#0.0.9/fsh-generated/includes] as /tmp/dk.kip.sundk.fhir.ig.core#0.0.9/fsh-generated/includes
loadPrePages from FetchedFile[/tmp/dk.kip.sundk.fhir.ig.core#0.0.9/input/pagecontent] as /tmp/dk.kip.sundk.fhir.ig.core#0.0.9/input/pagecontent
Fetch https://kip.sundk.dk/fhir/package-list.json for version check                                  (00:04.121 / 00:50.811, 490Mb)
Checking Language                                                                                    (00:00.261 / 00:51.073, 594Mb)
Processing Conformance Resources                                                                     (00:00.001 / 00:51.074, 594Mb)
Load Dependency Info                                                                                 (00:00.017 / 00:51.091, 598Mb)
Load Info                                                                                            (00:00.004 / 00:51.095, 598Mb)
Load Resources                                                                                       (00:00.003 / 00:51.099, 599Mb)
Load Paths                                                                                           (00:02.343 / 00:53.442, 449Mb)
Generating Snapshots                                                                                 (00:00.001 / 00:53.444, 449Mb)
Check R4 / R4B                                                                                       (00:00.123 / 00:53.567, 466Mb)
Assign Comparison Ids                                                                                (00:00.094 / 00:53.661, 511Mb)
Propagating status                                                                                   (00:00.001 / 00:53.663, 511Mb)
Generating Narratives                                                                                (00:00.000 / 00:53.663, 511Mb)
Validating Conformance Resources                                                                     (00:03.887 / 00:57.551, 699Mb)
Check profiles & code systems                                                                        (00:06.168 / 01:03.719, 717Mb)
Check realm rules                                                                                    (00:00.006 / 01:03.726, 718Mb)
Previous Version Comparison                                                                          (00:00.001 / 01:03.728, 718Mb)
Validating Resources                                                                                 (00:00.032 / 01:03.760, 726Mb)
Processing Provenance Records                                                                        (00:00.121 / 01:03.881, 761Mb)
Generating Outputs in /tmp/dk.kip.sundk.fhir.ig.core#0.0.9/output                                    (00:00.001 / 01:03.883, 761Mb)
Generate Native Outputs                                                                              (00:00.398 / 01:04.282, 955Mb)
Run Template                                                                                         (00:23.567 / 01:27.849, 962Mb)
Generate HTML Outputs                                                                                (00:01.820 / 01:29.670, 641Mb)
Generate Summaries                                                                                   (00:51.808 / 02:21.478, 1Gb)
Generating Summary Outputs                                                                           (00:00.001 / 02:21.479, 1Gb)
Table of contents has a section with more than 222 entries.  Collapsing will not work reliably
DB Cumulative Time invested: 00:00:19.858
Sending Usage Stats to Server                                                                        (00:26.075 / 02:47.555, 1Gb)
## Memory (MB): Use = 1197, Free = 1016, Total = 2214, Max = 4096                                    (00:00.005 / 02:47.560, 1Gb)
Reclaiming memory...                                                                                 (00:00.000 / 02:47.561, 1Gb)
## Memory (MB): Use = 1139, Free = 1074, Total = 2214, Max = 4096                                    (00:00.723 / 02:48.285, 1Gb)
Run jekyll: jekyll build --destination "/tmp/dk.kip.sundk.fhir.ig.core#0.0.9/output" (in folder /tmp/dk.kip.sundk.fhir.ig.core#0.0.9/temp/pages) (00:00.002 / 02:48.288, 1Gb)
Troubleshooting Note: usual cases for Jekyll to fail are:                                            (00:00.001 / 02:48.289, 1Gb)
* A failure to produce a fragment that is already logged in the output above                         (00:00.001 / 02:48.290, 1Gb)
* A reference to a manually edited file that hasn't been provided                                    (00:00.001 / 02:48.291, 1Gb)
Jekyll: Source: /tmp/dk.kip.sundk.fhir.ig.core#0.0.9/temp/pages                                      (00:00.368 / 02:48.660, 1Gb)
Jekyll: Generating...                                                                                (00:00.001 / 02:48.661, 1Gb)
Jekyll: done in 15.672 seconds.                                                                      (00:15.670 / 03:04.331, 1Gb)

Installing dk.kip.sundk.fhir.ig.core#0.0.9
 done.
Checking Output HTML                                                                                 (00:05.158 / 03:09.490, 1Gb)
found 10340 files                                                                                    (00:00.057 / 03:09.548, 1Gb)
........................................
........................................
  ... 10340 html files, 0 pages invalid xhtml (0%)                                                   (00:25.593 / 03:35.142, 1Gb)
  ... 380568 links, 3 broken links (0%)                                                              (00:00.001 / 03:35.143, 1Gb)
Generate fragment-usage-analysis.csv                                                                 (00:00.000 / 03:35.143, 1Gb)
Build final .zip                                                                                     (00:00.005 / 03:35.149, 1Gb)
Final .zip built                                                                                     (00:04.108 / 03:39.257, 2Gb)
Built. Times: loading: 00:04.606, generate: 02:50.555, narrative generation: 00:03.886, realm-rules: 00:00.001, previous-version: 00:00.000, jekyll: 00:16.106, validation: 00:06.135 (#978), template: 00:01.827 (#3) (00:02.373 / 03:41.631, 1Gb)
Generating QA                                                                                        (00:00.002 / 03:41.633, 1Gb)
Validation output in /tmp/dk.kip.sundk.fhir.ig.core#0.0.9/output/qa.html
Errors: 34, Warnings: 478, Info: 304, Broken Links: 3 (00:04.018 / 03:45.652, 1Gb)
Finished. Max Memory Used = 2Gb. Log file saved in /tmp/fhir-ig-publisher-tmp.log                    (00:00.126 / 03:45.778, 1Gb)
Prepare Build space in /tmp/dk.kip.sundk.fhir.ig.core#0.0.9-milestone
Build IG at /__w/implementation-guide/implementation-guide/ig: final copy suitable for publication (in /tmp/dk.kip.sundk.fhir.ig.core#0.0.9-milestone) (milestone build)
FHIR IG Publisher Version 1.8.6 (Git# ee78712a9566). Built 2025-01-05T06:01:16.464Z (54 hours old)  
Detected Java version: 23 from /usr/local/openjdk-23 on Linux/amd64 (64bit). 4096MB available       
dir = /__w/implementation-guide/implementation-guide, path = /usr/local/openjdk-23/bin:/usr/local/sbin:/usr/local/bin:/usr/sbin:/usr/bin:/sbin:/bin
Parameters: -ig /tmp/dk.kip.sundk.fhir.ig.core#0.0.9-milestone -publish https://kip.sundk.dk/fhir/0.0.9 -milestone -no-exit
Start Clock @ Tuesday, January 7, 2025, 12:35:40 PM Coordinated Universal Time (2025-01-07T12:35:40Z)
                                                                                                    
Build FHIR IG from /tmp/dk.kip.sundk.fhir.ig.core#0.0.9-milestone                                    (00:00.002 / 00:00.002, 2Gb)
Build Formal Publication package, intended for https://kip.sundk.dk/fhir/0.0.9                       (00:00.001 / 00:00.003, 2Gb)
API keys loaded from /root/.fhir/fhir-settings.json                                                  (00:00.000 / 00:00.004, 2Gb)
Package Cache: /root/.fhir/packages                                                                  (00:00.000 / 00:00.005, 2Gb)
Run Sushi on /tmp/dk.kip.sundk.fhir.ig.core#0.0.9-milestone                                          (00:00.001 / 00:00.006, 2Gb)
Sushi: info  Running SUSHI v3.14.0 (implements FHIR Shorthand specification v3.0.0)                  (00:00.425 / 00:00.432, 2Gb)
Sushi: info  Arguments:                                                                              (00:00.000 / 00:00.433, 2Gb)
Sushi: info    --require-latest                                                                      (00:00.000 / 00:00.434, 2Gb)
Sushi: info    --out /tmp/dk.kip.sundk.fhir.ig.core#0.0.9-milestone                                  (00:00.000 / 00:00.434, 2Gb)
Sushi: info    /tmp/dk.kip.sundk.fhir.ig.core#0.0.9-milestone                                        (00:00.000 / 00:00.435, 2Gb)
Sushi: info  Using configuration file: /tmp/dk.kip.sundk.fhir.ig.core#0.0.9-milestone/sushi-config.yaml (00:00.476 / 00:00.912, 2Gb)
Sushi: info  Importing FSH text...                                                                   (00:00.091 / 00:01.003, 2Gb)
Sushi: info  Preprocessed 978 documents with 11 aliases.                                             (00:01.257 / 00:02.261, 2Gb)
Sushi: info  Imported 968 definitions and 9 instances.                                               (00:00.199 / 00:02.461, 2Gb)
Sushi: warn  Detected FSH entity definitions with duplicate names. While FSH allows for duplicate names across entity types, they can lead to ambiguous results when referring to these entities by name elsewhere (e.g., in references). Consider using unique names in FSH declarations and assigning duplicated names using caret assignment rules instead. Detected duplicate names: QuestionnaireResponseResponsibleOnCarePlan, CarePlanReadOrWriteAccess, AktuelSygdomsforlob, AnasthesiaService, AnasthesiaTypeGen, AnnArborStagingClassification, BinetStagingSystem, BiobankSamples, BulkingMaterialeDUGA, CentralBlock, ClinicalProtocolCodes, ClinicalProtocolNotParticipated, Competence, CoronaryArteryGraph, Cyclus, CytogeneticChanges, CytogeneticExamination, DHDeksklusionskriterie, PRDcodes, Faggruppe, GenoplivStoppet, Genoplivning, GynUndersoegDUGA, HaemoglobinTransf4, HeartRhythm, HjertestopAarsag, HuntHessClassification, IkkeBesvaret, ImplantattypeDUGA, Interventionsforloeb, Intubation, IntubationRelaks, KliniskeSymptomerDCCG, KorsbaandEjBevaret, LaryngoskopiDegree, LifeStatus, MedicalScanningTypes, MedicinDANARREST, MolecularRemission, MorsDiagnosegrupper, MuligVanskeligUmulig, NYHA, Operationserfaring, PreoperativTemplating, Priority, RadiologicalBoneChanges, ReferredForTraining, Regioner, Rytme1Obs, ScoreCentralBlock, SlyngeDUGA, SmerteKvalme, StopTeam, TreatmentMethodMRD, TreatmentRegimen, TrombektomiPerfusion, UdskrevetTil, UndersoegelsesTypeDUGA. (00:00.129 / 00:02.590, 2Gb)
Sushi: info  Loaded virtual package sushi-r5forR4#1.0.0 with 7 resources                             (00:00.089 / 00:02.680, 2Gb)
Sushi: info  Resolved hl7.fhir.uv.tools.r4#latest to concrete version 0.3.0                          (00:00.445 / 00:03.126, 2Gb)
Sushi: info  Loaded hl7.fhir.uv.tools.r4#0.3.0 with 75 resources                                     (00:00.039 / 00:03.165, 2Gb)
Sushi: info  Resolved hl7.terminology.r4#latest to concrete version 6.1.0                            (00:00.128 / 00:03.294, 2Gb)
Sushi: info  Loaded hl7.terminology.r4#6.1.0 with 4315 resources                                     (00:00.946 / 00:04.241, 2Gb)
Sushi: info  Resolved hl7.fhir.uv.extensions.r4#latest to concrete version 5.1.0                     (00:00.103 / 00:04.344, 2Gb)
Sushi: info  Loaded hl7.fhir.uv.extensions.r4#5.1.0 with 1397 resources                              (00:00.363 / 00:04.708, 2Gb)
Sushi: info  Loaded hl7.fhir.dk.core#2.0.0 with 36 resources                                         (00:00.009 / 00:04.717, 2Gb)
Sushi: info  Loaded hl7.fhir.r4.core#4.0.1 with 4581 resources                                       (00:00.788 / 00:05.506, 2Gb)
Sushi: info  Loaded virtual package sushi-local#LOCAL with 0 resources                               (00:00.006 / 00:05.512, 2Gb)
Sushi: info  Converting FSH to FHIR resources...                                                     (00:00.017 / 00:05.530, 2Gb)
Sushi: info  Converted 9 FHIR StructureDefinitions.                                                  (00:00.405 / 00:05.935, 2Gb)
Sushi: info  Converted 264 FHIR CodeSystems.                                                         (00:07.815 / 00:13.751, 2Gb)
Sushi: info  Converted 695 FHIR ValueSets.                                                           (00:14.945 / 00:28.696, 2Gb)
Sushi: info  Converted 9 FHIR instances.                                                             (00:00.130 / 00:28.827, 2Gb)
Sushi: info  Exporting FHIR resources as JSON...                                                     (00:00.001 / 00:28.828, 2Gb)
Sushi: info  Exported 977 FHIR resources as JSON.                                                    (00:00.125 / 00:28.953, 2Gb)
Sushi: info  Assembling Implementation Guide sources...                                              (00:00.015 / 00:28.969, 2Gb)
Sushi: info  Generated ImplementationGuide-dk.kip.sundk.fhir.ig.core.json                            (00:00.035 / 00:29.005, 2Gb)
Sushi: info  Assembled Implementation Guide sources; ready for IG Publisher.                         (00:00.000 / 00:29.006, 2Gb)
Sushi: ========================= SUSHI RESULTS ===========================                           (00:00.000 / 00:29.006, 2Gb)
Sushi: |  -------------------------------------------------------------  |                           (00:00.000 / 00:29.007, 2Gb)
Sushi: | |    Profiles   |  Extensions  |   Logicals   |   Resources   | |                           (00:00.000 / 00:29.008, 2Gb)
Sushi: | |-------------------------------------------------------------| |                           (00:00.000 / 00:29.009, 2Gb)
Sushi: | |       0       |      9       |      0       |       0       | |                           (00:00.000 / 00:29.009, 2Gb)
Sushi: |  -------------------------------------------------------------  |                           (00:00.000 / 00:29.010, 2Gb)
Sushi: |  -------------------------------------------------------------  |                           (00:00.000 / 00:29.011, 2Gb)
Sushi: | |      ValueSets     |    CodeSystems    |     Instances      | |                           (00:00.000 / 00:29.012, 2Gb)
Sushi: | |-------------------------------------------------------------| |                           (00:00.000 / 00:29.012, 2Gb)
Sushi: | |        695         |        264        |         9          | |                           (00:00.000 / 00:29.013, 2Gb)
Sushi: |  -------------------------------------------------------------  |                           (00:00.000 / 00:29.014, 2Gb)
Sushi: |                                                                 |                           (00:00.000 / 00:29.014, 2Gb)
Sushi: ===================================================================                           (00:00.000 / 00:29.015, 2Gb)
Sushi: | You might need some Vitamin Sea        0 Errors       1 Warning |                           (00:00.000 / 00:29.016, 2Gb)
Sushi: ===================================================================                           (00:00.000 / 00:29.016, 2Gb)
Unable to load IG as an r5 IG - try R4 (property code is a class com.google.gson.JsonPrimitive looking for an object) (00:00.041 / 00:29.058, 2Gb)
Load Template from fhir.base.template#current                                                        (00:00.044 / 00:29.102, 2Gb)
Root directory: /tmp/dk.kip.sundk.fhir.ig.core#0.0.9-milestone                                       (00:02.712 / 00:31.815, 1Gb)
Terminology Cache is at /tmp/dk.kip.sundk.fhir.ig.core#0.0.9-milestone/input-cache/txcache. 4 files in cache (00:03.331 / 00:35.146, 1Gb)
Core Package hl7.fhir.r4.core#4.0.1
Running Terminology Log: /tmp/ohfu-fhir-ig-13262998004118252754.log
Connect to Terminology Server at http://tx.fhir.org                                                  (00:02.003 / 00:37.150, 1Gb)
Load Package hl7.fhir.pubpack#0.2.1
Load Package hl7.fhir.xver-extensions#0.1.0
Load Package hl7.terminology.r4#6.1.0
Load Package hl7.fhir.uv.extensions.r4#5.1.0
Load Package hl7.terminology.r4#3.1.0
Load Package hl7.fhir.dk.core#2.0.0
Load Package hl7.fhir.uv.tools.r4#0.3.0
Load R5 Specials
Initialization complete                                                                              (00:04.929 / 00:42.079, 1Gb)
Load Content                                                                                         (00:00.000 / 00:42.079, 1Gb)
Using en-US as the default narrative language. (no language information in Implementation Guide or command line) (00:00.095 / 00:42.175, 1Gb)
loadPrePages from FetchedFile[/tmp/dk.kip.sundk.fhir.ig.core#0.0.9-milestone/fsh-generated/includes] as /tmp/dk.kip.sundk.fhir.ig.core#0.0.9-milestone/fsh-generated/includes
loadPrePages from FetchedFile[/tmp/dk.kip.sundk.fhir.ig.core#0.0.9-milestone/input/pagecontent] as /tmp/dk.kip.sundk.fhir.ig.core#0.0.9-milestone/input/pagecontent
Fetch https://kip.sundk.dk/fhir/package-list.json for version check                                  (00:03.277 / 00:45.452, 885Mb)
Checking Language                                                                                    (00:00.342 / 00:45.795, 989Mb)
Processing Conformance Resources                                                                     (00:00.000 / 00:45.795, 989Mb)
Load Dependency Info                                                                                 (00:00.011 / 00:45.806, 992Mb)
Load Info                                                                                            (00:00.003 / 00:45.809, 993Mb)
Load Resources                                                                                       (00:00.001 / 00:45.811, 994Mb)
Load Paths                                                                                           (00:02.051 / 00:47.863, 557Mb)
Generating Snapshots                                                                                 (00:00.001 / 00:47.864, 557Mb)
Check R4 / R4B                                                                                       (00:00.056 / 00:47.921, 575Mb)
Assign Comparison Ids                                                                                (00:00.189 / 00:48.110, 619Mb)
Propagating status                                                                                   (00:00.001 / 00:48.111, 619Mb)
Generating Narratives                                                                                (00:00.000 / 00:48.112, 619Mb)
Validating Conformance Resources                                                                     (00:03.322 / 00:51.434, 1Gb)
Check profiles & code systems                                                                        (00:04.188 / 00:55.623, 780Mb)
Check realm rules                                                                                    (00:00.007 / 00:55.631, 781Mb)
Previous Version Comparison                                                                          (00:00.004 / 00:55.635, 781Mb)
Validating Resources                                                                                 (00:00.061 / 00:55.696, 789Mb)
Processing Provenance Records                                                                        (00:00.176 / 00:55.872, 825Mb)
Generating Outputs in /tmp/dk.kip.sundk.fhir.ig.core#0.0.9-milestone/output                          (00:00.002 / 00:55.874, 825Mb)
Generate Native Outputs                                                                              (00:00.322 / 00:56.197, 995Mb)
Run Template                                                                                         (00:23.003 / 01:19.200, 1Gb)
Generate HTML Outputs                                                                                (00:01.572 / 01:20.772, 814Mb)
Generate Summaries                                                                                   (00:46.584 / 02:07.358, 1Gb)
Generating Summary Outputs                                                                           (00:00.001 / 02:07.358, 1Gb)
Table of contents has a section with more than 222 entries.  Collapsing will not work reliably
DB Cumulative Time invested: 00:00:21.617
Sending Usage Stats to Server                                                                        (00:22.398 / 02:29.757, 1Gb)
## Memory (MB): Use = 1212, Free = 1133, Total = 2346, Max = 4096                                    (00:00.001 / 02:29.759, 1Gb)
Reclaiming memory...                                                                                 (00:00.001 / 02:29.760, 1Gb)
## Memory (MB): Use = 1140, Free = 1205, Total = 2346, Max = 4096                                    (00:00.776 / 02:30.536, 1Gb)
Run jekyll: jekyll build --destination "/tmp/dk.kip.sundk.fhir.ig.core#0.0.9-milestone/output" (in folder /tmp/dk.kip.sundk.fhir.ig.core#0.0.9-milestone/temp/pages) (00:00.001 / 02:30.538, 1Gb)
Troubleshooting Note: usual cases for Jekyll to fail are:                                            (00:00.001 / 02:30.539, 1Gb)
* A failure to produce a fragment that is already logged in the output above                         (00:00.000 / 02:30.540, 1Gb)
* A reference to a manually edited file that hasn't been provided                                    (00:00.000 / 02:30.541, 1Gb)
Jekyll: Source: /tmp/dk.kip.sundk.fhir.ig.core#0.0.9-milestone/temp/pages                            (00:00.368 / 02:30.910, 1Gb)
Jekyll: Generating...                                                                                (00:00.001 / 02:30.911, 1Gb)
Jekyll: done in 15.775 seconds.                                                                      (00:15.774 / 02:46.685, 1Gb)

Installing dk.kip.sundk.fhir.ig.core#0.0.9
Checking Output HTML                                                                                 (00:04.716 / 02:51.402, 1Gb)
found 10340 files                                                                                    (00:00.057 / 02:51.460, 1Gb)
........................................
........................................
  ... 10340 html files, 0 pages invalid xhtml (0%)                                                   (00:24.994 / 03:16.455, 1Gb)
  ... 380568 links, 3 broken links (0%)                                                              (00:00.001 / 03:16.456, 1Gb)
Generate fragment-usage-analysis.csv                                                                 (00:00.000 / 03:16.457, 1Gb)
Build final .zip                                                                                     (00:00.006 / 03:16.463, 1Gb)
Final .zip built                                                                                     (00:04.165 / 03:20.629, 1Gb)
Built. Times: loading: 00:03.714, generate: 02:37.158, narrative generation: 00:03.321, realm-rules: 00:00.004, previous-version: 00:00.000, jekyll: 00:16.208, validation: 00:04.172 (#978), template: 00:01.575 (#3) (00:02.324 / 03:22.953, 2Gb)
Generating QA                                                                                        (00:00.001 / 03:22.955, 2Gb)
Validation output in /tmp/dk.kip.sundk.fhir.ig.core#0.0.9-milestone/output/qa.html
Errors: 34, Warnings: 478, Info: 304, Broken Links: 3 (00:03.440 / 03:26.395, 1Gb)
Finished. Max Memory Used = 2Gb. Log file saved in /tmp/fhir-ig-publisher-tmp.log                    (00:00.123 / 03:26.519, 1Gb)
Keep a copy of the build directory at /tmp/web-root/run-20250107/ig-build-zips/dk.kip.sundk.fhir.ig.core#0.0.9.zip

ok. All checks passed. Publish v0.0.9 to /tmp/web-root/run-20250107/fhir/0.0.9
Copy the IG to /tmp/web-root/run-20250107/fhir/0.0.9
Update /tmp/web-root/run-20250107/fhir/package-list.json
Publish Box Statement: This page is part of the KIP Infrastructure (v0.0.9: Releases Draft) based on <a no-external="true" href="http://hl7.org/fhir/R4">FHIR (HL7® FHIR® Standard) R4</a>. This is the current published version in its permanent home (it will always be available at this URL).  For a full list of available versions, see the <a no-external="true" href="https://kip.sundk.dk/fhir/history.html">Directory of published versions</a>
no html insert in /tmp/web-root/run-20250107/fhir/0.0.9/qa-txservers.html
  .. 5884 files checked, 5884 updated
  .. 1959 clones checked, 3918 updated
  .. 978 redirections (978 created/updated)
This is a milestone release - publish v0.0.9 to /tmp/web-root/run-20250107/fhir
Publish Box Statement: This page is part of the KIP Infrastructure (v0.0.9: Releases Draft) based on <a no-external="true" href="http://hl7.org/fhir/R4">FHIR (HL7® FHIR® Standard) R4</a>. This is the current published version.  For a full list of available versions, see the <a no-external="true" href="https://kip.sundk.dk/fhir/history.html">Directory of published versions</a>
no html insert in /tmp/dk.kip.sundk.fhir.ig.core#0.0.9-milestone/output/qa-txservers.html
  .. 5884 files checked, 5884 updated
  .. 1959 clones checked, 3918 updated
  .. 978 redirections (978 created/updated)
Check for Files to delete
  ... 0 files
Copy to new IG to /tmp/web-root/run-20250107/fhir
Update history page at /tmp/web-root/run-20250107/fhir from /__w/implementation-guide/implementation-guide/history and web/templates
Build is complete. Copy from /tmp/web-root/run-20250107
Error in package-list.json:path to build.fhir.org should not use https://
dk.kip.sundk.fhir.ig.core (https://kip.sundk.dk/fhir): KIP Infrastructure @ http://build.fhir.org/ig/kip-infrastructure/implementation-guide
  candidate: Releases Draft 0.0.9/4.0.1 @ https://kip.sundk.dk/fhir/0.0.9
