FHIR IG Publisher Version 1.8.20 (Git# 319c513ab12e). Built 2025-03-10T12:13:32.750Z (68 hours old)
Detected Java version: 23 from /usr/local/openjdk-23 on amd64 (64bit). 3998MB available
dir = /__w/implementation-guide/implementation-guide, path = /usr/local/openjdk-23/bin:/usr/local/sbin:/usr/local/bin:/usr/sbin:/usr/bin:/sbin:/bin
Parameters: -go-publish -source ig/ -web web/ -registry registry/fhir-ig-list.json -history history/ -templates web/templates
---------------
Publication Run: publish ig/ to web/
Relative directory for IG is '/fhir'
===== Web Publication Run Details ===============================
 Source IG: dk.kip.rkkp.fhir.ig.core#0.1.6 : https://kip.rkkp.dk/fhir (R4) from ig/
All checks passed. Do the publication build from /__w/implementation-guide/implementation-guide/ig and publish to /tmp/web-root/run-20250313/fhir
Prepare Build space in /tmp/dk.kip.rkkp.fhir.ig.core#0.1.6
Build IG at /__w/implementation-guide/implementation-guide/ig: final copy suitable for publication (in /tmp/dk.kip.rkkp.fhir.ig.core#0.1.6)
FHIR IG Publisher Version 1.8.20 (Git# 319c513ab12e). Built 2025-03-10T12:13:32.750Z (68 hours old) 
Detected Java version: 23 from /usr/local/openjdk-23 on Linux/amd64 (64bit). 3998MB available       
dir = /__w/implementation-guide/implementation-guide, path = /usr/local/openjdk-23/bin:/usr/local/sbin:/usr/local/bin:/usr/sbin:/usr/bin:/sbin:/bin
Parameters: -ig /tmp/dk.kip.rkkp.fhir.ig.core#0.1.6 -resetTx -publish https://kip.rkkp.dk/fhir/0.1.6 -no-exit
Character encoding = UTF-8 / UTF-8                                                                  
Start Clock @ Thursday, March 13, 2025, 8:15:37 AM Coordinated Universal Time (2025-03-13T08:15:37Z)
                                                                                                    
Build FHIR IG from /tmp/dk.kip.rkkp.fhir.ig.core#0.1.6                                               (00:00.019 / 00:00.020, 75Mb)
Build Formal Publication package, intended for https://kip.rkkp.dk/fhir/0.1.6                        (00:00.003 / 00:00.023, 76Mb)
API keys loaded from /root/.fhir/fhir-settings.json                                                  (00:00.001 / 00:00.024, 76Mb)
Package Cache: /root/.fhir/packages                                                                  (00:00.003 / 00:00.027, 76Mb)
Run Sushi on /tmp/dk.kip.rkkp.fhir.ig.core#0.1.6                                                     (00:00.002 / 00:00.029, 76Mb)
Sushi: info  Running SUSHI v3.14.0 (implements FHIR Shorthand specification v3.0.0)                  (00:00.432 / 00:00.462, 78Mb)
Sushi: info  Arguments:                                                                              (00:00.001 / 00:00.464, 78Mb)
Sushi: info    --require-latest                                                                      (00:00.000 / 00:00.464, 78Mb)
Sushi: info    --out /tmp/dk.kip.rkkp.fhir.ig.core#0.1.6                                             (00:00.000 / 00:00.465, 78Mb)
Sushi: info    /tmp/dk.kip.rkkp.fhir.ig.core#0.1.6                                                   (00:00.001 / 00:00.467, 78Mb)
Sushi: info  Using configuration file: /tmp/dk.kip.rkkp.fhir.ig.core#0.1.6/sushi-config.yaml         (00:00.377 / 00:00.844, 78Mb)
Sushi: info  Importing FSH text...                                                                   (00:00.095 / 00:00.940, 78Mb)
Sushi: info  Preprocessed 978 documents with 11 aliases.                                             (00:01.235 / 00:02.175, 78Mb)
Sushi: info  Imported 968 definitions and 9 instances.                                               (00:00.196 / 00:02.372, 78Mb)
Sushi: warn  Detected FSH entity definitions with duplicate names. While FSH allows for duplicate names across entity types, they can lead to ambiguous results when referring to these entities by name elsewhere (e.g., in references). Consider using unique names in FSH declarations and assigning duplicated names using caret assignment rules instead. Detected duplicate names: QuestionnaireResponseResponsibleOnCarePlan, CarePlanReadOrWriteAccess, AktuelSygdomsforlob, AnasthesiaService, AnasthesiaTypeGen, AnnArborStagingClassification, BinetStagingSystem, BiobankSamples, BulkingMaterialeDUGA, CentralBlock, ClinicalProtocolCodes, ClinicalProtocolNotParticipated, Competence, CoronaryArteryGraph, Cyclus, CytogeneticChanges, CytogeneticExamination, DHDeksklusionskriterie, PRDcodes, Faggruppe, GenoplivStoppet, Genoplivning, GynUndersoegDUGA, HaemoglobinTransf4, HeartRhythm, HjertestopAarsag, HuntHessClassification, IkkeBesvaret, ImplantattypeDUGA, Interventionsforloeb, Intubation, IntubationRelaks, KliniskeSymptomerDCCG, KorsbaandEjBevaret, LaryngoskopiDegree, LifeStatus, MedicalScanningTypes, MedicinDANARREST, MolecularRemission, MorsDiagnosegrupper, MuligVanskeligUmulig, NYHA, Operationserfaring, PreoperativTemplating, Priority, RadiologicalBoneChanges, ReferredForTraining, Regioner, Rytme1Obs, ScoreCentralBlock, SlyngeDUGA, SmerteKvalme, StopTeam, TreatmentMethodMRD, TreatmentRegimen, TrombektomiPerfusion, UdskrevetTil, UndersoegelsesTypeDUGA. (00:00.154 / 00:02.526, 78Mb)
Sushi: info  Loaded virtual package sushi-r5forR4#1.0.0 with 7 resources                             (00:00.081 / 00:02.608, 78Mb)
Sushi: info  Resolved hl7.fhir.uv.tools.r4#latest to concrete version 0.4.1                          (00:00.540 / 00:03.148, 78Mb)
Sushi: info  Loaded hl7.fhir.uv.tools.r4#0.4.1 with 86 resources                                     (00:00.040 / 00:03.188, 78Mb)
Sushi: info  Resolved hl7.terminology.r4#latest to concrete version 6.2.0                            (00:00.120 / 00:03.308, 78Mb)
Sushi: info  Loaded hl7.terminology.r4#6.2.0 with 4323 resources                                     (00:00.923 / 00:04.231, 78Mb)
Sushi: info  Resolved hl7.fhir.uv.extensions.r4#latest to concrete version 5.2.0                     (00:00.118 / 00:04.350, 78Mb)
Sushi: info  Loaded hl7.fhir.uv.extensions.r4#5.2.0 with 759 resources                               (00:00.156 / 00:04.506, 78Mb)
Sushi: info  Loaded hl7.fhir.dk.core#2.0.0 with 36 resources                                         (00:00.009 / 00:04.515, 78Mb)
Sushi: info  Loaded hl7.fhir.r4.core#4.0.1 with 4581 resources                                       (00:00.777 / 00:05.293, 78Mb)
Sushi: info  Loaded virtual package sushi-local#LOCAL with 0 resources                               (00:00.007 / 00:05.300, 78Mb)
Sushi: info  Converting FSH to FHIR resources...                                                     (00:00.018 / 00:05.319, 78Mb)
Sushi: info  Converted 9 FHIR StructureDefinitions.                                                  (00:00.400 / 00:05.719, 78Mb)
Sushi: info  Converted 264 FHIR CodeSystems.                                                         (00:07.713 / 00:13.432, 78Mb)
Sushi: info  Converted 695 FHIR ValueSets.                                                           (00:14.573 / 00:28.005, 78Mb)
Sushi: info  Converted 9 FHIR instances.                                                             (00:00.135 / 00:28.140, 78Mb)
Sushi: info  Exporting FHIR resources as JSON...                                                     (00:00.000 / 00:28.141, 78Mb)
Sushi: info  Exported 977 FHIR resources as JSON.                                                    (00:00.126 / 00:28.268, 78Mb)
Sushi: info  Assembling Implementation Guide sources...                                              (00:00.017 / 00:28.285, 78Mb)
Sushi: info  Generated ImplementationGuide-dk.kip.rkkp.fhir.ig.core.json                             (00:00.031 / 00:28.317, 78Mb)
Sushi: info  Assembled Implementation Guide sources; ready for IG Publisher.                         (00:00.000 / 00:28.318, 78Mb)
Sushi: ========================= SUSHI RESULTS ===========================                           (00:00.000 / 00:28.318, 78Mb)
Sushi: |  -------------------------------------------------------------  |                           (00:00.000 / 00:28.319, 78Mb)
Sushi: | |    Profiles   |  Extensions  |   Logicals   |   Resources   | |                           (00:00.000 / 00:28.320, 78Mb)
Sushi: | |-------------------------------------------------------------| |                           (00:00.000 / 00:28.321, 78Mb)
Sushi: | |       0       |      9       |      0       |       0       | |                           (00:00.000 / 00:28.321, 78Mb)
Sushi: |  -------------------------------------------------------------  |                           (00:00.000 / 00:28.322, 78Mb)
Sushi: |  -------------------------------------------------------------  |                           (00:00.000 / 00:28.323, 78Mb)
Sushi: | |      ValueSets     |    CodeSystems    |     Instances      | |                           (00:00.000 / 00:28.324, 78Mb)
Sushi: | |-------------------------------------------------------------| |                           (00:00.000 / 00:28.324, 78Mb)
Sushi: | |        695         |        264        |         9          | |                           (00:00.000 / 00:28.325, 78Mb)
Sushi: |  -------------------------------------------------------------  |                           (00:00.000 / 00:28.326, 78Mb)
Sushi: |                                                                 |                           (00:00.000 / 00:28.327, 78Mb)
Sushi: ===================================================================                           (00:00.000 / 00:28.328, 78Mb)
Sushi: | Maybe you should scale back            0 Errors       1 Warning |                           (00:00.000 / 00:28.328, 78Mb)
Sushi: ===================================================================                           (00:00.000 / 00:28.329, 78Mb)
Unable to load IG as an r5 IG - try R4 (property code is a class com.google.gson.JsonPrimitive looking for an object) (00:00.522 / 00:28.852, 71Mb)
Load Template from fhir.base.template#current                                                        (00:00.548 / 00:29.400, 34Mb)
Root directory: /tmp/dk.kip.rkkp.fhir.ig.core#0.1.6                                                  (00:04.167 / 00:33.568, 113Mb)
Terminology Cache is at /tmp/dk.kip.rkkp.fhir.ig.core#0.1.6/input-cache/txcache. Clearing now        (00:03.300 / 00:36.868, 101Mb)
Core Package hl7.fhir.r4.core#4.0.1
Running Terminology Log: /tmp/ohfu-fhir-ig-6063569427747424495.log
Connect to Terminology Server at http://tx.fhir.org                                                  (00:03.058 / 00:39.927, 238Mb)
Load Package hl7.fhir.pubpack#0.2.1
Load Package hl7.fhir.xver-extensions#0.1.0
Load Package hl7.terminology.r4#6.2.0
Load Package hl7.fhir.uv.extensions.r4#5.2.0
Load Package hl7.terminology.r4#3.1.0
Load Package hl7.fhir.dk.core#2.0.0
Load Package hl7.fhir.uv.tools.r4#0.3.0
Load R5 Specials
Initialization complete                                                                              (00:06.603 / 00:46.530, 435Mb)
Load Content                                                                                         (00:00.001 / 00:46.532, 435Mb)
Using en-US as the default narrative language. (no language information in Implementation Guide)     (00:00.207 / 00:46.739, 479Mb)
Process Loaded Resources                                                                             (00:03.546 / 00:50.286, 380Mb)
Generating Snapshots                                                                                 (00:02.013 / 00:52.300, 450Mb)
loadPrePages from FetchedFile[/tmp/dk.kip.rkkp.fhir.ig.core#0.1.6/fsh-generated/includes] as /tmp/dk.kip.rkkp.fhir.ig.core#0.1.6/fsh-generated/includes
loadPrePages from FetchedFile[/tmp/dk.kip.rkkp.fhir.ig.core#0.1.6/input/pagecontent] as /tmp/dk.kip.rkkp.fhir.ig.core#0.1.6/input/pagecontent
Fetch https://kip.rkkp.dk/fhir/package-list.json for version check                                   (00:00.145 / 00:52.445, 469Mb)
Processing Conformance Resources                                                                     (00:00.661 / 00:53.107, 575Mb)
Checking Language                                                                                    (00:00.001 / 00:53.108, 575Mb)
Load Dependency Info                                                                                 (00:00.016 / 00:53.125, 579Mb)
Load Info                                                                                            (00:00.004 / 00:53.129, 579Mb)
Load Paths                                                                                           (00:00.003 / 00:53.132, 581Mb)
Check R4 / R4B                                                                                       (00:00.001 / 00:53.133, 581Mb)
Assign Comparison Ids                                                                                (00:00.101 / 00:53.235, 623Mb)
Propagating status                                                                                   (00:00.001 / 00:53.236, 623Mb)
Generating Narratives                                                                                (00:00.000 / 00:53.237, 623Mb)
Validating Conformance Resources                                                                     (00:03.562 / 00:56.799, 747Mb)
Check profiles & code systems                                                                        (00:06.334 / 01:03.133, 1Gb)
Check realm rules                                                                                    (00:00.007 / 01:03.140, 1Gb)
Previous Version Comparison                                                                          (00:00.001 / 01:03.142, 1Gb)
Validating Resources                                                                                 (00:00.026 / 01:03.168, 1Gb)
Processing Provenance Records                                                                        (00:00.097 / 01:03.266, 1Gb)
Generating Outputs in /tmp/dk.kip.rkkp.fhir.ig.core#0.1.6/output                                     (00:00.001 / 01:03.268, 1Gb)
Generate Native Outputs                                                                              (00:00.304 / 01:03.573, 1Gb)
Run Template                                                                                         (00:18.105 / 01:21.678, 1Gb)
Generate HTML Outputs                                                                                (00:02.384 / 01:24.062, 781Mb)
Generate Spreadsheets                                                                                (00:36.922 / 02:00.985, 821Mb)
Generate Summaries                                                                                   (00:00.965 / 02:01.950, 863Mb)
Generating Summary Outputs                                                                           (00:00.001 / 02:01.951, 863Mb)
Table of contents has a section with more than 222 entries.  Collapsing will not work reliably
DB Cumulative Time invested: 00:00:12.909
Sending Usage Stats to Server                                                                        (00:17.267 / 02:19.219, 1009Mb)
## Memory (MB): Use = 1009, Free = 616, Total = 1626, Max = 3998                                     (00:00.005 / 02:19.225, 1009Mb)
Reclaiming memory...                                                                                 (00:00.001 / 02:19.227, 1009Mb)
## Memory (MB): Use = 698, Free = 927, Total = 1626, Max = 3998                                      (00:00.626 / 02:19.854, 699Mb)
Run jekyll: jekyll build --destination "/tmp/dk.kip.rkkp.fhir.ig.core#0.1.6/output" (in folder /tmp/dk.kip.rkkp.fhir.ig.core#0.1.6/temp/pages) (00:00.002 / 02:19.856, 699Mb)
Troubleshooting Note: usual cases for Jekyll to fail are:                                            (00:00.001 / 02:19.857, 699Mb)
* A failure to produce a fragment that is already logged in the output above                         (00:00.001 / 02:19.859, 699Mb)
* A reference to a manually edited file that hasn't been provided                                    (00:00.001 / 02:19.860, 699Mb)
Jekyll: Source: /tmp/dk.kip.rkkp.fhir.ig.core#0.1.6/temp/pages                                       (00:00.360 / 02:20.221, 702Mb)
Jekyll: Generating...                                                                                (00:00.001 / 02:20.222, 702Mb)
Jekyll: done in 15.7 seconds.                                                                        (00:15.698 / 02:35.920, 703Mb)

Installing dk.kip.rkkp.fhir.ig.core#0.1.6
 done.
Checking Output HTML                                                                                 (00:04.856 / 02:40.777, 1Gb)
found 10340 files                                                                                    (00:00.057 / 02:40.834, 1Gb)
........................................
........................................
  ... 10340 html files, 0 pages invalid xhtml (0%)                                                   (00:25.952 / 03:06.787, 1Gb)
  ... 380730 links, 3 broken links (0%)                                                              (00:00.001 / 03:06.789, 1Gb)
Generate fragment-usage-analysis.csv                                                                 (00:00.001 / 03:06.790, 1Gb)
Build final .zip                                                                                     (00:00.010 / 03:06.800, 1Gb)
Final .zip built                                                                                     (00:04.091 / 03:10.892, 1Gb)
Built. Times: loading: 00:06.573, generate: 02:20.663, narrative generation: 00:03.561, realm-rules: 00:00.001, previous-version: 00:00.000, jekyll: 00:16.127, validation: 00:06.307 (#978), template: 00:02.391 (#3) (00:02.888 / 03:13.780, 980Mb)
Generating QA                                                                                        (00:00.001 / 03:13.782, 980Mb)
Validation output in /tmp/dk.kip.rkkp.fhir.ig.core#0.1.6/output/qa.html
Errors: 7, Warnings: 527, Info: 304, Broken Links: 3 (00:04.127 / 03:17.909, 1023Mb)
Finished. Max Memory Used = 1Gb. Log file saved in /tmp/fhir-ig-publisher-tmp.log                    (00:00.124 / 03:18.033, 1Gb)
Prepare Build space in /tmp/dk.kip.rkkp.fhir.ig.core#0.1.6-milestone
Build IG at /__w/implementation-guide/implementation-guide/ig: final copy suitable for publication (in /tmp/dk.kip.rkkp.fhir.ig.core#0.1.6-milestone) (milestone build)
FHIR IG Publisher Version 1.8.20 (Git# 319c513ab12e). Built 2025-03-10T12:13:32.750Z (68 hours old) 
Detected Java version: 23 from /usr/local/openjdk-23 on Linux/amd64 (64bit). 3998MB available       
dir = /__w/implementation-guide/implementation-guide, path = /usr/local/openjdk-23/bin:/usr/local/sbin:/usr/local/bin:/usr/sbin:/usr/bin:/sbin:/bin
Parameters: -ig /tmp/dk.kip.rkkp.fhir.ig.core#0.1.6-milestone -publish https://kip.rkkp.dk/fhir/0.1.6 -milestone -no-exit
Character encoding = UTF-8 / UTF-8                                                                  
Start Clock @ Thursday, March 13, 2025, 8:19:06 AM Coordinated Universal Time (2025-03-13T08:19:06Z)
                                                                                                    
Build FHIR IG from /tmp/dk.kip.rkkp.fhir.ig.core#0.1.6-milestone                                     (00:00.002 / 00:00.002, 1Gb)
Build Formal Publication package, intended for https://kip.rkkp.dk/fhir/0.1.6                        (00:00.000 / 00:00.003, 1Gb)
API keys loaded from /root/.fhir/fhir-settings.json                                                  (00:00.000 / 00:00.004, 1Gb)
Package Cache: /root/.fhir/packages                                                                  (00:00.000 / 00:00.004, 1Gb)
Run Sushi on /tmp/dk.kip.rkkp.fhir.ig.core#0.1.6-milestone                                           (00:00.000 / 00:00.005, 1Gb)
Sushi: info  Running SUSHI v3.14.0 (implements FHIR Shorthand specification v3.0.0)                  (00:00.426 / 00:00.432, 1Gb)
Sushi: info  Arguments:                                                                              (00:00.000 / 00:00.433, 1Gb)
Sushi: info    --require-latest                                                                      (00:00.000 / 00:00.434, 1Gb)
Sushi: info    --out /tmp/dk.kip.rkkp.fhir.ig.core#0.1.6-milestone                                   (00:00.000 / 00:00.435, 1Gb)
Sushi: info    /tmp/dk.kip.rkkp.fhir.ig.core#0.1.6-milestone                                         (00:00.000 / 00:00.436, 1Gb)
Sushi: info  Using configuration file: /tmp/dk.kip.rkkp.fhir.ig.core#0.1.6-milestone/sushi-config.yaml (00:00.411 / 00:00.847, 1Gb)
Sushi: info  Importing FSH text...                                                                   (00:00.089 / 00:00.936, 1Gb)
Sushi: info  Preprocessed 978 documents with 11 aliases.                                             (00:01.245 / 00:02.182, 1Gb)
Sushi: info  Imported 968 definitions and 9 instances.                                               (00:00.197 / 00:02.380, 1Gb)
Sushi: warn  Detected FSH entity definitions with duplicate names. While FSH allows for duplicate names across entity types, they can lead to ambiguous results when referring to these entities by name elsewhere (e.g., in references). Consider using unique names in FSH declarations and assigning duplicated names using caret assignment rules instead. Detected duplicate names: QuestionnaireResponseResponsibleOnCarePlan, CarePlanReadOrWriteAccess, AktuelSygdomsforlob, AnasthesiaService, AnasthesiaTypeGen, AnnArborStagingClassification, BinetStagingSystem, BiobankSamples, BulkingMaterialeDUGA, CentralBlock, ClinicalProtocolCodes, ClinicalProtocolNotParticipated, Competence, CoronaryArteryGraph, Cyclus, CytogeneticChanges, CytogeneticExamination, DHDeksklusionskriterie, PRDcodes, Faggruppe, GenoplivStoppet, Genoplivning, GynUndersoegDUGA, HaemoglobinTransf4, HeartRhythm, HjertestopAarsag, HuntHessClassification, IkkeBesvaret, ImplantattypeDUGA, Interventionsforloeb, Intubation, IntubationRelaks, KliniskeSymptomerDCCG, KorsbaandEjBevaret, LaryngoskopiDegree, LifeStatus, MedicalScanningTypes, MedicinDANARREST, MolecularRemission, MorsDiagnosegrupper, MuligVanskeligUmulig, NYHA, Operationserfaring, PreoperativTemplating, Priority, RadiologicalBoneChanges, ReferredForTraining, Regioner, Rytme1Obs, ScoreCentralBlock, SlyngeDUGA, SmerteKvalme, StopTeam, TreatmentMethodMRD, TreatmentRegimen, TrombektomiPerfusion, UdskrevetTil, UndersoegelsesTypeDUGA. (00:00.135 / 00:02.516, 1Gb)
Sushi: info  Loaded virtual package sushi-r5forR4#1.0.0 with 7 resources                             (00:00.069 / 00:02.585, 1Gb)
Sushi: info  Resolved hl7.fhir.uv.tools.r4#latest to concrete version 0.4.1                          (00:00.561 / 00:03.147, 1Gb)
Sushi: info  Loaded hl7.fhir.uv.tools.r4#0.4.1 with 86 resources                                     (00:00.037 / 00:03.185, 1Gb)
Sushi: info  Resolved hl7.terminology.r4#latest to concrete version 6.2.0                            (00:00.120 / 00:03.305, 1Gb)
Sushi: info  Loaded hl7.terminology.r4#6.2.0 with 4323 resources                                     (00:00.930 / 00:04.236, 1Gb)
Sushi: info  Resolved hl7.fhir.uv.extensions.r4#latest to concrete version 5.2.0                     (00:00.124 / 00:04.360, 1Gb)
Sushi: info  Loaded hl7.fhir.uv.extensions.r4#5.2.0 with 759 resources                               (00:00.161 / 00:04.521, 1Gb)
Sushi: info  Loaded hl7.fhir.dk.core#2.0.0 with 36 resources                                         (00:00.009 / 00:04.530, 1Gb)
Sushi: info  Loaded hl7.fhir.r4.core#4.0.1 with 4581 resources                                       (00:00.798 / 00:05.329, 1Gb)
Sushi: info  Loaded virtual package sushi-local#LOCAL with 0 resources                               (00:00.007 / 00:05.337, 1Gb)
Sushi: info  Converting FSH to FHIR resources...                                                     (00:00.018 / 00:05.355, 1Gb)
Sushi: info  Converted 9 FHIR StructureDefinitions.                                                  (00:00.398 / 00:05.754, 1Gb)
Sushi: info  Converted 264 FHIR CodeSystems.                                                         (00:07.809 / 00:13.563, 1Gb)
Sushi: info  Converted 695 FHIR ValueSets.                                                           (00:14.835 / 00:28.398, 1Gb)
Sushi: info  Converted 9 FHIR instances.                                                             (00:00.133 / 00:28.532, 1Gb)
Sushi: info  Exporting FHIR resources as JSON...                                                     (00:00.001 / 00:28.533, 1Gb)
Sushi: info  Exported 977 FHIR resources as JSON.                                                    (00:00.128 / 00:28.662, 1Gb)
Sushi: info  Assembling Implementation Guide sources...                                              (00:00.016 / 00:28.678, 1Gb)
Sushi: info  Generated ImplementationGuide-dk.kip.rkkp.fhir.ig.core.json                             (00:00.032 / 00:28.710, 1Gb)
Sushi: info  Assembled Implementation Guide sources; ready for IG Publisher.                         (00:00.000 / 00:28.711, 1Gb)
Sushi: ========================= SUSHI RESULTS ===========================                           (00:00.000 / 00:28.712, 1Gb)
Sushi: |  -------------------------------------------------------------  |                           (00:00.000 / 00:28.713, 1Gb)
Sushi: | |    Profiles   |  Extensions  |   Logicals   |   Resources   | |                           (00:00.000 / 00:28.713, 1Gb)
Sushi: | |-------------------------------------------------------------| |                           (00:00.000 / 00:28.714, 1Gb)
Sushi: | |       0       |      9       |      0       |       0       | |                           (00:00.000 / 00:28.715, 1Gb)
Sushi: |  -------------------------------------------------------------  |                           (00:00.000 / 00:28.716, 1Gb)
Sushi: |  -------------------------------------------------------------  |                           (00:00.000 / 00:28.716, 1Gb)
Sushi: | |      ValueSets     |    CodeSystems    |     Instances      | |                           (00:00.000 / 00:28.717, 1Gb)
Sushi: | |-------------------------------------------------------------| |                           (00:00.000 / 00:28.718, 1Gb)
Sushi: | |        695         |        264        |         9          | |                           (00:00.000 / 00:28.719, 1Gb)
Sushi: |  -------------------------------------------------------------  |                           (00:00.000 / 00:28.719, 1Gb)
Sushi: |                                                                 |                           (00:00.000 / 00:28.720, 1Gb)
Sushi: ===================================================================                           (00:00.000 / 00:28.721, 1Gb)
Sushi: | Whale, whale, what happened here?      0 Errors       1 Warning |                           (00:00.000 / 00:28.721, 1Gb)
Sushi: ===================================================================                           (00:00.000 / 00:28.722, 1Gb)
Unable to load IG as an r5 IG - try R4 (property code is a class com.google.gson.JsonPrimitive looking for an object) (00:00.027 / 00:28.750, 1Gb)
Load Template from fhir.base.template#current                                                        (00:00.074 / 00:28.824, 1Gb)
Root directory: /tmp/dk.kip.rkkp.fhir.ig.core#0.1.6-milestone                                        (00:02.664 / 00:31.489, 966Mb)
Terminology Cache is at /tmp/dk.kip.rkkp.fhir.ig.core#0.1.6-milestone/input-cache/txcache. 5 files in cache (00:03.235 / 00:34.724, 1Gb)
Core Package hl7.fhir.r4.core#4.0.1
Running Terminology Log: /tmp/ohfu-fhir-ig-16283431881575198312.log
Connect to Terminology Server at http://tx.fhir.org                                                  (00:02.058 / 00:36.783, 1Gb)
Load Package hl7.fhir.pubpack#0.2.1
Load Package hl7.fhir.xver-extensions#0.1.0
Load Package hl7.terminology.r4#6.2.0
Load Package hl7.fhir.uv.extensions.r4#5.2.0
Load Package hl7.terminology.r4#3.1.0
Load Package hl7.fhir.dk.core#2.0.0
Load Package hl7.fhir.uv.tools.r4#0.3.0
Load R5 Specials
Initialization complete                                                                              (00:04.493 / 00:41.276, 795Mb)
Load Content                                                                                         (00:00.000 / 00:41.277, 795Mb)
Using en-US as the default narrative language. (no language information in Implementation Guide)     (00:00.091 / 00:41.368, 839Mb)
Process Loaded Resources                                                                             (00:03.456 / 00:44.825, 785Mb)
Generating Snapshots                                                                                 (00:01.882 / 00:46.707, 516Mb)
loadPrePages from FetchedFile[/tmp/dk.kip.rkkp.fhir.ig.core#0.1.6-milestone/fsh-generated/includes] as /tmp/dk.kip.rkkp.fhir.ig.core#0.1.6-milestone/fsh-generated/includes
loadPrePages from FetchedFile[/tmp/dk.kip.rkkp.fhir.ig.core#0.1.6-milestone/input/pagecontent] as /tmp/dk.kip.rkkp.fhir.ig.core#0.1.6-milestone/input/pagecontent
Fetch https://kip.rkkp.dk/fhir/package-list.json for version check                                   (00:00.050 / 00:46.758, 535Mb)
Processing Conformance Resources                                                                     (00:00.492 / 00:47.250, 640Mb)
Checking Language                                                                                    (00:00.000 / 00:47.250, 640Mb)
Load Dependency Info                                                                                 (00:00.009 / 00:47.260, 644Mb)
Load Info                                                                                            (00:00.002 / 00:47.262, 644Mb)
Load Paths                                                                                           (00:00.001 / 00:47.264, 645Mb)
Check R4 / R4B                                                                                       (00:00.001 / 00:47.265, 645Mb)
Assign Comparison Ids                                                                                (00:00.106 / 00:47.371, 687Mb)
Propagating status                                                                                   (00:00.001 / 00:47.372, 687Mb)
Generating Narratives                                                                                (00:00.000 / 00:47.373, 687Mb)
Validating Conformance Resources                                                                     (00:03.264 / 00:50.637, 1Gb)
Check profiles & code systems                                                                        (00:06.327 / 00:56.965, 1Gb)
Check realm rules                                                                                    (00:00.004 / 00:56.969, 1Gb)
Previous Version Comparison                                                                          (00:00.001 / 00:56.970, 1Gb)
Validating Resources                                                                                 (00:00.039 / 00:57.009, 1Gb)
Processing Provenance Records                                                                        (00:00.106 / 00:57.116, 1Gb)
Generating Outputs in /tmp/dk.kip.rkkp.fhir.ig.core#0.1.6-milestone/output                           (00:00.001 / 00:57.118, 1Gb)
Generate Native Outputs                                                                              (00:00.216 / 00:57.335, 1Gb)
Run Template                                                                                         (00:18.242 / 01:15.577, 1Gb)
Generate HTML Outputs                                                                                (00:01.619 / 01:17.197, 901Mb)
Generate Spreadsheets                                                                                (00:34.485 / 01:51.683, 1Gb)
Generate Summaries                                                                                   (00:00.407 / 01:52.090, 1Gb)
Generating Summary Outputs                                                                           (00:00.001 / 01:52.091, 1Gb)
Table of contents has a section with more than 222 entries.  Collapsing will not work reliably
DB Cumulative Time invested: 00:00:11.767
Sending Usage Stats to Server                                                                        (00:14.707 / 02:06.799, 760Mb)
## Memory (MB): Use = 760, Free = 995, Total = 1756, Max = 3998                                      (00:00.001 / 02:06.801, 760Mb)
Reclaiming memory...                                                                                 (00:00.001 / 02:06.802, 760Mb)
## Memory (MB): Use = 700, Free = 1055, Total = 1756, Max = 3998                                     (00:00.564 / 02:07.367, 701Mb)
Run jekyll: jekyll build --destination "/tmp/dk.kip.rkkp.fhir.ig.core#0.1.6-milestone/output" (in folder /tmp/dk.kip.rkkp.fhir.ig.core#0.1.6-milestone/temp/pages) (00:00.001 / 02:07.369, 701Mb)
Troubleshooting Note: usual cases for Jekyll to fail are:                                            (00:00.001 / 02:07.370, 701Mb)
* A failure to produce a fragment that is already logged in the output above                         (00:00.000 / 02:07.371, 701Mb)
* A reference to a manually edited file that hasn't been provided                                    (00:00.000 / 02:07.372, 701Mb)
Jekyll: Source: /tmp/dk.kip.rkkp.fhir.ig.core#0.1.6-milestone/temp/pages                             (00:00.366 / 02:07.738, 704Mb)
Jekyll: Generating...                                                                                (00:00.001 / 02:07.739, 704Mb)
Jekyll: done in 15.677 seconds.                                                                      (00:15.676 / 02:23.416, 706Mb)

Installing dk.kip.rkkp.fhir.ig.core#0.1.6
Checking Output HTML                                                                                 (00:04.444 / 02:27.861, 941Mb)
found 10340 files                                                                                    (00:00.083 / 02:27.944, 944Mb)
........................................
........................................
  ... 10340 html files, 0 pages invalid xhtml (0%)                                                   (00:25.207 / 02:53.152, 1Gb)
  ... 380730 links, 3 broken links (0%)                                                              (00:00.001 / 02:53.153, 1Gb)
Generate fragment-usage-analysis.csv                                                                 (00:00.000 / 02:53.154, 1Gb)
Build final .zip                                                                                     (00:00.006 / 02:53.160, 1Gb)
Final .zip built                                                                                     (00:04.076 / 02:57.236, 1Gb)
Built. Times: loading: 00:05.972, generate: 02:12.437, narrative generation: 00:03.263, realm-rules: 00:00.001, previous-version: 00:00.000, jekyll: 00:16.109, validation: 00:06.308 (#978), template: 00:01.622 (#3) (00:02.451 / 02:59.688, 1Gb)
Generating QA                                                                                        (00:00.001 / 02:59.689, 1Gb)
Validation output in /tmp/dk.kip.rkkp.fhir.ig.core#0.1.6-milestone/output/qa.html
Errors: 7, Warnings: 527, Info: 304, Broken Links: 3 (00:04.156 / 03:03.846, 861Mb)
Finished. Max Memory Used = 1Gb. Log file saved in /tmp/fhir-ig-publisher-tmp.log                    (00:00.165 / 03:04.011, 892Mb)
Keep a copy of the build directory at /tmp/web-root/run-20250313/ig-build-zips/dk.kip.rkkp.fhir.ig.core#0.1.6.zip

ok. All checks passed. Publish v0.1.6 to /tmp/web-root/run-20250313/fhir/0.1.6
Copy the IG to /tmp/web-root/run-20250313/fhir/0.1.6
Update /tmp/web-root/run-20250313/fhir/package-list.json
Publish Box Statement: This page is part of the KIP Infrastructure (v0.1.6: Release) based on <a no-external="true" href="http://hl7.org/fhir/R4">FHIR (HL7® FHIR® Standard) R4</a>. This is the current published version in its permanent home (it will always be available at this URL).  For a full list of available versions, see the <a no-external="true" href="https://kip.rkkp.dk/fhir/history.html">Directory of published versions</a>
  .. 5884 files checked, 5884 updated
  .. 978 redirections (978 created/updated)
This is a milestone release - publish v0.1.6 to /tmp/web-root/run-20250313/fhir
Publish Box Statement: This page is part of the KIP Infrastructure (v0.1.6: Release) based on <a no-external="true" href="http://hl7.org/fhir/R4">FHIR (HL7® FHIR® Standard) R4</a>. This is the current published version.  For a full list of available versions, see the <a no-external="true" href="https://kip.rkkp.dk/fhir/history.html">Directory of published versions</a>
  .. 5884 files checked, 5884 updated
  .. 978 redirections (978 created/updated)
Check for Files to delete
  ... 0 files
Copy to new IG /tmp/web-root/run-20250313/fhir
Error in package-list.json:path to build.fhir.org should not use https://
dk.kip.rkkp.fhir.ig.core (https://kip.rkkp.dk/fhir): KIP Infrastructure @ http://build.fhir.org/ig/kip-infrastructure/implementation-guide
  release: Releases 0.1.6/4.0.1 @ https://kip.rkkp.dk/fhir/0.1.6
Build is complete. Copy from /tmp/web-root/run-20250313
Update history page at /tmp/web-root/run-20250313/fhir from /__w/implementation-guide/implementation-guide/history and web/templates
